<?xml version="1.0" encoding="utf-8"?>
<TestRun id="5d7f69df-1060-4e9d-b041-0559bc694065" name="Johan@DESKTOP-388F6FT 2026-08-31 07:06:19" runUser="DESKTOP-388F6FT\Johan" xmlns="http://microsoft.com/schemas/VisualStudio/TeamTest/2010">
  <Times creation="2026-08-31T07:06:19.3920210+02:00" queuing="2026-08-31T07:06:19.3920212+02:00" start="2026-08-31T07:06:19.0386317+02:00" finish="2026-08-31T07:06:19.4073334+02:00" />
  <TestSettings name="default" id="4b94265f-e05f-466a-a19f-b6c07dd8a186">
    <Deployment runDeploymentRoot="Johan_DESKTOP-388F6FT_2026-08-31_07_06_19" />
  </TestSettings>
  <Results>
    <UnitTestResult executionId="8cbd0ba6-3d5d-42d3-be4e-75ab6f6ebcab" testId="973448d0-45d0-e824-bc45-d91132d70a3b" testName="VirtualCompany.Web.Tests.ComplianceCalendarSurfaceTests.Calendar_is_routed_and_responsive" computerName="DESKTOP-388F6FT" duration="00:00:00.0005955" startTime="2026-08-31T07:06:19.3793204+02:00" endTime="2026-08-31T07:06:19.3793204+02:00" testType="13cdc9d9-ddb5-4fa4-a97d-d965ccfc6d4b" outcome="Passed" testListId="8c84fa94-04c1-424b-9868-57a2d4851a1d" relativeResultsDirectory="8cbd0ba6-3d5d-42d3-be4e-75ab6f6ebcab" />
    <UnitTestResult executionId="8809f48f-3f7c-475c-b02e-aa2caf5390ba" testId="ec595f0f-5dbe-9104-6ff4-50bfdc47d3fd" testName="VirtualCompany.Web.Tests.AuditPackagesSurfaceTests.Screenshot_first_reference_is_saved" computerName="DESKTOP-388F6FT" duration="00:00:00.0023560" startTime="2026-08-31T07:06:19.3659533+02:00" endTime="2026-08-31T07:06:19.3659622+02:00" testType="13cdc9d9-ddb5-4fa4-a97d-d965ccfc6d4b" outcome="Passed" testListId="8c84fa94-04c1-424b-9868-57a2d4851a1d" relativeResultsDirectory="8809f48f-3f7c-475c-b02e-aa2caf5390ba" />
    <UnitTestResult executionId="78d6e477-871e-4a98-b1b9-ef59c5582e5d" testId="3a63f910-97ab-30b3-5b5a-84894f7817cd" testName="VirtualCompany.Web.Tests.AccountingCloseWorkspaceSurfaceTests.Cockpit_exposes_current_evidence_dependencies_safe_actions_and_all_close_areas" computerName="DESKTOP-388F6FT" duration="00:00:00.0023441" startTime="2026-08-31T07:06:19.3670837+02:00" endTime="2026-08-31T07:06:19.3670838+02:00" testType="13cdc9d9-ddb5-4fa4-a97d-d965ccfc6d4b" outcome="Passed" testListId="8c84fa94-04c1-424b-9868-57a2d4851a1d" relativeResultsDirectory="78d6e477-871e-4a98-b1b9-ef59c5582e5d" />
    <UnitTestResult executionId="58a21da4-c966-4ebb-8656-17dc6a76abb1" testId="a43d48c8-3129-56dc-62e0-48a8b2be641f" testName="VirtualCompany.Web.Tests.YearEndRolloverSurfaceTests.Screenshot_first_reference_and_prompt_are_retained" computerName="DESKTOP-388F6FT" duration="00:00:00.0003669" startTime="2026-08-31T07:06:19.3792606+02:00" endTime="2026-08-31T07:06:19.3792607+02:00" testType="13cdc9d9-ddb5-4fa4-a97d-d965ccfc6d4b" outcome="Passed" testListId="8c84fa94-04c1-424b-9868-57a2d4851a1d" relativeResultsDirectory="58a21da4-c966-4ebb-8656-17dc6a76abb1" />
    <UnitTestResult executionId="949ec169-3da4-4e85-96bf-5f85025fb8d4" testId="095eeec1-42ea-9eed-cf72-c5ad91e75ba2" testName="VirtualCompany.Web.Tests.AccountantPortfolioSurfaceTests.Portfolio_exposes_explicit_grant_risk_evidence_and_separation_of_duties_states" computerName="DESKTOP-388F6FT" duration="00:00:00.0006350" startTime="2026-08-31T07:06:19.3793347+02:00" endTime="2026-08-31T07:06:19.3793347+02:00" testType="13cdc9d9-ddb5-4fa4-a97d-d965ccfc6d4b" outcome="Passed" testListId="8c84fa94-04c1-424b-9868-57a2d4851a1d" relativeResultsDirectory="949ec169-3da4-4e85-96bf-5f85025fb8d4" />
    <UnitTestResult executionId="51cf6592-a61b-43fb-8108-18eb0b27c33b" testId="fc97d959-1b78-ead3-d3d8-c5de09dc08e0" testName="VirtualCompany.Web.Tests.AccountantPortfolioSurfaceTests.Screenshot_first_reference_is_saved" computerName="DESKTOP-388F6FT" duration="00:00:00.0024011" startTime="2026-08-31T07:06:19.3669689+02:00" endTime="2026-08-31T07:06:19.3669689+02:00" testType="13cdc9d9-ddb5-4fa4-a97d-d965ccfc6d4b" outcome="Passed" testListId="8c84fa94-04c1-424b-9868-57a2d4851a1d" relativeResultsDirectory="51cf6592-a61b-43fb-8108-18eb0b27c33b" />
    <UnitTestResult executionId="cd69b2c7-85d4-451b-9ce7-ccf1be890aa8" testId="ef7040a6-d851-eb5d-3150-99d6ca23a429" testName="VirtualCompany.Web.Tests.AccountingCloseWorkspaceSurfaceTests.Typed_client_preserves_company_scope_evidence_versions_and_backend_problem_reason" computerName="DESKTOP-388F6FT" duration="00:00:00.0008620" startTime="2026-08-31T07:06:19.3793407+02:00" endTime="2026-08-31T07:06:19.3793408+02:00" testType="13cdc9d9-ddb5-4fa4-a97d-d965ccfc6d4b" outcome="Passed" testListId="8c84fa94-04c1-424b-9868-57a2d4851a1d" relativeResultsDirectory="cd69b2c7-85d4-451b-9ce7-ccf1be890aa8" />
    <UnitTestResult executionId="368038d4-488a-4d89-8bb5-48c7f2133d34" testId="5a7a3d27-c623-5ffc-feda-3c9f67a1513c" testName="VirtualCompany.Web.Tests.AccountingCloseWorkspaceSurfaceTests.English_swedish_narrow_accessibility_and_screenshot_first_assets_are_retained" computerName="DESKTOP-388F6FT" duration="00:00:00.0019916" startTime="2026-08-31T07:06:19.3793756+02:00" endTime="2026-08-31T07:06:19.3793756+02:00" testType="13cdc9d9-ddb5-4fa4-a97d-d965ccfc6d4b" outcome="Passed" testListId="8c84fa94-04c1-424b-9868-57a2d4851a1d" relativeResultsDirectory="368038d4-488a-4d89-8bb5-48c7f2133d34" />
    <UnitTestResult executionId="7bdffc1f-e655-49a2-a5a8-e509541bdaac" testId="392dc028-0a40-66b5-327e-b0b57bfacaaa" testName="VirtualCompany.Web.Tests.ComplianceCalendarSurfaceTests.Calendar_surface_preserves_evidence_state_boundaries" computerName="DESKTOP-388F6FT" duration="00:00:00.0023767" startTime="2026-08-31T07:06:19.3670893+02:00" endTime="2026-08-31T07:06:19.3670893+02:00" testType="13cdc9d9-ddb5-4fa4-a97d-d965ccfc6d4b" outcome="Passed" testListId="8c84fa94-04c1-424b-9868-57a2d4851a1d" relativeResultsDirectory="7bdffc1f-e655-49a2-a5a8-e509541bdaac" />
    <UnitTestResult executionId="d16dde92-7543-44ca-989b-99a41a8fe435" testId="b4f9e9c3-351f-e8da-e632-429cf6988554" testName="VirtualCompany.Web.Tests.YearEndRolloverSurfaceTests.Workspace_exposes_readiness_approval_reconciliation_and_subsequent_event_states" computerName="DESKTOP-388F6FT" duration="00:00:00.0023661" startTime="2026-08-31T07:06:19.3670921+02:00" endTime="2026-08-31T07:06:19.3670921+02:00" testType="13cdc9d9-ddb5-4fa4-a97d-d965ccfc6d4b" outcome="Passed" testListId="8c84fa94-04c1-424b-9868-57a2d4851a1d" relativeResultsDirectory="d16dde92-7543-44ca-989b-99a41a8fe435" />
    <UnitTestResult executionId="02009e0a-0789-40af-9f6c-e3d306af8e58" testId="d0954b3c-0dac-bba4-658b-a51469c0f0df" testName="VirtualCompany.Web.Tests.AuditPackagesSurfaceTests.Workspace_exposes_frozen_scope_integrity_and_incomplete_evidence_states" computerName="DESKTOP-388F6FT" duration="00:00:00.0007968" startTime="2026-08-31T07:06:19.3793279+02:00" endTime="2026-08-31T07:06:19.3793279+02:00" testType="13cdc9d9-ddb5-4fa4-a97d-d965ccfc6d4b" outcome="Passed" testListId="8c84fa94-04c1-424b-9868-57a2d4851a1d" relativeResultsDirectory="02009e0a-0789-40af-9f6c-e3d306af8e58" />
  </Results>
  <TestDefinitions>
    <UnitTest name="VirtualCompany.Web.Tests.AccountingCloseWorkspaceSurfaceTests.Typed_client_preserves_company_scope_evidence_versions_and_backend_problem_reason" storage="c:\users\johan\source\repos\virtual company\tests\virtualcompany.web.tests\bin\release\net9.0\virtualcompany.web.tests.dll" id="ef7040a6-d851-eb5d-3150-99d6ca23a429">
      <Execution id="cd69b2c7-85d4-451b-9ce7-ccf1be890aa8" />
      <TestMethod codeBase="C:\Users\Johan\source\repos\Virtual Company\tests\VirtualCompany.Web.Tests\bin\Release\net9.0\VirtualCompany.Web.Tests.dll" adapterTypeName="executor://xunit/VsTestRunner2/netcoreapp" className="VirtualCompany.Web.Tests.AccountingCloseWorkspaceSurfaceTests" name="Typed_client_preserves_company_scope_evidence_versions_and_backend_problem_reason" />
    </UnitTest>
    <UnitTest name="VirtualCompany.Web.Tests.ComplianceCalendarSurfaceTests.Calendar_is_routed_and_responsive" storage="c:\users\johan\source\repos\virtual company\tests\virtualcompany.web.tests\bin\release\net9.0\virtualcompany.web.tests.dll" id="973448d0-45d0-e824-bc45-d91132d70a3b">
      <Execution id="8cbd0ba6-3d5d-42d3-be4e-75ab6f6ebcab" />
      <TestMethod codeBase="C:\Users\Johan\source\repos\Virtual Company\tests\VirtualCompany.Web.Tests\bin\Release\net9.0\VirtualCompany.Web.Tests.dll" adapterTypeName="executor://xunit/VsTestRunner2/netcoreapp" className="VirtualCompany.Web.Tests.ComplianceCalendarSurfaceTests" name="Calendar_is_routed_and_responsive" />
    </UnitTest>
    <UnitTest name="VirtualCompany.Web.Tests.YearEndRolloverSurfaceTests.Workspace_exposes_readiness_approval_reconciliation_and_subsequent_event_states" storage="c:\users\johan\source\repos\virtual company\tests\virtualcompany.web.tests\bin\release\net9.0\virtualcompany.web.tests.dll" id="b4f9e9c3-351f-e8da-e632-429cf6988554">
      <Execution id="d16dde92-7543-44ca-989b-99a41a8fe435" />
      <TestMethod codeBase="C:\Users\Johan\source\repos\Virtual Company\tests\VirtualCompany.Web.Tests\bin\Release\net9.0\VirtualCompany.Web.Tests.dll" adapterTypeName="executor://xunit/VsTestRunner2/netcoreapp" className="VirtualCompany.Web.Tests.YearEndRolloverSurfaceTests" name="Workspace_exposes_readiness_approval_reconciliation_and_subsequent_event_states" />
    </UnitTest>
    <UnitTest name="VirtualCompany.Web.Tests.AccountantPortfolioSurfaceTests.Portfolio_exposes_explicit_grant_risk_evidence_and_separation_of_duties_states" storage="c:\users\johan\source\repos\virtual company\tests\virtualcompany.web.tests\bin\release\net9.0\virtualcompany.web.tests.dll" id="095eeec1-42ea-9eed-cf72-c5ad91e75ba2">
      <Execution id="949ec169-3da4-4e85-96bf-5f85025fb8d4" />
      <TestMethod codeBase="C:\Users\Johan\source\repos\Virtual Company\tests\VirtualCompany.Web.Tests\bin\Release\net9.0\VirtualCompany.Web.Tests.dll" adapterTypeName="executor://xunit/VsTestRunner2/netcoreapp" className="VirtualCompany.Web.Tests.AccountantPortfolioSurfaceTests" name="Portfolio_exposes_explicit_grant_risk_evidence_and_separation_of_duties_states" />
    </UnitTest>
    <UnitTest name="VirtualCompany.Web.Tests.YearEndRolloverSurfaceTests.Screenshot_first_reference_and_prompt_are_retained" storage="c:\users\johan\source\repos\virtual company\tests\virtualcompany.web.tests\bin\release\net9.0\virtualcompany.web.tests.dll" id="a43d48c8-3129-56dc-62e0-48a8b2be641f">
      <Execution id="58a21da4-c966-4ebb-8656-17dc6a76abb1" />
      <TestMethod codeBase="C:\Users\Johan\source\repos\Virtual Company\tests\VirtualCompany.Web.Tests\bin\Release\net9.0\VirtualCompany.Web.Tests.dll" adapterTypeName="executor://xunit/VsTestRunner2/netcoreapp" className="VirtualCompany.Web.Tests.YearEndRolloverSurfaceTests" name="Screenshot_first_reference_and_prompt_are_retained" />
    </UnitTest>
    <UnitTest name="VirtualCompany.Web.Tests.AuditPackagesSurfaceTests.Workspace_exposes_frozen_scope_integrity_and_incomplete_evidence_states" storage="c:\users\johan\source\repos\virtual company\tests\virtualcompany.web.tests\bin\release\net9.0\virtualcompany.web.tests.dll" id="d0954b3c-0dac-bba4-658b-a51469c0f0df">
      <Execution id="02009e0a-0789-40af-9f6c-e3d306af8e58" />
      <TestMethod codeBase="C:\Users\Johan\source\repos\Virtual Company\tests\VirtualCompany.Web.Tests\bin\Release\net9.0\VirtualCompany.Web.Tests.dll" adapterTypeName="executor://xunit/VsTestRunner2/netcoreapp" className="VirtualCompany.Web.Tests.AuditPackagesSurfaceTests" name="Workspace_exposes_frozen_scope_integrity_and_incomplete_evidence_states" />
    </UnitTest>
    <UnitTest name="VirtualCompany.Web.Tests.AuditPackagesSurfaceTests.Screenshot_first_reference_is_saved" storage="c:\users\johan\source\repos\virtual company\tests\virtualcompany.web.tests\bin\release\net9.0\virtualcompany.web.tests.dll" id="ec595f0f-5dbe-9104-6ff4-50bfdc47d3fd">
      <Execution id="8809f48f-3f7c-475c-b02e-aa2caf5390ba" />
      <TestMethod codeBase="C:\Users\Johan\source\repos\Virtual Company\tests\VirtualCompany.Web.Tests\bin\Release\net9.0\VirtualCompany.Web.Tests.dll" adapterTypeName="executor://xunit/VsTestRunner2/netcoreapp" className="VirtualCompany.Web.Tests.AuditPackagesSurfaceTests" name="Screenshot_first_reference_is_saved" />
    </UnitTest>
    <UnitTest name="VirtualCompany.Web.Tests.ComplianceCalendarSurfaceTests.Calendar_surface_preserves_evidence_state_boundaries" storage="c:\users\johan\source\repos\virtual company\tests\virtualcompany.web.tests\bin\release\net9.0\virtualcompany.web.tests.dll" id="392dc028-0a40-66b5-327e-b0b57bfacaaa">
      <Execution id="7bdffc1f-e655-49a2-a5a8-e509541bdaac" />
      <TestMethod codeBase="C:\Users\Johan\source\repos\Virtual Company\tests\VirtualCompany.Web.Tests\bin\Release\net9.0\VirtualCompany.Web.Tests.dll" adapterTypeName="executor://xunit/VsTestRunner2/netcoreapp" className="VirtualCompany.Web.Tests.ComplianceCalendarSurfaceTests" name="Calendar_surface_preserves_evidence_state_boundaries" />
    </UnitTest>
    <UnitTest name="VirtualCompany.Web.Tests.AccountantPortfolioSurfaceTests.Screenshot_first_reference_is_saved" storage="c:\users\johan\source\repos\virtual company\tests\virtualcompany.web.tests\bin\release\net9.0\virtualcompany.web.tests.dll" id="fc97d959-1b78-ead3-d3d8-c5de09dc08e0">
      <Execution id="51cf6592-a61b-43fb-8108-18eb0b27c33b" />
      <TestMethod codeBase="C:\Users\Johan\source\repos\Virtual Company\tests\VirtualCompany.Web.Tests\bin\Release\net9.0\VirtualCompany.Web.Tests.dll" adapterTypeName="executor://xunit/VsTestRunner2/netcoreapp" className="VirtualCompany.Web.Tests.AccountantPortfolioSurfaceTests" name="Screenshot_first_reference_is_saved" />
    </UnitTest>
    <UnitTest name="VirtualCompany.Web.Tests.AccountingCloseWorkspaceSurfaceTests.English_swedish_narrow_accessibility_and_screenshot_first_assets_are_retained" storage="c:\users\johan\source\repos\virtual company\tests\virtualcompany.web.tests\bin\release\net9.0\virtualcompany.web.tests.dll" id="5a7a3d27-c623-5ffc-feda-3c9f67a1513c">
      <Execution id="368038d4-488a-4d89-8bb5-48c7f2133d34" />
      <TestMethod codeBase="C:\Users\Johan\source\repos\Virtual Company\tests\VirtualCompany.Web.Tests\bin\Release\net9.0\VirtualCompany.Web.Tests.dll" adapterTypeName="executor://xunit/VsTestRunner2/netcoreapp" className="VirtualCompany.Web.Tests.AccountingCloseWorkspaceSurfaceTests" name="English_swedish_narrow_accessibility_and_screenshot_first_assets_are_retained" />
    </UnitTest>
    <UnitTest name="VirtualCompany.Web.Tests.AccountingCloseWorkspaceSurfaceTests.Cockpit_exposes_current_evidence_dependencies_safe_actions_and_all_close_areas" storage="c:\users\johan\source\repos\virtual company\tests\virtualcompany.web.tests\bin\release\net9.0\virtualcompany.web.tests.dll" id="3a63f910-97ab-30b3-5b5a-84894f7817cd">
      <Execution id="78d6e477-871e-4a98-b1b9-ef59c5582e5d" />
      <TestMethod codeBase="C:\Users\Johan\source\repos\Virtual Company\tests\VirtualCompany.Web.Tests\bin\Release\net9.0\VirtualCompany.Web.Tests.dll" adapterTypeName="executor://xunit/VsTestRunner2/netcoreapp" className="VirtualCompany.Web.Tests.AccountingCloseWorkspaceSurfaceTests" name="Cockpit_exposes_current_evidence_dependencies_safe_actions_and_all_close_areas" />
    </UnitTest>
  </TestDefinitions>
  <TestEntries>
    <TestEntry testId="973448d0-45d0-e824-bc45-d91132d70a3b" executionId="8cbd0ba6-3d5d-42d3-be4e-75ab6f6ebcab" testListId="8c84fa94-04c1-424b-9868-57a2d4851a1d" />
    <TestEntry testId="ec595f0f-5dbe-9104-6ff4-50bfdc47d3fd" executionId="8809f48f-3f7c-475c-b02e-aa2caf5390ba" testListId="8c84fa94-04c1-424b-9868-57a2d4851a1d" />
    <TestEntry testId="3a63f910-97ab-30b3-5b5a-84894f7817cd" executionId="78d6e477-871e-4a98-b1b9-ef59c5582e5d" testListId="8c84fa94-04c1-424b-9868-57a2d4851a1d" />
    <TestEntry testId="a43d48c8-3129-56dc-62e0-48a8b2be641f" executionId="58a21da4-c966-4ebb-8656-17dc6a76abb1" testListId="8c84fa94-04c1-424b-9868-57a2d4851a1d" />
    <TestEntry testId="095eeec1-42ea-9eed-cf72-c5ad91e75ba2" executionId="949ec169-3da4-4e85-96bf-5f85025fb8d4" testListId="8c84fa94-04c1-424b-9868-57a2d4851a1d" />
    <TestEntry testId="fc97d959-1b78-ead3-d3d8-c5de09dc08e0" executionId="51cf6592-a61b-43fb-8108-18eb0b27c33b" testListId="8c84fa94-04c1-424b-9868-57a2d4851a1d" />
    <TestEntry testId="ef7040a6-d851-eb5d-3150-99d6ca23a429" executionId="cd69b2c7-85d4-451b-9ce7-ccf1be890aa8" testListId="8c84fa94-04c1-424b-9868-57a2d4851a1d" />
    <TestEntry testId="5a7a3d27-c623-5ffc-feda-3c9f67a1513c" executionId="368038d4-488a-4d89-8bb5-48c7f2133d34" testListId="8c84fa94-04c1-424b-9868-57a2d4851a1d" />
    <TestEntry testId="392dc028-0a40-66b5-327e-b0b57bfacaaa" executionId="7bdffc1f-e655-49a2-a5a8-e509541bdaac" testListId="8c84fa94-04c1-424b-9868-57a2d4851a1d" />
    <TestEntry testId="b4f9e9c3-351f-e8da-e632-429cf6988554" executionId="d16dde92-7543-44ca-989b-99a41a8fe435" testListId="8c84fa94-04c1-424b-9868-57a2d4851a1d" />
    <TestEntry testId="d0954b3c-0dac-bba4-658b-a51469c0f0df" executionId="02009e0a-0789-40af-9f6c-e3d306af8e58" testListId="8c84fa94-04c1-424b-9868-57a2d4851a1d" />
  </TestEntries>
  <TestLists>
    <TestList name="Results Not in a List" id="8c84fa94-04c1-424b-9868-57a2d4851a1d" />
    <TestList name="All Loaded Results" id="19431567-8539-422a-85d7-44ee4e166bda" />
  </TestLists>
  <ResultSummary outcome="Completed">
    <Counters total="11" executed="11" passed="11" failed="0" error="0" timeout="0" aborted="0" inconclusive="0" passedButRunAborted="0" notRunnable="0" notExecuted="0" disconnected="0" warning="0" completed="0" inProgress="0" pending="0" />
    <Output>
      <StdOut>[xUnit.net 00:00:00.00] xUnit.net VSTest Adapter v2.8.2+699d445a1a (64-bit .NET 9.0.5)&#xD;
[xUnit.net 00:00:00.04]   Discovering: VirtualCompany.Web.Tests&#xD;
[xUnit.net 00:00:00.09]   Discovered:  VirtualCompany.Web.Tests&#xD;
[xUnit.net 00:00:00.09]   Starting:    VirtualCompany.Web.Tests&#xD;
[xUnit.net 00:00:00.13]   Finished:    VirtualCompany.Web.Tests&#xD;
</StdOut>
    </Output>
  </ResultSummary>
</TestRun>