<?xml version="1.0" encoding="utf-8"?>
<TestRun id="92bd6aaa-e3d4-4d1c-90fd-7ed3d9ad6973" name="Johan@DESKTOP-388F6FT 2026-08-30 10:08:19" runUser="DESKTOP-388F6FT\Johan" xmlns="http://microsoft.com/schemas/VisualStudio/TeamTest/2010">
  <Times creation="2026-08-30T10:08:19.2428503+02:00" queuing="2026-08-30T10:08:19.2428506+02:00" start="2026-08-30T10:08:12.8670321+02:00" finish="2026-08-30T10:08:19.2454926+02:00" />
  <TestSettings name="default" id="2bef2727-63d4-4685-8ed9-a2eeb5ab24fb">
    <Deployment runDeploymentRoot="Johan_DESKTOP-388F6FT_2026-08-30_10_08_19" />
  </TestSettings>
  <Results>
    <UnitTestResult executionId="c03e9cd2-f52a-4228-94b1-b926c23ba9a5" testId="e2ef3169-dade-1ca1-6e47-f0121e8e5e60" testName="VirtualCompany.Finance.Tests.FinanceInsightMigrationCompatibilityTests.Finance_insights_tolerate_missing_planning_tables_on_pre_planning_schema" computerName="DESKTOP-388F6FT" duration="00:00:05.9725862" startTime="2026-08-30T10:08:19.1754624+02:00" endTime="2026-08-30T10:08:19.1754708+02:00" testType="13cdc9d9-ddb5-4fa4-a97d-d965ccfc6d4b" outcome="Passed" testListId="8c84fa94-04c1-424b-9868-57a2d4851a1d" relativeResultsDirectory="c03e9cd2-f52a-4228-94b1-b926c23ba9a5" />
  </Results>
  <TestDefinitions>
    <UnitTest name="VirtualCompany.Finance.Tests.FinanceInsightMigrationCompatibilityTests.Finance_insights_tolerate_missing_planning_tables_on_pre_planning_schema" storage="c:\users\johan\source\repos\virtual company\tests\virtualcompany.finance.tests\bin\debug\net9.0\virtualcompany.finance.tests.dll" id="e2ef3169-dade-1ca1-6e47-f0121e8e5e60">
      <Properties>
        <Property Key="Category" Value="SqlServer" />
      </Properties>
      <Execution id="c03e9cd2-f52a-4228-94b1-b926c23ba9a5" />
      <TestMethod codeBase="C:\Users\Johan\source\repos\Virtual Company\tests\VirtualCompany.Finance.Tests\bin\Debug\net9.0\VirtualCompany.Finance.Tests.dll" adapterTypeName="executor://xunit/VsTestRunner2/netcoreapp" className="VirtualCompany.Finance.Tests.FinanceInsightMigrationCompatibilityTests" name="Finance_insights_tolerate_missing_planning_tables_on_pre_planning_schema" />
    </UnitTest>
  </TestDefinitions>
  <TestEntries>
    <TestEntry testId="e2ef3169-dade-1ca1-6e47-f0121e8e5e60" executionId="c03e9cd2-f52a-4228-94b1-b926c23ba9a5" testListId="8c84fa94-04c1-424b-9868-57a2d4851a1d" />
  </TestEntries>
  <TestLists>
    <TestList name="Results Not in a List" id="8c84fa94-04c1-424b-9868-57a2d4851a1d" />
    <TestList name="All Loaded Results" id="19431567-8539-422a-85d7-44ee4e166bda" />
  </TestLists>
  <ResultSummary outcome="Completed">
    <Counters total="1" executed="1" passed="1" failed="0" error="0" timeout="0" aborted="0" inconclusive="0" passedButRunAborted="0" notRunnable="0" notExecuted="0" disconnected="0" warning="0" completed="0" inProgress="0" pending="0" />
    <Output>
      <StdOut>[xUnit.net 00:00:00.00] xUnit.net VSTest Adapter v2.8.2+699d445a1a (64-bit .NET 9.0.5)&#xD;
[xUnit.net 00:00:00.05]   Discovering: VirtualCompany.Finance.Tests&#xD;
[xUnit.net 00:00:00.10]   Discovered:  VirtualCompany.Finance.Tests&#xD;
[xUnit.net 00:00:00.10]   Starting:    VirtualCompany.Finance.Tests&#xD;
[xUnit.net 00:00:06.09]   Finished:    VirtualCompany.Finance.Tests&#xD;
</StdOut>
    </Output>
  </ResultSummary>
</TestRun>