<?xml version="1.0" encoding="utf-8"?>
<TestRun id="d12be016-eccb-44be-968a-5b13557abbab" name="Johan@DESKTOP-388F6FT 2026-08-30 09:57:56" runUser="DESKTOP-388F6FT\Johan" xmlns="http://microsoft.com/schemas/VisualStudio/TeamTest/2010">
  <Times creation="2026-08-30T09:57:56.6347101+02:00" queuing="2026-08-30T09:57:56.6347103+02:00" start="2026-08-30T09:57:23.1129697+02:00" finish="2026-08-30T09:57:56.6372694+02:00" />
  <TestSettings name="default" id="93c33b5b-7442-4e17-aab0-fd99fe3831fb">
    <Deployment runDeploymentRoot="Johan_DESKTOP-388F6FT_2026-08-30_09_57_56" />
  </TestSettings>
  <Results>
    <UnitTestResult executionId="baff98b4-858f-4f0e-adf2-9d500009cf0f" testId="1e94a262-faea-c5e2-0998-8afe3d21d3c1" testName="VirtualCompany.Api.Tests.AccountingCloseMigrationSqlServerTests.Representative_P3_upgrade_adds_close_layers_without_replaying_prior_schema" computerName="DESKTOP-388F6FT" duration="00:00:32.7499952" startTime="2026-08-30T09:57:56.4955161+02:00" endTime="2026-08-30T09:57:56.4955238+02:00" testType="13cdc9d9-ddb5-4fa4-a97d-d965ccfc6d4b" outcome="Passed" testListId="8c84fa94-04c1-424b-9868-57a2d4851a1d" relativeResultsDirectory="baff98b4-858f-4f0e-adf2-9d500009cf0f" />
  </Results>
  <TestDefinitions>
    <UnitTest name="VirtualCompany.Api.Tests.AccountingCloseMigrationSqlServerTests.Representative_P3_upgrade_adds_close_layers_without_replaying_prior_schema" storage="c:\users\johan\source\repos\virtual company\tests\virtualcompany.api.tests\bin\debug\net9.0\virtualcompany.api.tests.dll" id="1e94a262-faea-c5e2-0998-8afe3d21d3c1">
      <Properties>
        <Property Key="Category" Value="SqlServer" />
      </Properties>
      <Execution id="baff98b4-858f-4f0e-adf2-9d500009cf0f" />
      <TestMethod codeBase="C:\Users\Johan\source\repos\Virtual Company\tests\VirtualCompany.Api.Tests\bin\Debug\net9.0\VirtualCompany.Api.Tests.dll" adapterTypeName="executor://xunit/VsTestRunner2/netcoreapp" className="VirtualCompany.Api.Tests.AccountingCloseMigrationSqlServerTests" name="Representative_P3_upgrade_adds_close_layers_without_replaying_prior_schema" />
    </UnitTest>
  </TestDefinitions>
  <TestEntries>
    <TestEntry testId="1e94a262-faea-c5e2-0998-8afe3d21d3c1" executionId="baff98b4-858f-4f0e-adf2-9d500009cf0f" testListId="8c84fa94-04c1-424b-9868-57a2d4851a1d" />
  </TestEntries>
  <TestLists>
    <TestList name="Results Not in a List" id="8c84fa94-04c1-424b-9868-57a2d4851a1d" />
    <TestList name="All Loaded Results" id="19431567-8539-422a-85d7-44ee4e166bda" />
  </TestLists>
  <ResultSummary outcome="Completed">
    <Counters total="1" executed="1" passed="1" failed="0" error="0" timeout="0" aborted="0" inconclusive="0" passedButRunAborted="0" notRunnable="0" notExecuted="0" disconnected="0" warning="0" completed="0" inProgress="0" pending="0" />
    <Output>
      <StdOut>[xUnit.net 00:00:00.00] xUnit.net VSTest Adapter v2.8.2+699d445a1a (64-bit .NET 9.0.5)&#xD;
[xUnit.net 00:00:00.13]   Discovering: VirtualCompany.Api.Tests&#xD;
[xUnit.net 00:00:00.29]   Discovered:  VirtualCompany.Api.Tests&#xD;
[xUnit.net 00:00:00.30]   Starting:    VirtualCompany.Api.Tests&#xD;
[xUnit.net 00:00:33.07]   Finished:    VirtualCompany.Api.Tests&#xD;
</StdOut>
    </Output>
  </ResultSummary>
</TestRun>