<?xml version="1.0" encoding="utf-8"?>
<TestRun id="0911ba59-3cde-498d-8a0e-f65042c780cd" name="Johan@DESKTOP-388F6FT 2026-08-31 07:39:10" runUser="DESKTOP-388F6FT\CodexSandboxOffline" xmlns="http://microsoft.com/schemas/VisualStudio/TeamTest/2010">
  <Times creation="2026-08-31T07:39:10.7965809+02:00" queuing="2026-08-31T07:39:10.7965811+02:00" start="2026-08-31T07:39:10.4310256+02:00" finish="2026-08-31T07:40:12.6832891+02:00" />
  <TestSettings name="default" id="2067f7b5-99af-49c9-b7df-cbd8806ef83f">
    <Deployment runDeploymentRoot="Johan_DESKTOP-388F6FT_2026-08-31_07_39_10" />
  </TestSettings>
  <Results>
    <UnitTestResult executionId="356fbae5-766f-4c60-b5db-6a3357212798" testId="41daab8b-7cd7-9748-323c-644c8fec7362" testName="VirtualCompany.Finance.Tests.SwedishVatAccountingPolicyTests.Every_checked_in_decision_fixture_executes_against_the_runtime_policy" computerName="DESKTOP-388F6FT" duration="00:00:00.0016882" startTime="2026-08-31T07:39:43.0514154+02:00" endTime="2026-08-31T07:39:43.0514155+02:00" testType="13cdc9d9-ddb5-4fa4-a97d-d965ccfc6d4b" outcome="Passed" testListId="8c84fa94-04c1-424b-9868-57a2d4851a1d" relativeResultsDirectory="356fbae5-766f-4c60-b5db-6a3357212798" />
    <UnitTestResult executionId="cda39cfb-7c2e-4810-9da3-11d5242a3274" testId="2c53bd35-305f-d737-b11f-a4fe6513da1e" testName="VirtualCompany.Finance.Tests.ForeignCurrencySettlementPolicyTests.Final_incoming_settlement_at_second_rate_absorbs_exact_functional_residual_and_recognizes_loss" computerName="DESKTOP-388F6FT" duration="00:00:00.0001410" startTime="2026-08-31T07:39:15.0146904+02:00" endTime="2026-08-31T07:39:15.0146904+02:00" testType="13cdc9d9-ddb5-4fa4-a97d-d965ccfc6d4b" outcome="Passed" testListId="8c84fa94-04c1-424b-9868-57a2d4851a1d" relativeResultsDirectory="cda39cfb-7c2e-4810-9da3-11d5242a3274" />
    <UnitTestResult executionId="29791e20-3e76-4793-8d19-cb4cf2a6c54f" testId="bc104911-879f-dcf7-d9bd-f3e0512eea1d" testName="VirtualCompany.Finance.Tests.AccountingCloseServiceTests.Close_entities_are_tenant_filtered" computerName="DESKTOP-388F6FT" duration="00:00:09.1045756" startTime="2026-08-31T07:39:50.5108975+02:00" endTime="2026-08-31T07:39:50.5108976+02:00" testType="13cdc9d9-ddb5-4fa4-a97d-d965ccfc6d4b" outcome="Passed" testListId="8c84fa94-04c1-424b-9868-57a2d4851a1d" relativeResultsDirectory="29791e20-3e76-4793-8d19-cb4cf2a6c54f" />
    <UnitTestResult executionId="5f188461-2568-4e5b-bed4-496e85441336" testId="5fc6392c-b774-3aac-a213-84d71bf6f86c" testName="VirtualCompany.Finance.Tests.B2BRouterPeppolDeliveryTests.Directory_contract_classifies_participant_and_retry_evidence(statusCode: OK, expectedStatus: &quot;valid&quot;, expectedRetryable: False)" computerName="DESKTOP-388F6FT" duration="00:00:00.0000007" startTime="2026-08-31T07:39:10.7889641+02:00" endTime="2026-08-31T07:39:10.7889641+02:00" testType="13cdc9d9-ddb5-4fa4-a97d-d965ccfc6d4b" outcome="Passed" testListId="8c84fa94-04c1-424b-9868-57a2d4851a1d" relativeResultsDirectory="5f188461-2568-4e5b-bed4-496e85441336" />
    <UnitTestResult executionId="bfb4aa12-9afa-4fa2-be6f-11db856d40ab" testId="bd1d0904-ba67-50bc-1645-b47aba90ab97" testName="VirtualCompany.Finance.Tests.CustomerBillingProfileServiceTests.Approved_merge_preserves_invoice_snapshot_links_and_tombstone" computerName="DESKTOP-388F6FT" duration="00:00:01.7517693" startTime="2026-08-31T07:40:10.7237508+02:00" endTime="2026-08-31T07:40:10.7237509+02:00" testType="13cdc9d9-ddb5-4fa4-a97d-d965ccfc6d4b" outcome="Passed" testListId="8c84fa94-04c1-424b-9868-57a2d4851a1d" relativeResultsDirectory="bfb4aa12-9afa-4fa2-be6f-11db856d40ab" />
    <UnitTestResult executionId="b9f6c191-81a1-4df4-bad3-78526fde551e" testId="ac5e2a57-653b-6f3f-af64-9a6f7cf84eed" testName="VirtualCompany.Finance.Tests.StatutoryDocumentTests.Invalid_document_is_blocked_before_number_allocation" computerName="DESKTOP-388F6FT" duration="00:00:07.6361912" startTime="2026-08-31T07:39:55.0161034+02:00" endTime="2026-08-31T07:39:55.0161034+02:00" testType="13cdc9d9-ddb5-4fa4-a97d-d965ccfc6d4b" outcome="Passed" testListId="8c84fa94-04c1-424b-9868-57a2d4851a1d" relativeResultsDirectory="b9f6c191-81a1-4df4-bad3-78526fde551e" />
    <UnitTestResult executionId="a85a9fad-7f9d-4da2-ab86-80e2be623eda" testId="e2b709e2-a1ec-4b53-b504-aa187630f3a7" testName="VirtualCompany.Finance.Tests.BankConnectionServiceTests.Callback_is_company_bound_one_time_and_credentials_are_not_stored_in_business_rows" computerName="DESKTOP-388F6FT" duration="00:00:05.8451113" startTime="2026-08-31T07:40:01.7956595+02:00" endTime="2026-08-31T07:40:01.7956596+02:00" testType="13cdc9d9-ddb5-4fa4-a97d-d965ccfc6d4b" outcome="Passed" testListId="8c84fa94-04c1-424b-9868-57a2d4851a1d" relativeResultsDirectory="a85a9fad-7f9d-4da2-ab86-80e2be623eda" />
    <UnitTestResult executionId="58f8c3dd-f99f-4a41-95d9-d474030634da" testId="ebab6bd2-d6d1-e96f-49d5-43cc87a3cddb" testName="VirtualCompany.Finance.Tests.SupplierSubscriptionIntakeProposalServiceTests.Classifier_leaves_ambiguous_supplier_match_for_human_review" computerName="DESKTOP-388F6FT" duration="00:00:00.5889399" startTime="2026-08-31T07:40:12.2309461+02:00" endTime="2026-08-31T07:40:12.2309462+02:00" testType="13cdc9d9-ddb5-4fa4-a97d-d965ccfc6d4b" outcome="Passed" testListId="8c84fa94-04c1-424b-9868-57a2d4851a1d" relativeResultsDirectory="58f8c3dd-f99f-4a41-95d9-d474030634da" />
    <UnitTestResult executionId="f5c02d78-9ffa-45b2-90dd-882188e9a8ed" testId="c452f774-890b-2a1d-60de-d469d46a051d" testName="VirtualCompany.Finance.Tests.AuditPackageTests.Large_manifest_remains_bounded_and_deterministic" computerName="DESKTOP-388F6FT" duration="00:00:00.0222508" startTime="2026-08-31T07:39:10.8520743+02:00" endTime="2026-08-31T07:39:10.8520744+02:00" testType="13cdc9d9-ddb5-4fa4-a97d-d965ccfc6d4b" outcome="Passed" testListId="8c84fa94-04c1-424b-9868-57a2d4851a1d" relativeResultsDirectory="f5c02d78-9ffa-45b2-90dd-882188e9a8ed" />
    <UnitTestResult executionId="f06e206b-ecfc-481b-902b-ab700265375a" testId="3c4471b8-4a64-3ffd-341c-2901aa4c178e" testName="VirtualCompany.Finance.Tests.SupplierSubscriptionServiceTests.Invalid_terms_are_rejected(expectedAmount: 100, amountTolerance: 0, dateToleranceDays: 5, cadence: &quot;weekly&quot;)" computerName="DESKTOP-388F6FT" duration="00:00:00.0111774" startTime="2026-08-31T07:39:27.5228349+02:00" endTime="2026-08-31T07:39:27.5228350+02:00" testType="13cdc9d9-ddb5-4fa4-a97d-d965ccfc6d4b" outcome="Passed" testListId="8c84fa94-04c1-424b-9868-57a2d4851a1d" relativeResultsDirectory="f06e206b-ecfc-481b-902b-ab700265375a" />
    <UnitTestResult executionId="4a864d01-fcb3-4dd1-8fad-c608dd2f8a41" testId="61863e45-925b-65ca-e3e9-1f1a683220dc" testName="VirtualCompany.Finance.Tests.EnableBankingProviderContractTests.Final_bulk_status_retains_each_partial_instruction_outcome" computerName="DESKTOP-388F6FT" duration="00:00:00.0420279" startTime="2026-08-31T07:39:14.7409325+02:00" endTime="2026-08-31T07:39:14.7409329+02:00" testType="13cdc9d9-ddb5-4fa4-a97d-d965ccfc6d4b" outcome="Passed" testListId="8c84fa94-04c1-424b-9868-57a2d4851a1d" relativeResultsDirectory="4a864d01-fcb3-4dd1-8fad-c608dd2f8a41" />
    <UnitTestResult executionId="b310d4fc-99d4-4f20-97e4-ea1ec8a6b970" testId="a6076de3-731e-1f26-2623-7e35dd425bf0" testName="VirtualCompany.Finance.Tests.AccountingPolicyPackTests.New_configuration_normalizes_currency_and_defaults_to_internal_authority" computerName="DESKTOP-388F6FT" duration="00:00:00.0001603" startTime="2026-08-31T07:39:28.2353248+02:00" endTime="2026-08-31T07:39:28.2353248+02:00" testType="13cdc9d9-ddb5-4fa4-a97d-d965ccfc6d4b" outcome="Passed" testListId="8c84fa94-04c1-424b-9868-57a2d4851a1d" relativeResultsDirectory="b310d4fc-99d4-4f20-97e4-ea1ec8a6b970" />
    <UnitTestResult executionId="256bd1dc-1545-4347-bec5-b60b96f16d64" testId="eaf7622c-d90d-7160-7d03-205d2c64ef65" testName="VirtualCompany.Finance.Tests.ReportDefinitionTests.Formula_cycle_detection_returns_the_involved_path" computerName="DESKTOP-388F6FT" duration="00:00:00.0011567" startTime="2026-08-31T07:39:38.5456746+02:00" endTime="2026-08-31T07:39:38.5456746+02:00" testType="13cdc9d9-ddb5-4fa4-a97d-d965ccfc6d4b" outcome="Passed" testListId="8c84fa94-04c1-424b-9868-57a2d4851a1d" relativeResultsDirectory="256bd1dc-1545-4347-bec5-b60b96f16d64" />
    <UnitTestResult executionId="8b2f85dd-3319-4b44-bf33-9cff9699ec29" testId="ba8c860c-f928-8357-ee35-28ea70ec346e" testName="VirtualCompany.Finance.Tests.AccountingProviderSwitchMonitoringTests.Monitoring_run_is_leased_idempotently_and_retains_a_bounded_window" computerName="DESKTOP-388F6FT" duration="00:00:00.0000744" startTime="2026-08-31T07:39:10.7993658+02:00" endTime="2026-08-31T07:39:10.7993659+02:00" testType="13cdc9d9-ddb5-4fa4-a97d-d965ccfc6d4b" outcome="Passed" testListId="8c84fa94-04c1-424b-9868-57a2d4851a1d" relativeResultsDirectory="8b2f85dd-3319-4b44-bf33-9cff9699ec29" />
    <UnitTestResult executionId="79f0c782-82e8-4e37-bfa5-2e8d8621dec2" testId="041a3124-2f10-b290-fc5c-e82485de4725" testName="VirtualCompany.Finance.Tests.B2BRouterPeppolDeliveryTests.Provider_acknowledgements_are_not_collapsed_into_http_success(state: &quot;sent&quot;, expectedOutcome: &quot;delivered&quot;, expectedTerminal: True)" computerName="DESKTOP-388F6FT" duration="00:00:00.0001412" startTime="2026-08-31T07:39:14.1790864+02:00" endTime="2026-08-31T07:39:14.1790864+02:00" testType="13cdc9d9-ddb5-4fa4-a97d-d965ccfc6d4b" outcome="Passed" testListId="8c84fa94-04c1-424b-9868-57a2d4851a1d" relativeResultsDirectory="79f0c782-82e8-4e37-bfa5-2e8d8621dec2" />
    <UnitTestResult executionId="612815fb-26ec-4dca-b6ff-c15cda5633fb" testId="855fcf16-d21a-cd03-d5af-ff75cec50ba3" testName="VirtualCompany.Finance.Tests.AccountingConfigurationPersistenceTests.Service_persists_configuration_upgrade_history_and_audit_atomically" computerName="DESKTOP-388F6FT" duration="00:00:11.7901769" startTime="2026-08-31T07:39:51.7868616+02:00" endTime="2026-08-31T07:39:51.7868617+02:00" testType="13cdc9d9-ddb5-4fa4-a97d-d965ccfc6d4b" outcome="Passed" testListId="8c84fa94-04c1-424b-9868-57a2d4851a1d" relativeResultsDirectory="612815fb-26ec-4dca-b6ff-c15cda5633fb" />
    <UnitTestResult executionId="5ce71874-75c0-4fe3-ba25-1ebfd05db39d" testId="88546823-f469-f03e-021e-e2a5497380ea" testName="VirtualCompany.Finance.Tests.ExchangeRateServiceTests.Equally_ranked_disagreeing_sources_require_review_instead_of_selecting_silently" computerName="DESKTOP-388F6FT" duration="00:00:09.7713968" startTime="2026-08-31T07:39:38.5399026+02:00" endTime="2026-08-31T07:39:38.5399026+02:00" testType="13cdc9d9-ddb5-4fa4-a97d-d965ccfc6d4b" outcome="Passed" testListId="8c84fa94-04c1-424b-9868-57a2d4851a1d" relativeResultsDirectory="5ce71874-75c0-4fe3-ba25-1ebfd05db39d" />
    <UnitTestResult executionId="93c0a014-8e24-4b18-ab57-0a2fd6fec971" testId="b369948f-f5bc-ef2d-4555-14897010987e" testName="VirtualCompany.Finance.Tests.AccountingProviderSwitchMonitoringTests.Exhausted_failures_require_an_explicit_operator_retry" computerName="DESKTOP-388F6FT" duration="00:00:00.0010611" startTime="2026-08-31T07:39:10.7963237+02:00" endTime="2026-08-31T07:39:10.7963238+02:00" testType="13cdc9d9-ddb5-4fa4-a97d-d965ccfc6d4b" outcome="Passed" testListId="8c84fa94-04c1-424b-9868-57a2d4851a1d" relativeResultsDirectory="93c0a014-8e24-4b18-ab57-0a2fd6fec971" />
    <UnitTestResult executionId="fe544f75-7776-44e6-843e-1e6c4e16eb70" testId="aee41a9e-be7b-00d5-9ccf-095eac8d4acd" testName="VirtualCompany.Finance.Tests.AccountingPostingServiceTests.Unbalanced_preview_and_post_reject_without_consuming_voucher" computerName="DESKTOP-388F6FT" duration="00:00:00.8654203" startTime="2026-08-31T07:40:11.7275316+02:00" endTime="2026-08-31T07:40:11.7275317+02:00" testType="13cdc9d9-ddb5-4fa4-a97d-d965ccfc6d4b" outcome="Passed" testListId="8c84fa94-04c1-424b-9868-57a2d4851a1d" relativeResultsDirectory="fe544f75-7776-44e6-843e-1e6c4e16eb70" />
    <UnitTestResult executionId="29412444-16d7-4809-a8dc-3101c6fa4dc4" testId="41def335-528c-4139-a8ea-e7d7ab26264b" testName="VirtualCompany.Finance.Tests.AccountingCloseServiceTests.Start_replay_generates_one_retained_graph_and_enforces_dependency_evidence_and_concurrency" computerName="DESKTOP-388F6FT" duration="00:00:07.2990022" startTime="2026-08-31T07:40:04.5074406+02:00" endTime="2026-08-31T07:40:04.5074407+02:00" testType="13cdc9d9-ddb5-4fa4-a97d-d965ccfc6d4b" outcome="Passed" testListId="8c84fa94-04c1-424b-9868-57a2d4851a1d" relativeResultsDirectory="29412444-16d7-4809-a8dc-3101c6fa4dc4" />
    <UnitTestResult executionId="e39e8cd4-4fc7-4741-a0cb-701290af9022" testId="4f20ce0a-6845-ccf1-dc3c-0fd0e39ebfdf" testName="VirtualCompany.Finance.Tests.CurrencyRevaluationServiceTests.Run_history_query_enforces_bounded_page_size" computerName="DESKTOP-388F6FT" duration="00:00:10.2444574" startTime="2026-08-31T07:39:39.9968994+02:00" endTime="2026-08-31T07:39:39.9968994+02:00" testType="13cdc9d9-ddb5-4fa4-a97d-d965ccfc6d4b" outcome="Passed" testListId="8c84fa94-04c1-424b-9868-57a2d4851a1d" relativeResultsDirectory="e39e8cd4-4fc7-4741-a0cb-701290af9022" />
    <UnitTestResult executionId="9d3c18d4-b41c-4e65-8e8c-027b5bb15d22" testId="572d18c5-761a-941d-85af-9f2a1fc0b3e1" testName="VirtualCompany.Finance.Tests.SupplierSubscriptionServiceTests.Cross_company_supplier_is_rejected_without_disclosure" computerName="DESKTOP-388F6FT" duration="00:00:13.3578738" startTime="2026-08-31T07:39:27.5115861+02:00" endTime="2026-08-31T07:39:27.5115862+02:00" testType="13cdc9d9-ddb5-4fa4-a97d-d965ccfc6d4b" outcome="Passed" testListId="8c84fa94-04c1-424b-9868-57a2d4851a1d" relativeResultsDirectory="9d3c18d4-b41c-4e65-8e8c-027b5bb15d22" />
    <UnitTestResult executionId="9ce71ed9-f1f3-4848-b6ef-36071201e6e4" testId="e17209c2-886f-01b1-21d0-478b9bccbdee" testName="VirtualCompany.Finance.Tests.AuditPackageTests.Final_package_expires_at_retention_boundary_without_rewriting_evidence_identity" computerName="DESKTOP-388F6FT" duration="00:00:00.0002514" startTime="2026-08-31T07:39:10.8532783+02:00" endTime="2026-08-31T07:39:10.8532784+02:00" testType="13cdc9d9-ddb5-4fa4-a97d-d965ccfc6d4b" outcome="Passed" testListId="8c84fa94-04c1-424b-9868-57a2d4851a1d" relativeResultsDirectory="9ce71ed9-f1f3-4848-b6ef-36071201e6e4" />
    <UnitTestResult executionId="1e16c47b-30fa-4f04-837b-f93db2daf071" testId="dc6f1f3b-617b-031c-45f9-b38340042639" testName="VirtualCompany.Finance.Tests.FinancialReportSuiteDomainTests.Aging_buckets_are_deterministic(due: &quot;2026-08-31&quot;, asOf: &quot;2026-08-31&quot;, bucket: &quot;current&quot;, days: 0)" computerName="DESKTOP-388F6FT" duration="00:00:00.0001436" startTime="2026-08-31T07:39:28.9976774+02:00" endTime="2026-08-31T07:39:28.9976775+02:00" testType="13cdc9d9-ddb5-4fa4-a97d-d965ccfc6d4b" outcome="Passed" testListId="8c84fa94-04c1-424b-9868-57a2d4851a1d" relativeResultsDirectory="1e16c47b-30fa-4f04-837b-f93db2daf071" />
    <UnitTestResult executionId="4003234f-ceb4-4f03-8ed1-601d25ae2c8c" testId="01d9300f-c4c0-2deb-ba93-fcc19b26429d" testName="VirtualCompany.Finance.Tests.AccountingTaxDecisionPolicyTests.Swedish_declared_boundaries_are_blocked(ruleKey: &quot;se_non_eu_sale_25&quot;)" computerName="DESKTOP-388F6FT" duration="00:00:00.0004115" startTime="2026-08-31T07:39:10.8341272+02:00" endTime="2026-08-31T07:39:10.8341273+02:00" testType="13cdc9d9-ddb5-4fa4-a97d-d965ccfc6d4b" outcome="Passed" testListId="8c84fa94-04c1-424b-9868-57a2d4851a1d" relativeResultsDirectory="4003234f-ceb4-4f03-8ed1-601d25ae2c8c" />
    <UnitTestResult executionId="96443c3a-2453-4e0e-9b0a-5e6f84e3526e" testId="175772e1-95b9-980f-1eef-e6294bbc16aa" testName="VirtualCompany.Finance.Tests.AccountingProviderSwitchPreparationServiceTests.Approved_external_to_internal_plan_prepares_idempotent_non_authoritative_candidates" computerName="DESKTOP-388F6FT" duration="00:00:14.5523458" startTime="2026-08-31T07:39:28.7372657+02:00" endTime="2026-08-31T07:39:28.7372658+02:00" testType="13cdc9d9-ddb5-4fa4-a97d-d965ccfc6d4b" outcome="Passed" testListId="8c84fa94-04c1-424b-9868-57a2d4851a1d" relativeResultsDirectory="96443c3a-2453-4e0e-9b0a-5e6f84e3526e" />
    <UnitTestResult executionId="dfea4a29-20a6-4aae-a3e7-4a6c4a327ecd" testId="e465aea6-a4da-14e8-d7dc-46c6ef581222" testName="VirtualCompany.Finance.Tests.AccountingPolicyPackValidationTests.Exact_current_evidence_validates_only_a_pack_that_declares_a_new_reviewed_version" computerName="DESKTOP-388F6FT" duration="00:00:00.0053900" startTime="2026-08-31T07:39:15.0343862+02:00" endTime="2026-08-31T07:39:15.0343864+02:00" testType="13cdc9d9-ddb5-4fa4-a97d-d965ccfc6d4b" outcome="Passed" testListId="8c84fa94-04c1-424b-9868-57a2d4851a1d" relativeResultsDirectory="dfea4a29-20a6-4aae-a3e7-4a6c4a327ecd" />
    <UnitTestResult executionId="61db7def-0606-4659-a915-d00b36c99936" testId="4a443a43-86b6-d778-a2e4-78960e43e835" testName="VirtualCompany.Finance.Tests.AccountingAdministrationServiceTests.Catalogue_creation_requires_explicit_semantics_and_company_suitability_confirmations" computerName="DESKTOP-388F6FT" duration="00:00:16.5297835" startTime="2026-08-31T07:39:27.3018397+02:00" endTime="2026-08-31T07:39:27.3018398+02:00" testType="13cdc9d9-ddb5-4fa4-a97d-d965ccfc6d4b" outcome="Passed" testListId="8c84fa94-04c1-424b-9868-57a2d4851a1d" relativeResultsDirectory="61db7def-0606-4659-a915-d00b36c99936" />
    <UnitTestResult executionId="b061024d-05ee-48de-91ff-766cedc21cf7" testId="cc14d52b-8142-138a-70a6-c3257cbc913d" testName="VirtualCompany.Finance.Tests.TreasuryWorkspacePolicyTests.Liquidity_risk_exposes_investigation_without_mutating_state(risk: &quot;missing&quot;)" computerName="DESKTOP-388F6FT" duration="00:00:00.0001785" startTime="2026-08-31T07:39:41.4774422+02:00" endTime="2026-08-31T07:39:41.4774422+02:00" testType="13cdc9d9-ddb5-4fa4-a97d-d965ccfc6d4b" outcome="Passed" testListId="8c84fa94-04c1-424b-9868-57a2d4851a1d" relativeResultsDirectory="b061024d-05ee-48de-91ff-766cedc21cf7" />
    <UnitTestResult executionId="3bbbf859-74dd-42e6-8411-210b1034f9c1" testId="ead65b4e-7ce8-d753-36a5-6b3bc5c11ef0" testName="VirtualCompany.Finance.Tests.TreasuryMovementServiceTests.Ambiguous_payout_remains_visible_and_never_invents_a_counterpart" computerName="DESKTOP-388F6FT" duration="00:00:03.2931684" startTime="2026-08-31T07:40:09.0833500+02:00" endTime="2026-08-31T07:40:09.0833501+02:00" testType="13cdc9d9-ddb5-4fa4-a97d-d965ccfc6d4b" outcome="Passed" testListId="8c84fa94-04c1-424b-9868-57a2d4851a1d" relativeResultsDirectory="3bbbf859-74dd-42e6-8411-210b1034f9c1" />
    <UnitTestResult executionId="0549a312-e829-4af2-9819-f7bb590b2e9f" testId="60b7e1a4-86c0-76df-e602-5b4f02fa2945" testName="VirtualCompany.Finance.Tests.ReportDefinitionTests.Persistence_model_enforces_tenant_keys_idempotency_and_optimistic_concurrency" computerName="DESKTOP-388F6FT" duration="00:00:00.0006336" startTime="2026-08-31T07:39:38.5428194+02:00" endTime="2026-08-31T07:39:38.5428195+02:00" testType="13cdc9d9-ddb5-4fa4-a97d-d965ccfc6d4b" outcome="Passed" testListId="8c84fa94-04c1-424b-9868-57a2d4851a1d" relativeResultsDirectory="0549a312-e829-4af2-9819-f7bb590b2e9f" />
    <UnitTestResult executionId="023a8d06-fdab-4a21-a1c7-3343a0ca399d" testId="2ac31f1a-99fb-a61b-cfd3-457aaf06820b" testName="VirtualCompany.Finance.Tests.CustomerCollectionsTests.Aging_and_statement_reconcile_allocations_and_do_not_cross_company_scope" computerName="DESKTOP-388F6FT" duration="00:00:11.8891480" startTime="2026-08-31T07:39:40.9360304+02:00" endTime="2026-08-31T07:39:40.9360304+02:00" testType="13cdc9d9-ddb5-4fa4-a97d-d965ccfc6d4b" outcome="Passed" testListId="8c84fa94-04c1-424b-9868-57a2d4851a1d" relativeResultsDirectory="023a8d06-fdab-4a21-a1c7-3343a0ca399d" />
    <UnitTestResult executionId="4e8b6d81-c714-462a-ac51-eb5ba1e7f8cb" testId="8e6bf106-6482-d8ad-a194-e88e2f6d0ddc" testName="VirtualCompany.Finance.Tests.PaymentBatchEligibilityPolicyTests.Evaluate_blocks_control_failures_with_stable_reason_codes(held: False, disputed: True, settled: False, duplicate: False, beneficiaryVerified: True, sourceCurrent: True, cash: 5000, expectedReasonCode: &quot;payment_batch_obligation_disputed&quot;)" computerName="DESKTOP-388F6FT" duration="00:00:00.0000137" startTime="2026-08-31T07:39:10.7907449+02:00" endTime="2026-08-31T07:39:10.7907449+02:00" testType="13cdc9d9-ddb5-4fa4-a97d-d965ccfc6d4b" outcome="Passed" testListId="8c84fa94-04c1-424b-9868-57a2d4851a1d" relativeResultsDirectory="4e8b6d81-c714-462a-ac51-eb5ba1e7f8cb" />
    <UnitTestResult executionId="b67675ae-5718-4f09-b791-410c48583bd0" testId="287e638d-a2b6-929e-a85e-40244760ce29" testName="VirtualCompany.Finance.Tests.AccountingProviderSwitchGapPolicyTests.Incomplete_source_states_produce_unknown_or_scope_gaps(availability: &quot;not_authorized&quot;)" computerName="DESKTOP-388F6FT" duration="00:00:00.0006634" startTime="2026-08-31T07:39:14.1633377+02:00" endTime="2026-08-31T07:39:14.1633377+02:00" testType="13cdc9d9-ddb5-4fa4-a97d-d965ccfc6d4b" outcome="Passed" testListId="8c84fa94-04c1-424b-9868-57a2d4851a1d" relativeResultsDirectory="b67675ae-5718-4f09-b791-410c48583bd0" />
    <UnitTestResult executionId="4e61714d-e2fb-4999-a52b-95c22582a049" testId="2e14cab7-3898-7ba6-a994-3bab741b3860" testName="VirtualCompany.Finance.Tests.CustomerInvoiceScheduleDomainTests.Daily_proration_is_applied_only_to_the_first_partial_billing_period" computerName="DESKTOP-388F6FT" duration="00:00:00.0012484" startTime="2026-08-31T07:39:14.1870666+02:00" endTime="2026-08-31T07:39:14.1870667+02:00" testType="13cdc9d9-ddb5-4fa4-a97d-d965ccfc6d4b" outcome="Passed" testListId="8c84fa94-04c1-424b-9868-57a2d4851a1d" relativeResultsDirectory="4e61714d-e2fb-4999-a52b-95c22582a049" />
    <UnitTestResult executionId="bb9cc0b9-a338-4fc0-a8ad-8a5fdbbe064b" testId="3c2be643-397a-0198-09bc-a0212895a533" testName="VirtualCompany.Finance.Tests.CurrencyRevaluationDomainTests.Regenerated_run_supersedes_mutable_approved_version_without_touching_posted_evidence" computerName="DESKTOP-388F6FT" duration="00:00:00.0003703" startTime="2026-08-31T07:39:15.0744480+02:00" endTime="2026-08-31T07:39:15.0744480+02:00" testType="13cdc9d9-ddb5-4fa4-a97d-d965ccfc6d4b" outcome="Passed" testListId="8c84fa94-04c1-424b-9868-57a2d4851a1d" relativeResultsDirectory="bb9cc0b9-a338-4fc0-a8ad-8a5fdbbe064b" />
    <UnitTestResult executionId="c62aefd0-aa9e-44d2-852f-a8a2f0b7461e" testId="de50300a-feb1-83e6-29ae-3a84a3a81b32" testName="VirtualCompany.Finance.Tests.AccountingProviderSwitchPreparationServiceTests.Current_year_history_preserves_source_dates_currency_references_and_period" computerName="DESKTOP-388F6FT" duration="00:00:03.3640589" startTime="2026-08-31T07:40:08.9724441+02:00" endTime="2026-08-31T07:40:08.9724442+02:00" testType="13cdc9d9-ddb5-4fa4-a97d-d965ccfc6d4b" outcome="Passed" testListId="8c84fa94-04c1-424b-9868-57a2d4851a1d" relativeResultsDirectory="c62aefd0-aa9e-44d2-852f-a8a2f0b7461e" />
    <UnitTestResult executionId="a541e8f8-698a-444e-b68f-97cd262c7132" testId="7f5a2458-abbc-9247-438d-a8646c79c156" testName="VirtualCompany.Finance.Tests.BankFeedSynchronizationTests.Pending_observation_creates_no_final_transaction_and_later_promotes_to_one_booked_row" computerName="DESKTOP-388F6FT" duration="00:00:05.9649004" startTime="2026-08-31T07:40:04.2346716+02:00" endTime="2026-08-31T07:40:04.2346717+02:00" testType="13cdc9d9-ddb5-4fa4-a97d-d965ccfc6d4b" outcome="Passed" testListId="8c84fa94-04c1-424b-9868-57a2d4851a1d" relativeResultsDirectory="a541e8f8-698a-444e-b68f-97cd262c7132" />
    <UnitTestResult executionId="f46b2011-2dd1-4c3b-beda-6c2cdcd2769c" testId="7b768e6d-564a-c24e-17ea-1bdec72606ca" testName="VirtualCompany.Finance.Tests.B2BRouterPeppolDeliveryTests.Directory_contract_classifies_participant_and_retry_evidence(statusCode: BadGateway, expectedStatus: &quot;upstream_unavailable&quot;, expectedRetryable: True)" computerName="DESKTOP-388F6FT" duration="00:00:00.0000006" startTime="2026-08-31T07:39:10.7889924+02:00" endTime="2026-08-31T07:39:10.7889924+02:00" testType="13cdc9d9-ddb5-4fa4-a97d-d965ccfc6d4b" outcome="Passed" testListId="8c84fa94-04c1-424b-9868-57a2d4851a1d" relativeResultsDirectory="f46b2011-2dd1-4c3b-beda-6c2cdcd2769c" />
    <UnitTestResult executionId="3b841e7f-f9d8-42d9-ab2a-458349f56d90" testId="3e2bfa1a-3bc4-480a-41f3-1fad642202bd" testName="VirtualCompany.Finance.Tests.TreasuryWorkspaceQueryServiceTests.Read_model_is_tenant_scoped_bounded_and_reports_source_freshness_and_gap_recovery" computerName="DESKTOP-388F6FT" duration="00:00:17.2923338" startTime="2026-08-31T07:39:28.1739934+02:00" endTime="2026-08-31T07:39:28.1739935+02:00" testType="13cdc9d9-ddb5-4fa4-a97d-d965ccfc6d4b" outcome="Passed" testListId="8c84fa94-04c1-424b-9868-57a2d4851a1d" relativeResultsDirectory="3b841e7f-f9d8-42d9-ab2a-458349f56d90" />
    <UnitTestResult executionId="3edd4aa9-004f-4be6-9917-79671c5bbb2d" testId="5ec9ccfd-8ce4-c883-7b07-852b32ca297b" testName="VirtualCompany.Finance.Tests.B2BRouterPeppolDeliveryTests.Possible_submission_is_reconciliation_only_and_cannot_be_blindly_retried" computerName="DESKTOP-388F6FT" duration="00:00:00.0003901" startTime="2026-08-31T07:39:14.1786482+02:00" endTime="2026-08-31T07:39:14.1786483+02:00" testType="13cdc9d9-ddb5-4fa4-a97d-d965ccfc6d4b" outcome="Passed" testListId="8c84fa94-04c1-424b-9868-57a2d4851a1d" relativeResultsDirectory="3edd4aa9-004f-4be6-9917-79671c5bbb2d" />
    <UnitTestResult executionId="5006b0c7-f38d-4b39-bb06-cedafeadafd0" testId="54fa2c56-82c1-65f9-6fd5-2bfc1174ec6d" testName="VirtualCompany.Finance.Tests.AccountingPolicyPackValidationTests.Swedish_candidate_without_real_reviewer_evidence_remains_blocked" computerName="DESKTOP-388F6FT" duration="00:00:00.0006486" startTime="2026-08-31T07:39:15.0395692+02:00" endTime="2026-08-31T07:39:15.0395693+02:00" testType="13cdc9d9-ddb5-4fa4-a97d-d965ccfc6d4b" outcome="Passed" testListId="8c84fa94-04c1-424b-9868-57a2d4851a1d" relativeResultsDirectory="5006b0c7-f38d-4b39-bb06-cedafeadafd0" />
    <UnitTestResult executionId="4ad4014e-81d1-40bf-a0cd-8a7f30134996" testId="3344b155-d9ec-577d-9af7-eded7e86bc8d" testName="VirtualCompany.Finance.Tests.AccountingProviderSwitchTargetTransferTests.Fortnox_adapter_maps_supported_neutral_datasets_with_expected_execution_boundary(dataset: &quot;opening_balance_candidates&quot;, expectedMode: &quot;final_authoritative&quot;, expectedPath: &quot;vouchers&quot;)" computerName="DESKTOP-388F6FT" duration="00:00:00.0001547" startTime="2026-08-31T07:39:41.4044482+02:00" endTime="2026-08-31T07:39:41.4044482+02:00" testType="13cdc9d9-ddb5-4fa4-a97d-d965ccfc6d4b" outcome="Passed" testListId="8c84fa94-04c1-424b-9868-57a2d4851a1d" relativeResultsDirectory="4ad4014e-81d1-40bf-a0cd-8a7f30134996" />
    <UnitTestResult executionId="4089767a-8b01-43d8-a067-fba3b06318de" testId="d9ef01ed-69bd-18a7-a39d-7b67a3fc6937" testName="VirtualCompany.Finance.Tests.BankStatementParserTests.Camt053_golden_file_preserves_balances_identities_dates_references_currency_and_totals" computerName="DESKTOP-388F6FT" duration="00:00:00.0143612" startTime="2026-08-31T07:39:11.5559203+02:00" endTime="2026-08-31T07:39:11.5559205+02:00" testType="13cdc9d9-ddb5-4fa4-a97d-d965ccfc6d4b" outcome="Passed" testListId="8c84fa94-04c1-424b-9868-57a2d4851a1d" relativeResultsDirectory="4089767a-8b01-43d8-a067-fba3b06318de" />
    <UnitTestResult executionId="81ab2f1e-dbcb-431f-b53f-f403d0d7d6fe" testId="3f84a37c-6902-f4db-c74c-bb599233287e" testName="VirtualCompany.Finance.Tests.AccountingProviderSwitchStagingServiceTests.Replay_reuses_identity_and_new_source_version_invalidates_mapping_readiness" computerName="DESKTOP-388F6FT" duration="00:00:13.8093484" startTime="2026-08-31T07:39:41.4616637+02:00" endTime="2026-08-31T07:39:41.4616638+02:00" testType="13cdc9d9-ddb5-4fa4-a97d-d965ccfc6d4b" outcome="Passed" testListId="8c84fa94-04c1-424b-9868-57a2d4851a1d" relativeResultsDirectory="81ab2f1e-dbcb-431f-b53f-f403d0d7d6fe" />
    <UnitTestResult executionId="7c811505-2a9d-422f-85fb-5b2d101efe1b" testId="587c8b9f-e723-890f-bc7b-f60536a276ef" testName="VirtualCompany.Finance.Tests.AccountingPostingServiceTests.Posted_journal_is_immutable_and_reversal_creates_linked_opposite_entry" computerName="DESKTOP-388F6FT" duration="00:00:18.3551043" startTime="2026-08-31T07:39:29.1375391+02:00" endTime="2026-08-31T07:39:29.1375392+02:00" testType="13cdc9d9-ddb5-4fa4-a97d-d965ccfc6d4b" outcome="Passed" testListId="8c84fa94-04c1-424b-9868-57a2d4851a1d" relativeResultsDirectory="7c811505-2a9d-422f-85fb-5b2d101efe1b" />
    <UnitTestResult executionId="959714c4-5012-4106-8f89-5027c61d0dd4" testId="24bae409-fb30-afda-173b-0b4ec04908d1" testName="VirtualCompany.Finance.Tests.AccountingProviderSwitchServiceTests.Invalid_endpoint_same_endpoint_and_strategy_return_stable_reason_codes(sourceKind: &quot;internal&quot;, sourceProvider: null, targetKind: &quot;external&quot;, targetProvider: &quot;fortnox&quot;, expectedReason: &quot;accounting_provider_switch_invalid_strategy&quot;, strategy: &quot;unsupported&quot;)" computerName="DESKTOP-388F6FT" duration="00:00:00.9187093" startTime="2026-08-31T07:40:10.9013991+02:00" endTime="2026-08-31T07:40:10.9013992+02:00" testType="13cdc9d9-ddb5-4fa4-a97d-d965ccfc6d4b" outcome="Passed" testListId="8c84fa94-04c1-424b-9868-57a2d4851a1d" relativeResultsDirectory="959714c4-5012-4106-8f89-5027c61d0dd4" />
    <UnitTestResult executionId="bcfebea6-5852-4f75-a3f9-9471942c4cc5" testId="49711dc9-8ac3-dc27-5389-c74b03c8a11b" testName="VirtualCompany.Finance.Tests.CurrencyRevaluationServiceTests.Missing_rate_is_retained_for_review_and_documented_exclusion_regenerates_reconciled_proposal" computerName="DESKTOP-388F6FT" duration="00:00:06.1482366" startTime="2026-08-31T07:40:02.8040313+02:00" endTime="2026-08-31T07:40:02.8040313+02:00" testType="13cdc9d9-ddb5-4fa4-a97d-d965ccfc6d4b" outcome="Passed" testListId="8c84fa94-04c1-424b-9868-57a2d4851a1d" relativeResultsDirectory="bcfebea6-5852-4f75-a3f9-9471942c4cc5" />
    <UnitTestResult executionId="cb546761-0777-44c4-b3c0-a6252aad400d" testId="393317cb-dad6-2802-f6af-30707df43b61" testName="VirtualCompany.Finance.Tests.YearEndRolloverDomainTests.Subsequent_event_resolution_enforces_selected_correction_path(decision: &quot;request_reopen&quot;, needsJournal: False, needsReopen: True)" computerName="DESKTOP-388F6FT" duration="00:00:00.0001555" startTime="2026-08-31T07:39:14.1864030+02:00" endTime="2026-08-31T07:39:14.1864030+02:00" testType="13cdc9d9-ddb5-4fa4-a97d-d965ccfc6d4b" outcome="Passed" testListId="8c84fa94-04c1-424b-9868-57a2d4851a1d" relativeResultsDirectory="cb546761-0777-44c4-b3c0-a6252aad400d" />
    <UnitTestResult executionId="2c67e484-2f9f-4473-80a8-90621e000a59" testId="827f3ff2-fd59-b994-e831-bbffb67aa558" testName="VirtualCompany.Finance.Tests.B2BRouterPeppolDeliveryTests.Sandbox_directory_and_schema_contract_runs_only_when_explicitly_enabled" computerName="DESKTOP-388F6FT" duration="00:00:00.0006271" startTime="2026-08-31T07:39:14.1807984+02:00" endTime="2026-08-31T07:39:14.1807985+02:00" testType="13cdc9d9-ddb5-4fa4-a97d-d965ccfc6d4b" outcome="Passed" testListId="8c84fa94-04c1-424b-9868-57a2d4851a1d" relativeResultsDirectory="2c67e484-2f9f-4473-80a8-90621e000a59" />
    <UnitTestResult executionId="52289cb4-063b-43a8-ae6c-531189255a20" testId="36067333-f4ea-19d7-a027-021fd3ba4b4f" testName="VirtualCompany.Finance.Tests.SupplierSubscriptionServiceTests.Query_filters_scope_subscriptions_and_matches_by_company" computerName="DESKTOP-388F6FT" duration="00:00:11.6934278" startTime="2026-08-31T07:39:51.3963087+02:00" endTime="2026-08-31T07:39:51.3963088+02:00" testType="13cdc9d9-ddb5-4fa4-a97d-d965ccfc6d4b" outcome="Passed" testListId="8c84fa94-04c1-424b-9868-57a2d4851a1d" relativeResultsDirectory="52289cb4-063b-43a8-ae6c-531189255a20" />
    <UnitTestResult executionId="1e30b41e-5ae4-4ece-83d5-36a9e162eba1" testId="4a441804-a2c0-cbf2-d05f-e871fb3f4c7f" testName="VirtualCompany.Finance.Tests.ForeignCurrencySettlementPolicyTests.Incoming_fee_reduces_bank_receipt_without_changing_settled_document_amount" computerName="DESKTOP-388F6FT" duration="00:00:00.0001586" startTime="2026-08-31T07:39:15.0152049+02:00" endTime="2026-08-31T07:39:15.0152049+02:00" testType="13cdc9d9-ddb5-4fa4-a97d-d965ccfc6d4b" outcome="Passed" testListId="8c84fa94-04c1-424b-9868-57a2d4851a1d" relativeResultsDirectory="1e30b41e-5ae4-4ece-83d5-36a9e162eba1" />
    <UnitTestResult executionId="36ae26f8-1192-4cc0-8313-e3903f7db2c7" testId="7be1495a-2083-734f-9999-f34fea243e13" testName="VirtualCompany.Finance.Tests.EnableBankingProviderContractTests.Created_payment_without_safe_authorization_url_retains_reference_for_status_reconciliation" computerName="DESKTOP-388F6FT" duration="00:00:00.0908162" startTime="2026-08-31T07:39:14.2796132+02:00" endTime="2026-08-31T07:39:14.2796133+02:00" testType="13cdc9d9-ddb5-4fa4-a97d-d965ccfc6d4b" outcome="Passed" testListId="8c84fa94-04c1-424b-9868-57a2d4851a1d" relativeResultsDirectory="36ae26f8-1192-4cc0-8313-e3903f7db2c7" />
    <UnitTestResult executionId="e89246be-c010-4368-b0a5-49b62254eb27" testId="a1793576-415e-4718-09d6-b7530cff9b6f" testName="VirtualCompany.Finance.Tests.BankFeedSynchronizationTests.Expired_lease_resumes_from_committed_cursor_after_interrupted_page_without_gap_or_duplicate" computerName="DESKTOP-388F6FT" duration="00:00:01.0415907" startTime="2026-08-31T07:40:11.5864429+02:00" endTime="2026-08-31T07:40:11.5864430+02:00" testType="13cdc9d9-ddb5-4fa4-a97d-d965ccfc6d4b" outcome="Passed" testListId="8c84fa94-04c1-424b-9868-57a2d4851a1d" relativeResultsDirectory="e89246be-c010-4368-b0a5-49b62254eb27" />
    <UnitTestResult executionId="04803296-257e-4b01-acb5-a7e1ec9e4b0c" testId="a5e7924e-31b3-4cf8-1824-a813cd312f74" testName="VirtualCompany.Finance.Tests.AccountingPostingServiceTests.Post_allocates_voucher_and_same_payload_replays_while_changed_payload_conflicts" computerName="DESKTOP-388F6FT" duration="00:00:14.6679645" startTime="2026-08-31T07:39:43.8055119+02:00" endTime="2026-08-31T07:39:43.8055120+02:00" testType="13cdc9d9-ddb5-4fa4-a97d-d965ccfc6d4b" outcome="Passed" testListId="8c84fa94-04c1-424b-9868-57a2d4851a1d" relativeResultsDirectory="04803296-257e-4b01-acb5-a7e1ec9e4b0c" />
    <UnitTestResult executionId="ece9859a-4d5e-458e-9c2c-53747a5864b5" testId="d52f29d3-7220-456a-d63a-c6a9a147dcf3" testName="VirtualCompany.Finance.Tests.CompanyStatutoryProfileTests.Query_filter_does_not_disclose_another_company_profile" computerName="DESKTOP-388F6FT" duration="00:00:12.7718119" startTime="2026-08-31T07:39:50.5169804+02:00" endTime="2026-08-31T07:39:50.5169804+02:00" testType="13cdc9d9-ddb5-4fa4-a97d-d965ccfc6d4b" outcome="Passed" testListId="8c84fa94-04c1-424b-9868-57a2d4851a1d" relativeResultsDirectory="ece9859a-4d5e-458e-9c2c-53747a5864b5" />
    <UnitTestResult executionId="240dd00a-0416-4ae8-bdec-1ec8ffc44c62" testId="6677a53f-cced-019f-e7dd-bf120f5fd3c3" testName="VirtualCompany.Finance.Tests.AccountingCloseWorkspacePolicyTests.External_accountant_cannot_receive_close_lock_package_or_rollover_authority" computerName="DESKTOP-388F6FT" duration="00:00:00.0000769" startTime="2026-08-31T07:39:10.8326921+02:00" endTime="2026-08-31T07:39:10.8326921+02:00" testType="13cdc9d9-ddb5-4fa4-a97d-d965ccfc6d4b" outcome="Passed" testListId="8c84fa94-04c1-424b-9868-57a2d4851a1d" relativeResultsDirectory="240dd00a-0416-4ae8-bdec-1ec8ffc44c62" />
    <UnitTestResult executionId="56700035-e149-45a1-b9bb-e17cee04644e" testId="b089c586-ea91-e735-f7a3-9d8186834409" testName="VirtualCompany.Finance.Tests.SupplierBillAccountingPolicyTests.Exempt_asset_bill_uses_selected_asset_account" computerName="DESKTOP-388F6FT" duration="00:00:09.8154828" startTime="2026-08-31T07:39:43.2403739+02:00" endTime="2026-08-31T07:39:43.2403740+02:00" testType="13cdc9d9-ddb5-4fa4-a97d-d965ccfc6d4b" outcome="Passed" testListId="8c84fa94-04c1-424b-9868-57a2d4851a1d" relativeResultsDirectory="56700035-e149-45a1-b9bb-e17cee04644e" />
    <UnitTestResult executionId="eb739455-2dd5-4dd4-8ddb-acc0fb5b115d" testId="10155cb8-6390-81f3-fc34-1180bee20d2b" testName="VirtualCompany.Finance.Tests.StatutoryDocumentTests.Series_formats_numbers_and_never_reuses_an_allocation" computerName="DESKTOP-388F6FT" duration="00:00:00.0001524" startTime="2026-08-31T07:39:27.7523679+02:00" endTime="2026-08-31T07:39:27.7523680+02:00" testType="13cdc9d9-ddb5-4fa4-a97d-d965ccfc6d4b" outcome="Passed" testListId="8c84fa94-04c1-424b-9868-57a2d4851a1d" relativeResultsDirectory="eb739455-2dd5-4dd4-8ddb-acc0fb5b115d" />
    <UnitTestResult executionId="e7c3834e-43fd-4cff-a07b-dec0a2ce1db5" testId="c202edf4-1146-02cf-bfbb-da86e58ec576" testName="VirtualCompany.Finance.Tests.BankStatementImportResumabilityTests.Commit_checkpoints_each_chunk_and_resume_does_not_replay_completed_rows" computerName="DESKTOP-388F6FT" duration="00:00:17.4420756" startTime="2026-08-31T07:39:28.2142510+02:00" endTime="2026-08-31T07:39:28.2142512+02:00" testType="13cdc9d9-ddb5-4fa4-a97d-d965ccfc6d4b" outcome="Passed" testListId="8c84fa94-04c1-424b-9868-57a2d4851a1d" relativeResultsDirectory="e7c3834e-43fd-4cff-a07b-dec0a2ce1db5" />
    <UnitTestResult executionId="f2c54238-8b86-436e-ab74-b9cde11f66ab" testId="f624e021-c2b0-8f36-8612-ffb94c2aef29" testName="VirtualCompany.Finance.Tests.AdvancedReconciliationServiceTests.Candidate_queue_is_bounded_to_500_groups_and_materializes_within_budget" computerName="DESKTOP-388F6FT" duration="00:00:08.7851709" startTime="2026-08-31T07:39:57.4042314+02:00" endTime="2026-08-31T07:39:57.4042315+02:00" testType="13cdc9d9-ddb5-4fa4-a97d-d965ccfc6d4b" outcome="Passed" testListId="8c84fa94-04c1-424b-9868-57a2d4851a1d" relativeResultsDirectory="f2c54238-8b86-436e-ab74-b9cde11f66ab" />
    <UnitTestResult executionId="f7d51c71-a913-4806-a807-a49e1260bdd1" testId="c754e569-0358-0955-6f0c-14a255892f9d" testName="VirtualCompany.Finance.Tests.SupplierSubscriptionIntakeProposalServiceTests.Invalid_cross_company_supplier_is_rejected_on_record" computerName="DESKTOP-388F6FT" duration="00:00:05.5686450" startTime="2026-08-31T07:40:05.7442473+02:00" endTime="2026-08-31T07:40:05.7442474+02:00" testType="13cdc9d9-ddb5-4fa4-a97d-d965ccfc6d4b" outcome="Passed" testListId="8c84fa94-04c1-424b-9868-57a2d4851a1d" relativeResultsDirectory="f7d51c71-a913-4806-a807-a49e1260bdd1" />
    <UnitTestResult executionId="b29393bb-bf53-4ae8-93cf-edcbfe5e6585" testId="969b8097-8595-5621-e9d8-3d035cda5eaf" testName="VirtualCompany.Finance.Tests.ConnectedBankingReadinessServiceTests.Healthy_evidence_is_ready_and_profile_capacity_is_exposed" computerName="DESKTOP-388F6FT" duration="00:00:10.3717483" startTime="2026-08-31T07:39:38.5399240+02:00" endTime="2026-08-31T07:39:38.5399240+02:00" testType="13cdc9d9-ddb5-4fa4-a97d-d965ccfc6d4b" outcome="Passed" testListId="8c84fa94-04c1-424b-9868-57a2d4851a1d" relativeResultsDirectory="b29393bb-bf53-4ae8-93cf-edcbfe5e6585" />
    <UnitTestResult executionId="32fa7043-4c0b-4725-83ea-82de4e262a5b" testId="d4633c6d-6ca0-a1d8-a144-e7bfc7da4136" testName="VirtualCompany.Finance.Tests.PaymentBatchEligibilityPolicyTests.Evaluate_blocks_control_failures_with_stable_reason_codes(held: False, disputed: False, settled: True, duplicate: False, beneficiaryVerified: True, sourceCurrent: True, cash: 5000, expectedReasonCode: &quot;payment_batch_obligation_settled&quot;)" computerName="DESKTOP-388F6FT" duration="00:00:00.0000102" startTime="2026-08-31T07:39:10.7911701+02:00" endTime="2026-08-31T07:39:10.7911702+02:00" testType="13cdc9d9-ddb5-4fa4-a97d-d965ccfc6d4b" outcome="Passed" testListId="8c84fa94-04c1-424b-9868-57a2d4851a1d" relativeResultsDirectory="32fa7043-4c0b-4725-83ea-82de4e262a5b" />
    <UnitTestResult executionId="560785bb-d5e3-4f75-b530-c4512704e0da" testId="0d555db6-da7e-067b-af08-a15720fa2206" testName="VirtualCompany.Finance.Tests.ComplianceObligationDomainTests.Preparer_cannot_self_approve" computerName="DESKTOP-388F6FT" duration="00:00:00.0001479" startTime="2026-08-31T07:39:42.9570699+02:00" endTime="2026-08-31T07:39:42.9570700+02:00" testType="13cdc9d9-ddb5-4fa4-a97d-d965ccfc6d4b" outcome="Passed" testListId="8c84fa94-04c1-424b-9868-57a2d4851a1d" relativeResultsDirectory="560785bb-d5e3-4f75-b530-c4512704e0da" />
    <UnitTestResult executionId="bee8278e-4f7e-47e9-84c3-848d738ca4be" testId="7698f95a-b2d1-4957-1bd8-a63f3478e4e2" testName="VirtualCompany.Finance.Tests.AccountingOperationsTests.Unambiguous_history_is_backfilled_once_and_passes_recovery_verification" computerName="DESKTOP-388F6FT" duration="00:00:20.2841770" startTime="2026-08-31T07:39:31.0835390+02:00" endTime="2026-08-31T07:39:31.0835391+02:00" testType="13cdc9d9-ddb5-4fa4-a97d-d965ccfc6d4b" outcome="Passed" testListId="8c84fa94-04c1-424b-9868-57a2d4851a1d" relativeResultsDirectory="bee8278e-4f7e-47e9-84c3-848d738ca4be" />
    <UnitTestResult executionId="6a77b3f0-75ad-47e4-b20c-023f6449af7e" testId="256add1c-bef7-352b-1d34-5d437d4fb524" testName="VirtualCompany.Finance.Tests.StatutoryDocumentTests.Operator_gap_is_durable_visible_and_idempotent" computerName="DESKTOP-388F6FT" duration="00:00:16.9791941" startTime="2026-08-31T07:39:27.7511761+02:00" endTime="2026-08-31T07:39:27.7511762+02:00" testType="13cdc9d9-ddb5-4fa4-a97d-d965ccfc6d4b" outcome="Passed" testListId="8c84fa94-04c1-424b-9868-57a2d4851a1d" relativeResultsDirectory="6a77b3f0-75ad-47e4-b20c-023f6449af7e" />
    <UnitTestResult executionId="e9416596-86da-4f76-b68c-236ecdc8d61a" testId="2f61b433-1bcd-0467-5ab6-db011eb14e5d" testName="VirtualCompany.Finance.Tests.AccountingScheduleDomainTests.Daily_proration_is_reproducible_and_preserves_dimensions" computerName="DESKTOP-388F6FT" duration="00:00:00.0007841" startTime="2026-08-31T07:39:38.5553710+02:00" endTime="2026-08-31T07:39:38.5553710+02:00" testType="13cdc9d9-ddb5-4fa4-a97d-d965ccfc6d4b" outcome="Passed" testListId="8c84fa94-04c1-424b-9868-57a2d4851a1d" relativeResultsDirectory="e9416596-86da-4f76-b68c-236ecdc8d61a" />
    <UnitTestResult executionId="ba4a06ef-456c-4145-8f6b-4447cd89dbe2" testId="f5ef93ea-1395-dbb5-02d5-546d3a4729da" testName="VirtualCompany.Finance.Tests.AccountingTaxDecisionPolicyTests.Swedish_declared_boundaries_are_blocked(ruleKey: &quot;se_partial_recovery_25&quot;)" computerName="DESKTOP-388F6FT" duration="00:00:00.0003663" startTime="2026-08-31T07:39:10.8460823+02:00" endTime="2026-08-31T07:39:10.8460824+02:00" testType="13cdc9d9-ddb5-4fa4-a97d-d965ccfc6d4b" outcome="Passed" testListId="8c84fa94-04c1-424b-9868-57a2d4851a1d" relativeResultsDirectory="ba4a06ef-456c-4145-8f6b-4447cd89dbe2" />
    <UnitTestResult executionId="dd0e75a7-7e0a-4455-87fc-c3897b6c2ffb" testId="a831a33a-4008-f9fc-6737-4fcd724cd661" testName="VirtualCompany.Finance.Tests.ManualJournalPolicyTests.Policy_deterministically_requires_evidence_and_blocks_restricted_control_accounts" computerName="DESKTOP-388F6FT" duration="00:00:16.9714992" startTime="2026-08-31T07:39:27.7435198+02:00" endTime="2026-08-31T07:39:27.7435199+02:00" testType="13cdc9d9-ddb5-4fa4-a97d-d965ccfc6d4b" outcome="Passed" testListId="8c84fa94-04c1-424b-9868-57a2d4851a1d" relativeResultsDirectory="dd0e75a7-7e0a-4455-87fc-c3897b6c2ffb" />
    <UnitTestResult executionId="fa9ae159-5354-4ee3-9dc2-8424fd959727" testId="ddbf984d-56f0-1f51-26fe-f94d5724ba20" testName="VirtualCompany.Finance.Tests.AccountingAdministrationServiceTests.Protected_setup_account_cannot_be_deactivated" computerName="DESKTOP-388F6FT" duration="00:00:09.4033944" startTime="2026-08-31T07:39:42.6813456+02:00" endTime="2026-08-31T07:39:42.6813456+02:00" testType="13cdc9d9-ddb5-4fa4-a97d-d965ccfc6d4b" outcome="Passed" testListId="8c84fa94-04c1-424b-9868-57a2d4851a1d" relativeResultsDirectory="fa9ae159-5354-4ee3-9dc2-8424fd959727" />
    <UnitTestResult executionId="6a4d810a-b782-4bf8-881b-6067a6b9e37b" testId="f0d9a252-534e-4624-19f3-799320bfff36" testName="VirtualCompany.Finance.Tests.AccountingProviderSwitchPreparationServiceTests.Opening_strategy_prepares_opening_and_open_item_candidates_and_records_history_archive" computerName="DESKTOP-388F6FT" duration="00:00:06.0120229" startTime="2026-08-31T07:40:05.6083693+02:00" endTime="2026-08-31T07:40:05.6083694+02:00" testType="13cdc9d9-ddb5-4fa4-a97d-d965ccfc6d4b" outcome="Passed" testListId="8c84fa94-04c1-424b-9868-57a2d4851a1d" relativeResultsDirectory="6a4d810a-b782-4bf8-881b-6067a6b9e37b" />
    <UnitTestResult executionId="215c4213-b5a7-4bf6-afc4-97dcc57f5526" testId="abd7ed3d-45ff-0138-e9fc-3c055efc757c" testName="VirtualCompany.Finance.Tests.AccountingProviderSwitchTests.Aggregate_rejects_same_endpoint_and_versions_every_accepted_change" computerName="DESKTOP-388F6FT" duration="00:00:00.0015929" startTime="2026-08-31T07:39:14.1545604+02:00" endTime="2026-08-31T07:39:14.1545605+02:00" testType="13cdc9d9-ddb5-4fa4-a97d-d965ccfc6d4b" outcome="Passed" testListId="8c84fa94-04c1-424b-9868-57a2d4851a1d" relativeResultsDirectory="215c4213-b5a7-4bf6-afc4-97dcc57f5526" />
    <UnitTestResult executionId="77c860eb-da8b-4a03-8ab7-2f30de199d5c" testId="371c0766-bbcb-0897-d7ec-d639b709413f" testName="VirtualCompany.Finance.Tests.FinanceRecordSourcePolicyTests.ResolveSource_returns_stable_source(sourceType: &quot;manual&quot;, providerKey: null, hasFortnoxReference: False, expected: &quot;manual&quot;)" computerName="DESKTOP-388F6FT" duration="00:00:00.0000023" startTime="2026-08-31T07:39:10.7914856+02:00" endTime="2026-08-31T07:39:10.7914856+02:00" testType="13cdc9d9-ddb5-4fa4-a97d-d965ccfc6d4b" outcome="Passed" testListId="8c84fa94-04c1-424b-9868-57a2d4851a1d" relativeResultsDirectory="77c860eb-da8b-4a03-8ab7-2f30de199d5c" />
    <UnitTestResult executionId="1c00f62d-cb53-4f8c-993e-ddf007da3df2" testId="db3c3e33-7901-1de0-8086-d5099d455744" testName="VirtualCompany.Finance.Tests.CustomerInvoiceCorrectionPolicyTests.Partial_payment_caps_refund_and_write_off_without_cross_company_disclosure" computerName="DESKTOP-388F6FT" duration="00:00:17.7337983" startTime="2026-08-31T07:39:28.5057900+02:00" endTime="2026-08-31T07:39:28.5057903+02:00" testType="13cdc9d9-ddb5-4fa4-a97d-d965ccfc6d4b" outcome="Passed" testListId="8c84fa94-04c1-424b-9868-57a2d4851a1d" relativeResultsDirectory="1c00f62d-cb53-4f8c-993e-ddf007da3df2" />
    <UnitTestResult executionId="6e710b76-a1f0-46b8-98e5-e0d327a09178" testId="52f65a2d-8749-7254-c304-5985a0b142ab" testName="VirtualCompany.Finance.Tests.AccountingProviderSwitchServiceTests.Create_persists_audited_draft_without_changing_authority_and_rejects_a_duplicate" computerName="DESKTOP-388F6FT" duration="00:00:00.8571920" startTime="2026-08-31T07:40:11.7585824+02:00" endTime="2026-08-31T07:40:11.7585824+02:00" testType="13cdc9d9-ddb5-4fa4-a97d-d965ccfc6d4b" outcome="Passed" testListId="8c84fa94-04c1-424b-9868-57a2d4851a1d" relativeResultsDirectory="6e710b76-a1f0-46b8-98e5-e0d327a09178" />
    <UnitTestResult executionId="77c5785e-8325-4b4b-9e2c-60db75522297" testId="56daa523-994a-48da-1a7f-9c020f5ad06b" testName="VirtualCompany.Finance.Tests.AdvancedReconciliationServiceTests.Batch_deposit_acceptance_allocates_exact_receivables_and_retains_accepted_evidence" computerName="DESKTOP-388F6FT" duration="00:00:11.1100097" startTime="2026-08-31T07:39:39.3955631+02:00" endTime="2026-08-31T07:39:39.3955631+02:00" testType="13cdc9d9-ddb5-4fa4-a97d-d965ccfc6d4b" outcome="Passed" testListId="8c84fa94-04c1-424b-9868-57a2d4851a1d" relativeResultsDirectory="77c5785e-8325-4b4b-9e2c-60db75522297" />
    <UnitTestResult executionId="10224f2a-4628-426a-b232-d1d5a8c78cce" testId="0e7f3924-c2ca-544a-a27a-332f483576e6" testName="VirtualCompany.Finance.Tests.SupplierSubscriptionServiceTests.Invalid_terms_are_rejected(expectedAmount: 100, amountTolerance: 0, dateToleranceDays: -1, cadence: &quot;monthly&quot;)" computerName="DESKTOP-388F6FT" duration="00:00:00.0000219" startTime="2026-08-31T07:39:27.5244329+02:00" endTime="2026-08-31T07:39:27.5244330+02:00" testType="13cdc9d9-ddb5-4fa4-a97d-d965ccfc6d4b" outcome="Passed" testListId="8c84fa94-04c1-424b-9868-57a2d4851a1d" relativeResultsDirectory="10224f2a-4628-426a-b232-d1d5a8c78cce" />
    <UnitTestResult executionId="d202814c-1958-43c7-a7af-88289a5a06c8" testId="7d681fc9-1a19-3ed7-f1a0-4506eef2782b" testName="VirtualCompany.Finance.Tests.BankStatementImportResumabilityTests.Preview_scans_then_parses_the_recoverable_object_storage_copy" computerName="DESKTOP-388F6FT" duration="00:00:14.6108176" startTime="2026-08-31T07:39:42.8249193+02:00" endTime="2026-08-31T07:39:42.8249193+02:00" testType="13cdc9d9-ddb5-4fa4-a97d-d965ccfc6d4b" outcome="Passed" testListId="8c84fa94-04c1-424b-9868-57a2d4851a1d" relativeResultsDirectory="d202814c-1958-43c7-a7af-88289a5a06c8" />
    <UnitTestResult executionId="562efbbb-69d4-4e54-a720-70551730b9cb" testId="92c93e2b-15c5-7f19-3b9f-988653047782" testName="VirtualCompany.Finance.Tests.PaymentBatchEligibilityPolicyTests.Evaluate_honors_configured_bank_holidays" computerName="DESKTOP-388F6FT" duration="00:00:00.0018330" startTime="2026-08-31T07:39:10.7914171+02:00" endTime="2026-08-31T07:39:10.7914172+02:00" testType="13cdc9d9-ddb5-4fa4-a97d-d965ccfc6d4b" outcome="Passed" testListId="8c84fa94-04c1-424b-9868-57a2d4851a1d" relativeResultsDirectory="562efbbb-69d4-4e54-a720-70551730b9cb" />
    <UnitTestResult executionId="e33dfb1a-4d32-4b49-b717-f38a7332551e" testId="38de862e-2d14-7bd5-b02f-08c28bdcfd2d" testName="VirtualCompany.Finance.Tests.AccountingProviderSwitchServiceTests.Queries_and_mutations_are_explicitly_company_scoped" computerName="DESKTOP-388F6FT" duration="00:00:09.7924274" startTime="2026-08-31T07:39:46.2934543+02:00" endTime="2026-08-31T07:39:46.2934544+02:00" testType="13cdc9d9-ddb5-4fa4-a97d-d965ccfc6d4b" outcome="Passed" testListId="8c84fa94-04c1-424b-9868-57a2d4851a1d" relativeResultsDirectory="e33dfb1a-4d32-4b49-b717-f38a7332551e" />
    <UnitTestResult executionId="b347f993-b4ce-4b52-8ce1-751915d6027b" testId="631663c1-5371-1f54-b962-4ba80f832c2a" testName="VirtualCompany.Finance.Tests.AccountingAdministrationServiceTests.Series_policy_is_scoped_versioned_and_keeps_provider_mapping" computerName="DESKTOP-388F6FT" duration="00:00:07.0901975" startTime="2026-08-31T07:39:59.5963088+02:00" endTime="2026-08-31T07:39:59.5963088+02:00" testType="13cdc9d9-ddb5-4fa4-a97d-d965ccfc6d4b" outcome="Passed" testListId="8c84fa94-04c1-424b-9868-57a2d4851a1d" relativeResultsDirectory="b347f993-b4ce-4b52-8ce1-751915d6027b" />
    <UnitTestResult executionId="27862e61-ec63-4108-a6ad-c4464a24b738" testId="7a7f6367-e30e-4477-f6e5-fde6205e0dc9" testName="VirtualCompany.Finance.Tests.ComplianceObligationMigrationTests.Accountant_fixture_keeps_pack_hash_and_human_review_boundary" computerName="DESKTOP-388F6FT" duration="00:00:00.0077572" startTime="2026-08-31T07:39:14.1865211+02:00" endTime="2026-08-31T07:39:14.1865212+02:00" testType="13cdc9d9-ddb5-4fa4-a97d-d965ccfc6d4b" outcome="Passed" testListId="8c84fa94-04c1-424b-9868-57a2d4851a1d" relativeResultsDirectory="27862e61-ec63-4108-a6ad-c4464a24b738" />
    <UnitTestResult executionId="c547337b-a49a-41b8-8d36-48bce324918b" testId="0f65a0c9-c4a4-4037-b10b-b766d8826531" testName="VirtualCompany.Finance.Tests.BankConnectionServiceTests.Provider_errors_are_translated_to_safe_stable_reason_codes" computerName="DESKTOP-388F6FT" duration="00:00:05.2299669" startTime="2026-08-31T07:40:07.0256670+02:00" endTime="2026-08-31T07:40:07.0256671+02:00" testType="13cdc9d9-ddb5-4fa4-a97d-d965ccfc6d4b" outcome="Passed" testListId="8c84fa94-04c1-424b-9868-57a2d4851a1d" relativeResultsDirectory="c547337b-a49a-41b8-8d36-48bce324918b" />
    <UnitTestResult executionId="13e52535-da1e-4e86-a765-a54014f4b8aa" testId="117d16f4-944c-f6b4-4e45-ddceeab4f50b" testName="VirtualCompany.Finance.Tests.AccountingProviderSwitchServiceTests.Period_and_source_authority_validation_return_stable_policy_results" computerName="DESKTOP-388F6FT" duration="00:00:16.7280310" startTime="2026-08-31T07:39:27.5116789+02:00" endTime="2026-08-31T07:39:27.5116790+02:00" testType="13cdc9d9-ddb5-4fa4-a97d-d965ccfc6d4b" outcome="Passed" testListId="8c84fa94-04c1-424b-9868-57a2d4851a1d" relativeResultsDirectory="13e52535-da1e-4e86-a765-a54014f4b8aa" />
    <UnitTestResult executionId="c4301931-d975-46c4-87fd-ebdb1bb95404" testId="901e9787-7828-72ff-acd3-be6e0f1ad51e" testName="VirtualCompany.Finance.Tests.AccountingCloseGovernanceDomainTests.Waiver_Applies_Only_To_Exact_Unexpired_Evidence" computerName="DESKTOP-388F6FT" duration="00:00:00.0006057" startTime="2026-08-31T07:39:15.0099268+02:00" endTime="2026-08-31T07:39:15.0099269+02:00" testType="13cdc9d9-ddb5-4fa4-a97d-d965ccfc6d4b" outcome="Passed" testListId="8c84fa94-04c1-424b-9868-57a2d4851a1d" relativeResultsDirectory="c4301931-d975-46c4-87fd-ebdb1bb95404" />
    <UnitTestResult executionId="35465d46-089a-427a-ae69-e18501b403a4" testId="aaee6c03-45c1-fbb0-20fd-6611ec876161" testName="VirtualCompany.Finance.Tests.CustomerInvoiceCorrectionPolicyTests.Refund_execution_stops_ambiguous_outcomes_and_adjustments_preserve_original_allocation" computerName="DESKTOP-388F6FT" duration="00:00:00.0009165" startTime="2026-08-31T07:39:28.5068016+02:00" endTime="2026-08-31T07:39:28.5068017+02:00" testType="13cdc9d9-ddb5-4fa4-a97d-d965ccfc6d4b" outcome="Passed" testListId="8c84fa94-04c1-424b-9868-57a2d4851a1d" relativeResultsDirectory="35465d46-089a-427a-ae69-e18501b403a4" />
    <UnitTestResult executionId="286ea853-3361-40a9-91ea-019cbb41b3b2" testId="16337182-219b-fbf9-026c-bfba249725a8" testName="VirtualCompany.Finance.Tests.CustomerInvoiceDeliveryFallbackPolicyTests.Uncertain_or_retryable_peppol_outcome_never_triggers_email_fallback(outcome: &quot;retryable_failure&quot;)" computerName="DESKTOP-388F6FT" duration="00:00:00.0084585" startTime="2026-08-31T07:39:28.9965968+02:00" endTime="2026-08-31T07:39:28.9965969+02:00" testType="13cdc9d9-ddb5-4fa4-a97d-d965ccfc6d4b" outcome="Passed" testListId="8c84fa94-04c1-424b-9868-57a2d4851a1d" relativeResultsDirectory="286ea853-3361-40a9-91ea-019cbb41b3b2" />
    <UnitTestResult executionId="5adf078d-e52c-4cca-b3d1-799a73c55212" testId="dbd92a82-a185-cfe0-e46d-38d858be6b40" testName="VirtualCompany.Finance.Tests.AccountingAuthorityPolicyTests.Internal_authority_routes_support_customer_credit_to_native_finance_review_without_a_provider" computerName="DESKTOP-388F6FT" duration="00:00:10.0458339" startTime="2026-08-31T07:39:53.3609298+02:00" endTime="2026-08-31T07:39:53.3609299+02:00" testType="13cdc9d9-ddb5-4fa4-a97d-d965ccfc6d4b" outcome="Passed" testListId="8c84fa94-04c1-424b-9868-57a2d4851a1d" relativeResultsDirectory="5adf078d-e52c-4cca-b3d1-799a73c55212" />
    <UnitTestResult executionId="80f06ae1-4b45-4724-8691-4f00a0bdfc44" testId="1392dd19-dc95-8f13-8ba5-59937eabf15f" testName="VirtualCompany.Finance.Tests.AccountingTaxDecisionPolicyTests.Configuration_validation_rejects_duplicate_versions_intersecting_applicability_and_unbalanced_shapes" computerName="DESKTOP-388F6FT" duration="00:00:00.0011678" startTime="2026-08-31T07:39:10.8525382+02:00" endTime="2026-08-31T07:39:10.8525383+02:00" testType="13cdc9d9-ddb5-4fa4-a97d-d965ccfc6d4b" outcome="Passed" testListId="8c84fa94-04c1-424b-9868-57a2d4851a1d" relativeResultsDirectory="80f06ae1-4b45-4724-8691-4f00a0bdfc44" />
    <UnitTestResult executionId="818924c0-cfd9-437e-a06e-8bf3746b1e61" testId="244e3b7c-b6b2-9ff0-e23c-7e024addba4d" testName="VirtualCompany.Finance.Tests.AccountingProviderSwitchRehearsalServiceTests.Changed_staging_evidence_makes_generated_plan_stale" computerName="DESKTOP-388F6FT" duration="00:00:18.1940146" startTime="2026-08-31T07:39:28.9660231+02:00" endTime="2026-08-31T07:39:28.9660233+02:00" testType="13cdc9d9-ddb5-4fa4-a97d-d965ccfc6d4b" outcome="Passed" testListId="8c84fa94-04c1-424b-9868-57a2d4851a1d" relativeResultsDirectory="818924c0-cfd9-437e-a06e-8bf3746b1e61" />
    <UnitTestResult executionId="c93b4061-a6aa-499e-92df-8a2b9cd41a7e" testId="32fa1ff3-b242-61ce-6074-847204513534" testName="VirtualCompany.Finance.Tests.AdvancedLedgerGoldenScenarioTests.P3_golden_scenario_reproduces_currency_dimension_schedule_asset_and_close_controls" computerName="DESKTOP-388F6FT" duration="00:00:00.0199772" startTime="2026-08-31T07:39:10.7919410+02:00" endTime="2026-08-31T07:39:10.7919411+02:00" testType="13cdc9d9-ddb5-4fa4-a97d-d965ccfc6d4b" outcome="Passed" testListId="8c84fa94-04c1-424b-9868-57a2d4851a1d" relativeResultsDirectory="c93b4061-a6aa-499e-92df-8a2b9cd41a7e" />
    <UnitTestResult executionId="348111af-0336-4b33-bb9d-a1a3e8a037c3" testId="2822cd50-5b97-6e35-8c02-3ac2cc7f60a6" testName="VirtualCompany.Finance.Tests.AuditPackageTests.All_audit_package_entities_have_tenant_query_filters" computerName="DESKTOP-388F6FT" duration="00:00:03.2901390" startTime="2026-08-31T07:39:14.1527011+02:00" endTime="2026-08-31T07:39:14.1527012+02:00" testType="13cdc9d9-ddb5-4fa4-a97d-d965ccfc6d4b" outcome="Passed" testListId="8c84fa94-04c1-424b-9868-57a2d4851a1d" relativeResultsDirectory="348111af-0336-4b33-bb9d-a1a3e8a037c3" />
    <UnitTestResult executionId="973272eb-6ac1-443f-b2e4-34a981a426b4" testId="b4917f86-6075-0dcf-9348-3dad8ae38b8d" testName="VirtualCompany.Finance.Tests.B2BRouterPeppolDeliveryTests.Directory_contract_classifies_participant_and_retry_evidence(statusCode: Accepted, expectedStatus: &quot;pending&quot;, expectedRetryable: True)" computerName="DESKTOP-388F6FT" duration="00:00:00.0000038" startTime="2026-08-31T07:39:10.7888623+02:00" endTime="2026-08-31T07:39:10.7888623+02:00" testType="13cdc9d9-ddb5-4fa4-a97d-d965ccfc6d4b" outcome="Passed" testListId="8c84fa94-04c1-424b-9868-57a2d4851a1d" relativeResultsDirectory="973272eb-6ac1-443f-b2e4-34a981a426b4" />
    <UnitTestResult executionId="5584a194-2824-4371-a5ae-077b2ff070e3" testId="d6ca24fe-9649-a403-3370-fa21fc8a0dc5" testName="VirtualCompany.Finance.Tests.CustomerInvoiceDraftTests.Edit_after_approval_invalidates_exact_version_and_readiness_reports_stale_approval" computerName="DESKTOP-388F6FT" duration="00:00:10.4028351" startTime="2026-08-31T07:39:49.3330925+02:00" endTime="2026-08-31T07:39:49.3330925+02:00" testType="13cdc9d9-ddb5-4fa4-a97d-d965ccfc6d4b" outcome="Passed" testListId="8c84fa94-04c1-424b-9868-57a2d4851a1d" relativeResultsDirectory="5584a194-2824-4371-a5ae-077b2ff070e3" />
    <UnitTestResult executionId="24cb0005-b80a-4c7b-91b3-ca618aa6eb39" testId="20f1f2d4-abd1-4bc4-794e-cea775e8867b" testName="VirtualCompany.Finance.Tests.AccountingPolicyPackValidationTests.Evidence_requires_bounded_attributable_metadata_and_sha256_hashes" computerName="DESKTOP-388F6FT" duration="00:00:00.0001903" startTime="2026-08-31T07:39:15.0390889+02:00" endTime="2026-08-31T07:39:15.0390889+02:00" testType="13cdc9d9-ddb5-4fa4-a97d-d965ccfc6d4b" outcome="Passed" testListId="8c84fa94-04c1-424b-9868-57a2d4851a1d" relativeResultsDirectory="24cb0005-b80a-4c7b-91b3-ca618aa6eb39" />
    <UnitTestResult executionId="1e8265a1-39aa-42eb-a885-ed1edeb48020" testId="a882d7f8-038c-c7a2-4f33-2cf2e4261985" testName="VirtualCompany.Finance.Tests.TreasuryMovementServiceTests.Stale_bank_link_version_is_rejected_before_evidence_changes" computerName="DESKTOP-388F6FT" duration="00:00:15.1112598" startTime="2026-08-31T07:39:43.6933200+02:00" endTime="2026-08-31T07:39:43.6933201+02:00" testType="13cdc9d9-ddb5-4fa4-a97d-d965ccfc6d4b" outcome="Passed" testListId="8c84fa94-04c1-424b-9868-57a2d4851a1d" relativeResultsDirectory="1e8265a1-39aa-42eb-a885-ed1edeb48020" />
    <UnitTestResult executionId="14668b3e-0f66-4825-b131-75d38dd5eb36" testId="930e689d-2a47-9ea4-94a4-0c0653ac2da6" testName="VirtualCompany.Finance.Tests.EnableBankingProviderContractTests.Payment_webhook_requires_trusted_rs256_signature_subject_environment_and_body_digest" computerName="DESKTOP-388F6FT" duration="00:00:00.0934304" startTime="2026-08-31T07:39:15.0030770+02:00" endTime="2026-08-31T07:39:15.0030772+02:00" testType="13cdc9d9-ddb5-4fa4-a97d-d965ccfc6d4b" outcome="Passed" testListId="8c84fa94-04c1-424b-9868-57a2d4851a1d" relativeResultsDirectory="14668b3e-0f66-4825-b131-75d38dd5eb36" />
    <UnitTestResult executionId="32af4656-acb1-410e-ab46-5515c76e4157" testId="959dfd46-6511-b58b-1427-c5bd0a219526" testName="VirtualCompany.Finance.Tests.FixedAssetDomainTests.Component_depreciation_reversal_restores_exact_retained_allocations" computerName="DESKTOP-388F6FT" duration="00:00:00.0008419" startTime="2026-08-31T07:39:10.7917210+02:00" endTime="2026-08-31T07:39:10.7917210+02:00" testType="13cdc9d9-ddb5-4fa4-a97d-d965ccfc6d4b" outcome="Passed" testListId="8c84fa94-04c1-424b-9868-57a2d4851a1d" relativeResultsDirectory="32af4656-acb1-410e-ab46-5515c76e4157" />
    <UnitTestResult executionId="5a3393e4-49f9-4233-87dc-6ea0505bbf8c" testId="837e4d1c-45f5-9360-5cf8-2c9fd8b42dea" testName="VirtualCompany.Finance.Tests.AccountingProviderSwitchCutoverTests.Execution_enforces_freeze_transfer_reconciliation_and_activation_order" computerName="DESKTOP-388F6FT" duration="00:00:00.0026102" startTime="2026-08-31T07:39:41.4647776+02:00" endTime="2026-08-31T07:39:41.4647776+02:00" testType="13cdc9d9-ddb5-4fa4-a97d-d965ccfc6d4b" outcome="Passed" testListId="8c84fa94-04c1-424b-9868-57a2d4851a1d" relativeResultsDirectory="5a3393e4-49f9-4233-87dc-6ea0505bbf8c" />
    <UnitTestResult executionId="a28836d7-9926-4cba-b1a0-e969744f3932" testId="7b2825df-b757-b803-347e-74f1abb37302" testName="VirtualCompany.Finance.Tests.CustomerInvoiceScheduleDomainTests.Weekend_convention_and_occurrence_lease_prevent_duplicate_claims" computerName="DESKTOP-388F6FT" duration="00:00:00.0000797" startTime="2026-08-31T07:39:14.1885580+02:00" endTime="2026-08-31T07:39:14.1885581+02:00" testType="13cdc9d9-ddb5-4fa4-a97d-d965ccfc6d4b" outcome="Passed" testListId="8c84fa94-04c1-424b-9868-57a2d4851a1d" relativeResultsDirectory="a28836d7-9926-4cba-b1a0-e969744f3932" />
    <UnitTestResult executionId="0b1c1a59-d635-44c8-be5f-ecb66ef8ed52" testId="4f46d2ff-babe-f5aa-c0f4-7ca9898b8209" testName="VirtualCompany.Finance.Tests.AccountingOperationsTests.Expired_worker_lease_resumes_the_same_run_without_replaying_completed_work" computerName="DESKTOP-388F6FT" duration="00:00:06.6183092" startTime="2026-08-31T07:40:01.7281925+02:00" endTime="2026-08-31T07:40:01.7281925+02:00" testType="13cdc9d9-ddb5-4fa4-a97d-d965ccfc6d4b" outcome="Passed" testListId="8c84fa94-04c1-424b-9868-57a2d4851a1d" relativeResultsDirectory="0b1c1a59-d635-44c8-be5f-ecb66ef8ed52" />
    <UnitTestResult executionId="68be0f83-35bf-4a8a-8b12-f0671e0ac26f" testId="3f6f4c76-7611-88e1-c6e0-d85a45fa0f0c" testName="VirtualCompany.Finance.Tests.PaidSupplierBillExpensePostingEligibilityTests.Invalid_state_returns_stable_reason_code(documentKind: &quot;supplier_invoice&quot;, postingStatus: &quot;draft&quot;, settlementStatus: &quot;open&quot;, fallbackStatus: &quot;open&quot;, isFullyPaid: False, accountCode: &quot;6540&quot;, expectedReasonCode: &quot;bill_not_fully_paid&quot;)" computerName="DESKTOP-388F6FT" duration="00:00:00.0000197" startTime="2026-08-31T07:39:41.4688179+02:00" endTime="2026-08-31T07:39:41.4688179+02:00" testType="13cdc9d9-ddb5-4fa4-a97d-d965ccfc6d4b" outcome="Passed" testListId="8c84fa94-04c1-424b-9868-57a2d4851a1d" relativeResultsDirectory="68be0f83-35bf-4a8a-8b12-f0671e0ac26f" />
    <UnitTestResult executionId="a4930dae-f719-465f-9fdb-f865995f371b" testId="6df08b40-2bdf-76c2-6a86-47bd56f31db7" testName="VirtualCompany.Finance.Tests.YearEndRolloverDomainTests.Approval_requires_independent_reviewer_and_exact_evidence" computerName="DESKTOP-388F6FT" duration="00:00:00.0016476" startTime="2026-08-31T07:39:14.1824422+02:00" endTime="2026-08-31T07:39:14.1824423+02:00" testType="13cdc9d9-ddb5-4fa4-a97d-d965ccfc6d4b" outcome="Passed" testListId="8c84fa94-04c1-424b-9868-57a2d4851a1d" relativeResultsDirectory="a4930dae-f719-465f-9fdb-f865995f371b" />
    <UnitTestResult executionId="d992dff2-e044-4b79-9283-7227856a393e" testId="8b50c1a3-3910-c77c-64c4-e1c706921528" testName="VirtualCompany.Finance.Tests.InternalLedgerProviderSwitchAdapterTests.Capability_profile_is_explicit_and_inventory_is_company_scoped" computerName="DESKTOP-388F6FT" duration="00:00:10.2961005" startTime="2026-08-31T07:39:53.2540216+02:00" endTime="2026-08-31T07:39:53.2540217+02:00" testType="13cdc9d9-ddb5-4fa4-a97d-d965ccfc6d4b" outcome="Passed" testListId="8c84fa94-04c1-424b-9868-57a2d4851a1d" relativeResultsDirectory="d992dff2-e044-4b79-9283-7227856a393e" />
    <UnitTestResult executionId="d948125e-a430-4c52-b21c-86de170e9f6d" testId="dba2fc6c-bcbd-14c0-2dba-11f02ece6ba8" testName="VirtualCompany.Finance.Tests.AdvancedReconciliationGraphTests.Stale_version_and_replayed_decision_are_rejected_without_mutating_history" computerName="DESKTOP-388F6FT" duration="00:00:00.0003160" startTime="2026-08-31T07:39:15.0691575+02:00" endTime="2026-08-31T07:39:15.0691576+02:00" testType="13cdc9d9-ddb5-4fa4-a97d-d965ccfc6d4b" outcome="Passed" testListId="8c84fa94-04c1-424b-9868-57a2d4851a1d" relativeResultsDirectory="d948125e-a430-4c52-b21c-86de170e9f6d" />
    <UnitTestResult executionId="cbc62d98-79ce-4fc9-ae5d-e11b46734209" testId="e3c87ef5-1b30-30fc-13a2-ecc5f4ebab1c" testName="VirtualCompany.Finance.Tests.AccountingCloseServiceTests.Exact_pending_sign_off_blocks_completion_and_approved_sign_off_allows_it" computerName="DESKTOP-388F6FT" duration="00:00:01.9532117" startTime="2026-08-31T07:40:10.5661267+02:00" endTime="2026-08-31T07:40:10.5661268+02:00" testType="13cdc9d9-ddb5-4fa4-a97d-d965ccfc6d4b" outcome="Passed" testListId="8c84fa94-04c1-424b-9868-57a2d4851a1d" relativeResultsDirectory="cbc62d98-79ce-4fc9-ae5d-e11b46734209" />
    <UnitTestResult executionId="75edfdec-5c62-40c7-8e20-daa3dbaab969" testId="898e21bf-a21c-0393-4d98-908d086e0b67" testName="VirtualCompany.Finance.Tests.AccountingProviderSwitchServiceTests.External_authority_supports_inbound_and_provider_to_provider_directions" computerName="DESKTOP-388F6FT" duration="00:00:08.7076678" startTime="2026-08-31T07:39:55.0011650+02:00" endTime="2026-08-31T07:39:55.0011651+02:00" testType="13cdc9d9-ddb5-4fa4-a97d-d965ccfc6d4b" outcome="Passed" testListId="8c84fa94-04c1-424b-9868-57a2d4851a1d" relativeResultsDirectory="75edfdec-5c62-40c7-8e20-daa3dbaab969" />
    <UnitTestResult executionId="f9759a19-b6ac-4c6d-9784-c7a4a1b3a736" testId="e763dc5f-9bb5-edbb-6027-791a8c0988f9" testName="VirtualCompany.Finance.Tests.PaymentBatchEligibilityPolicyTests.Evaluate_blocks_control_failures_with_stable_reason_codes(held: False, disputed: False, settled: False, duplicate: False, beneficiaryVerified: False, sourceCurrent: True, cash: 5000, expectedReasonCode: &quot;payment_batch_beneficiary_unverified&quot;)" computerName="DESKTOP-388F6FT" duration="00:00:00.0000133" startTime="2026-08-31T07:39:10.7908304+02:00" endTime="2026-08-31T07:39:10.7908304+02:00" testType="13cdc9d9-ddb5-4fa4-a97d-d965ccfc6d4b" outcome="Passed" testListId="8c84fa94-04c1-424b-9868-57a2d4851a1d" relativeResultsDirectory="f9759a19-b6ac-4c6d-9784-c7a4a1b3a736" />
    <UnitTestResult executionId="97ac404a-9a0d-4dda-b287-17ca08e30256" testId="760e539f-f2ad-0324-33a8-6eb6dd6fe514" testName="VirtualCompany.Finance.Tests.AccountingProviderSwitchTests.Strategy_values_are_normalized(input: &quot;opening-balances-and-open-items&quot;, expected: &quot;opening_balances_and_open_items&quot;)" computerName="DESKTOP-388F6FT" duration="00:00:00.0000372" startTime="2026-08-31T07:39:10.8461447+02:00" endTime="2026-08-31T07:39:10.8461448+02:00" testType="13cdc9d9-ddb5-4fa4-a97d-d965ccfc6d4b" outcome="Passed" testListId="8c84fa94-04c1-424b-9868-57a2d4851a1d" relativeResultsDirectory="97ac404a-9a0d-4dda-b287-17ca08e30256" />
    <UnitTestResult executionId="1f81e4d5-89c5-460b-a6a8-6485938d2ba9" testId="13b23984-acb2-7dd4-4844-94a9dfecdf90" testName="VirtualCompany.Finance.Tests.ComplianceObligationDomainTests.Due_date_before_period_end_is_rejected" computerName="DESKTOP-388F6FT" duration="00:00:00.0001493" startTime="2026-08-31T07:39:42.9574919+02:00" endTime="2026-08-31T07:39:42.9574919+02:00" testType="13cdc9d9-ddb5-4fa4-a97d-d965ccfc6d4b" outcome="Passed" testListId="8c84fa94-04c1-424b-9868-57a2d4851a1d" relativeResultsDirectory="1f81e4d5-89c5-460b-a6a8-6485938d2ba9" />
    <UnitTestResult executionId="c4c2a68f-94c3-48c8-873d-0ec7ecab8911" testId="5a0f6982-4ef9-fc70-1ae3-a06cfc0ff65b" testName="VirtualCompany.Finance.Tests.PaidSupplierBillExpensePostingEligibilityTests.Fully_paid_supplier_invoice_with_expense_account_is_allowed" computerName="DESKTOP-388F6FT" duration="00:00:00.0001299" startTime="2026-08-31T07:39:41.4689666+02:00" endTime="2026-08-31T07:39:41.4689666+02:00" testType="13cdc9d9-ddb5-4fa4-a97d-d965ccfc6d4b" outcome="Passed" testListId="8c84fa94-04c1-424b-9868-57a2d4851a1d" relativeResultsDirectory="c4c2a68f-94c3-48c8-873d-0ec7ecab8911" />
    <UnitTestResult executionId="f0c4b6c0-26a7-4b88-ae12-33075756036b" testId="44f88709-dc03-4469-7ab1-38307d439d4d" testName="VirtualCompany.Finance.Tests.B2BRouterPeppolDeliveryTests.Directory_contract_classifies_participant_and_retry_evidence(statusCode: NotFound, expectedStatus: &quot;not_found&quot;, expectedRetryable: False)" computerName="DESKTOP-388F6FT" duration="00:00:00.0000011" startTime="2026-08-31T07:39:10.7889077+02:00" endTime="2026-08-31T07:39:10.7889077+02:00" testType="13cdc9d9-ddb5-4fa4-a97d-d965ccfc6d4b" outcome="Passed" testListId="8c84fa94-04c1-424b-9868-57a2d4851a1d" relativeResultsDirectory="f0c4b6c0-26a7-4b88-ae12-33075756036b" />
    <UnitTestResult executionId="487b2177-50e0-48e0-a630-c5330d1f69df" testId="c87cfbb2-ce23-5fad-b862-13378bad11c8" testName="VirtualCompany.Finance.Tests.AccountingProviderSwitchTargetTransferServiceTests.Approved_internal_to_fortnox_plan_builds_idempotent_approval_backed_package_without_changing_authority" computerName="DESKTOP-388F6FT" duration="00:00:10.6366748" startTime="2026-08-31T07:39:38.5398462+02:00" endTime="2026-08-31T07:39:38.5398463+02:00" testType="13cdc9d9-ddb5-4fa4-a97d-d965ccfc6d4b" outcome="Passed" testListId="8c84fa94-04c1-424b-9868-57a2d4851a1d" relativeResultsDirectory="487b2177-50e0-48e0-a630-c5330d1f69df" />
    <UnitTestResult executionId="03d26d4e-37f5-4840-b789-aac9e073333a" testId="37147db3-8a98-a4c9-8606-284ae704cb14" testName="VirtualCompany.Finance.Tests.ReportDefinitionTests.Snapshot_keeps_exact_definition_version_and_hash" computerName="DESKTOP-388F6FT" duration="00:00:00.0002951" startTime="2026-08-31T07:39:38.5431311+02:00" endTime="2026-08-31T07:39:38.5431311+02:00" testType="13cdc9d9-ddb5-4fa4-a97d-d965ccfc6d4b" outcome="Passed" testListId="8c84fa94-04c1-424b-9868-57a2d4851a1d" relativeResultsDirectory="03d26d4e-37f5-4840-b789-aac9e073333a" />
    <UnitTestResult executionId="a582ced0-f563-48ee-bd78-69f68f2f8d54" testId="69585d2d-2795-38c1-54c2-3b1b6e9fe2f6" testName="VirtualCompany.Finance.Tests.BankFeedSynchronizationTests.Missing_balance_marker_opens_a_gap_and_authorized_bounded_recovery_resolves_it" computerName="DESKTOP-388F6FT" duration="00:00:04.3568276" startTime="2026-08-31T07:40:08.5915252+02:00" endTime="2026-08-31T07:40:08.5915252+02:00" testType="13cdc9d9-ddb5-4fa4-a97d-d965ccfc6d4b" outcome="Passed" testListId="8c84fa94-04c1-424b-9868-57a2d4851a1d" relativeResultsDirectory="a582ced0-f563-48ee-bd78-69f68f2f8d54" />
    <UnitTestResult executionId="64af1d87-6788-4790-b014-a801753105b4" testId="f99403a4-86db-fcfa-d99f-e4d7bad83858" testName="VirtualCompany.Finance.Tests.PaymentBatchEligibilityPolicyTests.Evaluate_blocks_control_failures_with_stable_reason_codes(held: False, disputed: False, settled: False, duplicate: False, beneficiaryVerified: True, sourceCurrent: False, cash: 5000, expectedReasonCode: &quot;payment_batch_source_changed&quot;)" computerName="DESKTOP-388F6FT" duration="00:00:00.0106671" startTime="2026-08-31T07:39:10.7903019+02:00" endTime="2026-08-31T07:39:10.7903019+02:00" testType="13cdc9d9-ddb5-4fa4-a97d-d965ccfc6d4b" outcome="Passed" testListId="8c84fa94-04c1-424b-9868-57a2d4851a1d" relativeResultsDirectory="64af1d87-6788-4790-b014-a801753105b4" />
    <UnitTestResult executionId="77fa08cd-1dcd-4166-8bdc-57712905bdd7" testId="f2e015b9-745d-33d7-0421-26fe9a90b574" testName="VirtualCompany.Finance.Tests.AccountingProviderSwitchTests.Strategy_values_are_normalized(input: &quot; full_history &quot;, expected: &quot;full_history&quot;)" computerName="DESKTOP-388F6FT" duration="00:00:00.0000053" startTime="2026-08-31T07:39:10.8462752+02:00" endTime="2026-08-31T07:39:10.8462753+02:00" testType="13cdc9d9-ddb5-4fa4-a97d-d965ccfc6d4b" outcome="Passed" testListId="8c84fa94-04c1-424b-9868-57a2d4851a1d" relativeResultsDirectory="77fa08cd-1dcd-4166-8bdc-57712905bdd7" />
    <UnitTestResult executionId="46573a7b-40c9-4a02-b966-d313481246bc" testId="84653130-034f-86f6-2696-600c09242603" testName="VirtualCompany.Finance.Tests.CurrencyRevaluationDomainTests.Exact_proposal_moves_through_approval_posting_and_idempotent_reversal" computerName="DESKTOP-388F6FT" duration="00:00:00.0004765" startTime="2026-08-31T07:39:15.0741019+02:00" endTime="2026-08-31T07:39:15.0741019+02:00" testType="13cdc9d9-ddb5-4fa4-a97d-d965ccfc6d4b" outcome="Passed" testListId="8c84fa94-04c1-424b-9868-57a2d4851a1d" relativeResultsDirectory="46573a7b-40c9-4a02-b966-d313481246bc" />
    <UnitTestResult executionId="73d2beba-f358-4705-9ee8-f5a87e395f59" testId="a2455a9b-1870-f032-43f0-a2a2d00c9b40" testName="VirtualCompany.Finance.Tests.YearEndRolloverDomainTests.Golden_lifecycle_requires_posting_then_zero_difference_reconciliation" computerName="DESKTOP-388F6FT" duration="00:00:00.0001709" startTime="2026-08-31T07:39:14.1864868+02:00" endTime="2026-08-31T07:39:14.1864868+02:00" testType="13cdc9d9-ddb5-4fa4-a97d-d965ccfc6d4b" outcome="Passed" testListId="8c84fa94-04c1-424b-9868-57a2d4851a1d" relativeResultsDirectory="73d2beba-f358-4705-9ee8-f5a87e395f59" />
    <UnitTestResult executionId="35477e09-dbd6-4bcc-93f1-fd5fa532ee14" testId="fd78a5e4-68b0-42c7-fb18-f02451ca7e56" testName="VirtualCompany.Finance.Tests.ExchangeRateServiceTests.Corrections_are_linked_append_only_and_become_authoritative_only_after_approval" computerName="DESKTOP-388F6FT" duration="00:00:13.6936545" startTime="2026-08-31T07:39:28.7684255+02:00" endTime="2026-08-31T07:39:28.7684256+02:00" testType="13cdc9d9-ddb5-4fa4-a97d-d965ccfc6d4b" outcome="Passed" testListId="8c84fa94-04c1-424b-9868-57a2d4851a1d" relativeResultsDirectory="35477e09-dbd6-4bcc-93f1-fd5fa532ee14" />
    <UnitTestResult executionId="84e47288-7108-460f-a644-8338b6c7f6f2" testId="3910e5f0-be89-4725-cd5e-3bea08337f03" testName="VirtualCompany.Finance.Tests.CustomerInvoiceAccountingPolicyTests.Exclusive_tax_pack_produces_balanced_receivable_revenue_and_tax_lines" computerName="DESKTOP-388F6FT" duration="00:00:03.9169598" startTime="2026-08-31T07:40:08.6371804+02:00" endTime="2026-08-31T07:40:08.6371805+02:00" testType="13cdc9d9-ddb5-4fa4-a97d-d965ccfc6d4b" outcome="Passed" testListId="8c84fa94-04c1-424b-9868-57a2d4851a1d" relativeResultsDirectory="84e47288-7108-460f-a644-8338b6c7f6f2" />
    <UnitTestResult executionId="4d53245e-7f8f-4833-b039-c1e0a12e8343" testId="5ea63156-e19b-7596-936b-7a774962009c" testName="VirtualCompany.Finance.Tests.BankFeedSynchronizationTests.Changed_booked_payload_under_the_same_identity_is_not_overwritten" computerName="DESKTOP-388F6FT" duration="00:00:01.9531800" startTime="2026-08-31T07:40:10.5447415+02:00" endTime="2026-08-31T07:40:10.5447415+02:00" testType="13cdc9d9-ddb5-4fa4-a97d-d965ccfc6d4b" outcome="Passed" testListId="8c84fa94-04c1-424b-9868-57a2d4851a1d" relativeResultsDirectory="4d53245e-7f8f-4833-b039-c1e0a12e8343" />
    <UnitTestResult executionId="d7673bbe-afbf-4807-8990-c1340b0d581c" testId="d8ed3f39-7073-0201-da33-51aa7dab9fd9" testName="VirtualCompany.Finance.Tests.PaymentBatchEligibilityPolicyTests.Evaluate_blocks_control_failures_with_stable_reason_codes(held: True, disputed: False, settled: False, duplicate: False, beneficiaryVerified: True, sourceCurrent: True, cash: 5000, expectedReasonCode: &quot;payment_batch_obligation_held&quot;)" computerName="DESKTOP-388F6FT" duration="00:00:00.0003448" startTime="2026-08-31T07:39:10.7907145+02:00" endTime="2026-08-31T07:39:10.7907145+02:00" testType="13cdc9d9-ddb5-4fa4-a97d-d965ccfc6d4b" outcome="Passed" testListId="8c84fa94-04c1-424b-9868-57a2d4851a1d" relativeResultsDirectory="d7673bbe-afbf-4807-8990-c1340b0d581c" />
    <UnitTestResult executionId="a0d0a05d-bbb8-4d30-9e0e-8a3201d123e5" testId="0acc36bd-4326-f5f5-3222-b13668994b75" testName="VirtualCompany.Finance.Tests.AccountingProviderSwitchTargetTransferTests.Fortnox_adapter_maps_supported_neutral_datasets_with_expected_execution_boundary(dataset: &quot;counterparties&quot;, expectedMode: &quot;preparatory_non_posting&quot;, expectedPath: &quot;customers&quot;)" computerName="DESKTOP-388F6FT" duration="00:00:00.0005867" startTime="2026-08-31T07:39:41.4029702+02:00" endTime="2026-08-31T07:39:41.4029702+02:00" testType="13cdc9d9-ddb5-4fa4-a97d-d965ccfc6d4b" outcome="Passed" testListId="8c84fa94-04c1-424b-9868-57a2d4851a1d" relativeResultsDirectory="a0d0a05d-bbb8-4d30-9e0e-8a3201d123e5" />
    <UnitTestResult executionId="96f0e791-465b-4279-8eba-ee0bc53ac586" testId="456750c3-99b6-6a42-63be-c80f02f4db64" testName="VirtualCompany.Finance.Tests.AccountingProviderSwitchTargetTransferServiceTests.Cross_company_batch_is_not_visible" computerName="DESKTOP-388F6FT" duration="00:00:17.1310695" startTime="2026-08-31T07:39:27.9031175+02:00" endTime="2026-08-31T07:39:27.9031177+02:00" testType="13cdc9d9-ddb5-4fa4-a97d-d965ccfc6d4b" outcome="Passed" testListId="8c84fa94-04c1-424b-9868-57a2d4851a1d" relativeResultsDirectory="96f0e791-465b-4279-8eba-ee0bc53ac586" />
    <UnitTestResult executionId="832a943b-8300-40d2-aa06-bdc3c40110ac" testId="bd1116c8-0174-b47b-853f-79eb1f5a1d4b" testName="VirtualCompany.Finance.Tests.CloseComplianceReleaseReadinessPolicyTests.Due_at_evaluation_time_is_not_overdue_but_one_tick_before_is_overdue" computerName="DESKTOP-388F6FT" duration="00:00:00.0014282" startTime="2026-08-31T07:39:10.8003023+02:00" endTime="2026-08-31T07:39:10.8003024+02:00" testType="13cdc9d9-ddb5-4fa4-a97d-d965ccfc6d4b" outcome="Passed" testListId="8c84fa94-04c1-424b-9868-57a2d4851a1d" relativeResultsDirectory="832a943b-8300-40d2-aa06-bdc3c40110ac" />
    <UnitTestResult executionId="8b75b5bf-468a-4b8b-a0ef-0fa75a87911d" testId="bff46114-b073-5006-a638-2ad7acf3c6a7" testName="VirtualCompany.Finance.Tests.FinanceRecordSourcePolicyTests.ResolveSource_returns_stable_source(sourceType: &quot;manual&quot;, providerKey: &quot;fortnox&quot;, hasFortnoxReference: False, expected: &quot;fortnox&quot;)" computerName="DESKTOP-388F6FT" duration="00:00:00.0001084" startTime="2026-08-31T07:39:10.7914738+02:00" endTime="2026-08-31T07:39:10.7914739+02:00" testType="13cdc9d9-ddb5-4fa4-a97d-d965ccfc6d4b" outcome="Passed" testListId="8c84fa94-04c1-424b-9868-57a2d4851a1d" relativeResultsDirectory="8b75b5bf-468a-4b8b-a0ef-0fa75a87911d" />
    <UnitTestResult executionId="815af17f-4bd2-4745-b139-300358414794" testId="3a2cd811-18bc-04b1-683a-6d4cfd252f5e" testName="VirtualCompany.Finance.Tests.Sie4BSerializerTests.Serializes_deterministic_pc8_type_4_and_round_trips_with_independent_parser" computerName="DESKTOP-388F6FT" duration="00:00:00.0262590" startTime="2026-08-31T07:39:10.7982491+02:00" endTime="2026-08-31T07:39:10.7982492+02:00" testType="13cdc9d9-ddb5-4fa4-a97d-d965ccfc6d4b" outcome="Passed" testListId="8c84fa94-04c1-424b-9868-57a2d4851a1d" relativeResultsDirectory="815af17f-4bd2-4745-b139-300358414794" />
    <UnitTestResult executionId="6cb42e69-aa43-4afb-8ea6-65a9dc39217a" testId="af828440-8c11-8eec-2dd5-138d1fe7af35" testName="VirtualCompany.Finance.Tests.AccountingProviderSwitchCutoverTests.Provider_ambiguity_blocks_blind_retry_and_requires_reconciliation" computerName="DESKTOP-388F6FT" duration="00:00:00.0004905" startTime="2026-08-31T07:39:41.4656708+02:00" endTime="2026-08-31T07:39:41.4656708+02:00" testType="13cdc9d9-ddb5-4fa4-a97d-d965ccfc6d4b" outcome="Passed" testListId="8c84fa94-04c1-424b-9868-57a2d4851a1d" relativeResultsDirectory="6cb42e69-aa43-4afb-8ea6-65a9dc39217a" />
[...]
    <TestEntry testId="7a6c7b99-d420-d379-e584-c9911893b903" executionId="5c6de886-ab33-407c-86ab-ad24d217aeb9" testListId="8c84fa94-04c1-424b-9868-57a2d4851a1d" />
    <TestEntry testId="52e69e05-c4fb-ac3c-0b1c-2fd12953acf7" executionId="3d8c77b4-ccbf-4da8-89ef-557bfb3327c0" testListId="8c84fa94-04c1-424b-9868-57a2d4851a1d" />
    <TestEntry testId="ee19b9cd-ea05-1bd8-5b37-0719c2e471d0" executionId="5371212c-ad68-4b90-b24a-823d272d4330" testListId="8c84fa94-04c1-424b-9868-57a2d4851a1d" />
    <TestEntry testId="cd3410c0-ace6-3363-a62a-7c72725f21c8" executionId="f5970b87-274c-4205-abed-d7c610cce223" testListId="8c84fa94-04c1-424b-9868-57a2d4851a1d" />
    <TestEntry testId="d90e21a0-c96e-460d-646b-ef627e8acc56" executionId="b701ec36-2267-4bd5-b3ff-e5e76264dc5d" testListId="8c84fa94-04c1-424b-9868-57a2d4851a1d" />
    <TestEntry testId="056a22cb-a87b-f705-3a56-1b576ae9f2fd" executionId="4f7ab9b1-15f5-4f7c-b5d6-cd82c12ac510" testListId="8c84fa94-04c1-424b-9868-57a2d4851a1d" />
    <TestEntry testId="c8593c73-745a-52ce-efc4-98cf4d169489" executionId="77bddc00-2f52-4021-900e-6ab62e266617" testListId="8c84fa94-04c1-424b-9868-57a2d4851a1d" />
    <TestEntry testId="a0141990-0eea-6c88-83e8-c6c880a5e692" executionId="31332a7a-fb5f-423f-af8d-e0f4584d56b5" testListId="8c84fa94-04c1-424b-9868-57a2d4851a1d" />
    <TestEntry testId="3d954e17-43a4-d3d1-b0ac-4af75c09aadc" executionId="1790ca0d-f624-462e-85bd-44fd22db2684" testListId="8c84fa94-04c1-424b-9868-57a2d4851a1d" />
    <TestEntry testId="16ac8af1-b5ca-a7cd-3614-dba93aca632a" executionId="ae9c6507-0429-4ba8-8ea6-c0e1564406d4" testListId="8c84fa94-04c1-424b-9868-57a2d4851a1d" />
    <TestEntry testId="0cf6bf9b-2798-cec8-db60-fed509357b19" executionId="79687afd-81c9-4266-be69-dc20ef345a41" testListId="8c84fa94-04c1-424b-9868-57a2d4851a1d" />
    <TestEntry testId="5c9951a2-5a82-3f81-e6fa-a88ef5616255" executionId="ff49a667-01cc-4f54-ab33-e05b2ad0bf62" testListId="8c84fa94-04c1-424b-9868-57a2d4851a1d" />
    <TestEntry testId="e6b40203-c00f-db71-23e7-9de048e52e70" executionId="93e25419-d9dc-48c2-b020-91dc13042261" testListId="8c84fa94-04c1-424b-9868-57a2d4851a1d" />
    <TestEntry testId="1406cc75-2b2c-165a-dbbb-00dd037c91c8" executionId="aa0ed763-4507-4e29-9ef2-36bf84f5592c" testListId="8c84fa94-04c1-424b-9868-57a2d4851a1d" />
    <TestEntry testId="721dbc9f-f65e-dcb8-9e0c-7f4048ffa05e" executionId="0e337550-8f0d-4c77-914b-ed5c62fb1823" testListId="8c84fa94-04c1-424b-9868-57a2d4851a1d" />
    <TestEntry testId="51d3481d-32e2-aa7f-be2e-7a08025468d5" executionId="3ae5799d-bd4b-48b1-94ba-9915ad697b74" testListId="8c84fa94-04c1-424b-9868-57a2d4851a1d" />
    <TestEntry testId="ec782e13-6b7f-985a-35d9-12351c2cf122" executionId="a640241b-346f-47a1-a868-cf6eb18e1303" testListId="8c84fa94-04c1-424b-9868-57a2d4851a1d" />
    <TestEntry testId="f3568de5-60b6-88e5-7d4b-5a8da0d39fc2" executionId="3b2d0112-8350-48bc-b282-b3226352d8be" testListId="8c84fa94-04c1-424b-9868-57a2d4851a1d" />
    <TestEntry testId="34ec7b3f-306c-6507-da09-32f56385f992" executionId="e0342c17-bca1-4972-baff-4e49d106ffd5" testListId="8c84fa94-04c1-424b-9868-57a2d4851a1d" />
    <TestEntry testId="1af2480c-b57e-18e4-1935-11c3c6c0ce0e" executionId="cee36e03-9e67-4fc8-888a-a1329b72c773" testListId="8c84fa94-04c1-424b-9868-57a2d4851a1d" />
    <TestEntry testId="3ab1a13b-e127-86db-f452-3615577e4d6d" executionId="44aeb5a2-f37d-481f-b646-27c48558eccf" testListId="8c84fa94-04c1-424b-9868-57a2d4851a1d" />
    <TestEntry testId="8c02157d-6caa-7100-71f9-9368595785e7" executionId="714d4989-13cf-4b69-b4aa-3d72655e9b2c" testListId="8c84fa94-04c1-424b-9868-57a2d4851a1d" />
    <TestEntry testId="cb08dc7d-78be-52a0-b2dc-b923c059dc18" executionId="c1ca28ad-21b2-4685-aa3e-fcd1f8c90bf7" testListId="8c84fa94-04c1-424b-9868-57a2d4851a1d" />
    <TestEntry testId="bc295362-b09c-84cd-e297-69c7e2592ec8" executionId="8f33c805-092f-418b-b4c7-808bd11d3f13" testListId="8c84fa94-04c1-424b-9868-57a2d4851a1d" />
    <TestEntry testId="a5167065-b240-2ba1-c9ae-4f6e307997d6" executionId="1e38e889-abc1-4cb3-ac64-70906502d541" testListId="8c84fa94-04c1-424b-9868-57a2d4851a1d" />
    <TestEntry testId="78aae313-3d2f-b4f4-b229-5b9f8a99816a" executionId="bf70f392-3254-43c9-902d-05248f0394cd" testListId="8c84fa94-04c1-424b-9868-57a2d4851a1d" />
    <TestEntry testId="5d3f649f-b349-85c6-d05d-e6fc6b34b571" executionId="8e7e9c10-3b1e-4866-abe8-6620314614f9" testListId="8c84fa94-04c1-424b-9868-57a2d4851a1d" />
    <TestEntry testId="c6d6d826-8231-9b4d-73f6-38a1f2c06a2c" executionId="7a6c4127-2976-4aba-98b0-ae7e835728da" testListId="8c84fa94-04c1-424b-9868-57a2d4851a1d" />
    <TestEntry testId="7c1cf84c-a371-eebe-a8f7-b4c759a783fd" executionId="19a28de5-5f64-4682-96cf-3d9115d2bd1d" testListId="8c84fa94-04c1-424b-9868-57a2d4851a1d" />
    <TestEntry testId="00b878e7-ac9f-df67-1450-0ee4dc7f2f2a" executionId="d98abe45-c9b3-48db-a631-2fa7db9700f7" testListId="8c84fa94-04c1-424b-9868-57a2d4851a1d" />
    <TestEntry testId="66a6a996-7f5f-50b7-f903-b1fe31563eb4" executionId="57789c45-5d70-4209-9fb5-b1d215a213a4" testListId="8c84fa94-04c1-424b-9868-57a2d4851a1d" />
    <TestEntry testId="f6408947-cbb3-4660-ed23-73c3b53aa64b" executionId="7f18b0fb-7bbc-4586-8df3-d89d96b1e111" testListId="8c84fa94-04c1-424b-9868-57a2d4851a1d" />
    <TestEntry testId="cfa9fc3a-8ee9-4067-da22-08235d4449a0" executionId="ee7dc913-06be-4f4a-a0a1-6e8f259ca93c" testListId="8c84fa94-04c1-424b-9868-57a2d4851a1d" />
    <TestEntry testId="844eff39-9bd3-660d-cfbb-379322a296d3" executionId="cbbaf409-9fd3-4efa-b7d4-e78aec6cb2d1" testListId="8c84fa94-04c1-424b-9868-57a2d4851a1d" />
    <TestEntry testId="11aa3520-3a2f-3d29-494c-b35a7a65c902" executionId="db57938f-e74a-412e-8b80-50238ba43d53" testListId="8c84fa94-04c1-424b-9868-57a2d4851a1d" />
    <TestEntry testId="5118b6c8-007b-44fd-5ca2-f7c91d6f6e10" executionId="2557d3ea-0187-4496-9d28-f43eb29b72cf" testListId="8c84fa94-04c1-424b-9868-57a2d4851a1d" />
    <TestEntry testId="cc4d0a84-0866-ce79-3c71-e3673de1d8ec" executionId="ece04967-0a6f-43e3-b421-5684ab07cf68" testListId="8c84fa94-04c1-424b-9868-57a2d4851a1d" />
    <TestEntry testId="04c0687c-fb38-4e8a-03c7-3a656c57cc15" executionId="c09624d5-fe05-4c4e-9da9-1ff5b0fa9748" testListId="8c84fa94-04c1-424b-9868-57a2d4851a1d" />
    <TestEntry testId="9de69082-7037-69f5-3cf9-f47735a531b4" executionId="6e4be5f1-f4da-49c9-ae5c-253b017a96e2" testListId="8c84fa94-04c1-424b-9868-57a2d4851a1d" />
    <TestEntry testId="9246c8b4-3b1d-9f5b-6974-a348c5adf5d7" executionId="dea4aed1-f50a-4ead-801c-e07b8213c4a1" testListId="8c84fa94-04c1-424b-9868-57a2d4851a1d" />
    <TestEntry testId="54734383-491a-44fa-7212-40e8e8c29281" executionId="57cadb85-e9ae-4b7b-b289-d71c4f69a850" testListId="8c84fa94-04c1-424b-9868-57a2d4851a1d" />
    <TestEntry testId="c1a85f1a-d5db-4b78-e514-cfe6a2bdadaa" executionId="9aa73091-c289-46c6-936f-1dc09d0e9ecf" testListId="8c84fa94-04c1-424b-9868-57a2d4851a1d" />
    <TestEntry testId="e5d5b412-74c0-1bce-59db-4fb6fa48d368" executionId="302fe75b-729c-4f6e-aec0-4c50cb91a650" testListId="8c84fa94-04c1-424b-9868-57a2d4851a1d" />
    <TestEntry testId="8722a8fc-43c5-d718-87a4-856f14e53586" executionId="930b697a-8a18-4ab6-be5e-ee6e6bb37cf9" testListId="8c84fa94-04c1-424b-9868-57a2d4851a1d" />
    <TestEntry testId="1e21acb9-2100-3693-21b3-03d2b9bac8ee" executionId="9ef2274a-7f68-4419-aecd-08ac8c3c9ced" testListId="8c84fa94-04c1-424b-9868-57a2d4851a1d" />
    <TestEntry testId="b30ed898-0b76-f5b0-3dd6-68fb35196bc6" executionId="7f4b60d0-ceba-4146-a455-ce62d2cfb7e3" testListId="8c84fa94-04c1-424b-9868-57a2d4851a1d" />
    <TestEntry testId="1d0dd6ce-66e8-3788-9b3e-7818b6c18e40" executionId="6ad7193d-c91d-49d9-bc0e-41af76099526" testListId="8c84fa94-04c1-424b-9868-57a2d4851a1d" />
    <TestEntry testId="9a9b25e0-79b1-12e9-d0ef-ddcbe44529f2" executionId="a616505c-f36b-4768-9113-42ca0fb368a0" testListId="8c84fa94-04c1-424b-9868-57a2d4851a1d" />
    <TestEntry testId="6652ac8a-daec-d4d3-21f0-97e37335915b" executionId="870df0ff-779e-48a4-a895-02d79efde231" testListId="8c84fa94-04c1-424b-9868-57a2d4851a1d" />
    <TestEntry testId="93e354cb-4cdc-3b67-f8c8-6fea838b0ae5" executionId="83cd8c96-a314-4cd2-a980-c6ee2f7584c9" testListId="8c84fa94-04c1-424b-9868-57a2d4851a1d" />
    <TestEntry testId="6205d136-93c8-df51-172e-fd1d6d9aec2a" executionId="65cd88ce-1e70-4341-a509-d1a55e8e47ff" testListId="8c84fa94-04c1-424b-9868-57a2d4851a1d" />
    <TestEntry testId="ea22725d-89e7-e700-7fb2-1180963db4ae" executionId="c696ada4-34ef-4e45-a747-cb83b140d3fe" testListId="8c84fa94-04c1-424b-9868-57a2d4851a1d" />
    <TestEntry testId="be7905d2-b9b5-09ea-d504-9f077fea3511" executionId="858e38d8-b483-42a7-9f1b-25151d94e12d" testListId="8c84fa94-04c1-424b-9868-57a2d4851a1d" />
    <TestEntry testId="c60ee5e3-2ed3-1dd7-e5e5-59f9b4af24bc" executionId="db0b41fc-62ce-4933-a4b3-1470ba9023e7" testListId="8c84fa94-04c1-424b-9868-57a2d4851a1d" />
    <TestEntry testId="64ba8de9-07a3-2f4e-46ae-9190e2cc9557" executionId="f37e6de5-4bba-4d8e-a0d3-2778e5307ab2" testListId="8c84fa94-04c1-424b-9868-57a2d4851a1d" />
    <TestEntry testId="b2a1e695-1533-8113-e1a7-a73399ff67fd" executionId="7052a91a-354d-45ed-ac16-fc74772f4dd6" testListId="8c84fa94-04c1-424b-9868-57a2d4851a1d" />
    <TestEntry testId="fcb62162-9da4-6425-4c3d-c8181247f587" executionId="c67e9251-0e9e-44a6-85a4-f8ba7944e60c" testListId="8c84fa94-04c1-424b-9868-57a2d4851a1d" />
    <TestEntry testId="c0d28a2f-81ba-9dc3-bf3f-73901f3e97a6" executionId="767c89df-a855-4077-bf79-f9637072503b" testListId="8c84fa94-04c1-424b-9868-57a2d4851a1d" />
    <TestEntry testId="1afc1745-93be-2589-19da-32836a8820a6" executionId="7d1dde19-cc37-4327-8574-585466a23c72" testListId="8c84fa94-04c1-424b-9868-57a2d4851a1d" />
    <TestEntry testId="0c86f593-8c77-b81b-5b48-33da22762fc7" executionId="9656aaea-5913-428d-a4e6-ffdc38dad0d1" testListId="8c84fa94-04c1-424b-9868-57a2d4851a1d" />
    <TestEntry testId="f92adc43-6a28-a81a-a606-6d9d7aae3478" executionId="8c3fe024-7d25-42db-abe8-19f33de3dd43" testListId="8c84fa94-04c1-424b-9868-57a2d4851a1d" />
    <TestEntry testId="b1f7ac3a-b5f6-8e7a-1c14-866a620239f2" executionId="bad84d7e-68d2-4aa9-ba70-024af02c1c8e" testListId="8c84fa94-04c1-424b-9868-57a2d4851a1d" />
    <TestEntry testId="99d0b9a8-9743-787a-cd58-b9e192d37bab" executionId="d388f242-8bb9-40f3-9cb0-359237ff5ecd" testListId="8c84fa94-04c1-424b-9868-57a2d4851a1d" />
    <TestEntry testId="c90189e4-c84d-09b6-2492-94ba6af23586" executionId="80151451-c59e-4edc-ab73-e82a77c7df3f" testListId="8c84fa94-04c1-424b-9868-57a2d4851a1d" />
    <TestEntry testId="282d1109-042d-0c1d-8e9a-9f3479984dd3" executionId="6489d81b-00f4-4bb5-a945-ac224e61492c" testListId="8c84fa94-04c1-424b-9868-57a2d4851a1d" />
    <TestEntry testId="0841041c-8006-4980-696e-d31f1a1cea6e" executionId="eb45c8bb-602f-4c22-92ef-a7b3688e2d0a" testListId="8c84fa94-04c1-424b-9868-57a2d4851a1d" />
    <TestEntry testId="1b64c139-c4af-f0c1-39c8-94a74cc92537" executionId="07a44d5d-54df-47e0-a0b3-726fe4a7e867" testListId="8c84fa94-04c1-424b-9868-57a2d4851a1d" />
    <TestEntry testId="2a5ede67-1d1b-3fc1-5db9-cd094d389f64" executionId="df006145-21ba-45b3-8e73-b004e5eb3eca" testListId="8c84fa94-04c1-424b-9868-57a2d4851a1d" />
    <TestEntry testId="3aa791c3-6f4a-e22f-aab1-75a2441c2ab3" executionId="636ddbfc-4e06-4bb2-bba0-6f55753df22c" testListId="8c84fa94-04c1-424b-9868-57a2d4851a1d" />
    <TestEntry testId="7cd1bdcc-7fdb-6ebc-ac1d-eb29ed6a6e3b" executionId="99aaa1de-a776-4454-806e-b5699f9a9553" testListId="8c84fa94-04c1-424b-9868-57a2d4851a1d" />
    <TestEntry testId="181d4fe9-f89f-1c9e-5b25-73b741af4876" executionId="3ddd3fa2-7bc9-43f0-b358-4e415ffdcf0b" testListId="8c84fa94-04c1-424b-9868-57a2d4851a1d" />
    <TestEntry testId="8c76748c-2ada-220a-7609-d39dc2805f04" executionId="24090086-22d0-475d-a550-c10950883e6c" testListId="8c84fa94-04c1-424b-9868-57a2d4851a1d" />
    <TestEntry testId="3d9d8be6-4318-5d63-eb9d-6d7f46030a6b" executionId="7383a755-d820-46d7-bcaf-b78efa14dc9a" testListId="8c84fa94-04c1-424b-9868-57a2d4851a1d" />
    <TestEntry testId="59c67f90-34ec-e358-0727-4a86ad1f6a7d" executionId="ed12f04d-5769-432f-9832-788cbf830f16" testListId="8c84fa94-04c1-424b-9868-57a2d4851a1d" />
    <TestEntry testId="e0e5ea48-768a-8d5d-02ab-d83e100a6e4f" executionId="8dae15f6-9c97-4fab-ab0d-9ae41f784933" testListId="8c84fa94-04c1-424b-9868-57a2d4851a1d" />
    <TestEntry testId="df900643-cc3a-2b3a-c106-a03ca46827e6" executionId="e6aca2fc-81b6-4862-8a2a-b4d3da1f3fd4" testListId="8c84fa94-04c1-424b-9868-57a2d4851a1d" />
    <TestEntry testId="ae4da5e3-d9d0-d522-a99f-a3af274aaffd" executionId="98992b36-cd30-4d60-b56e-2c35303d2e57" testListId="8c84fa94-04c1-424b-9868-57a2d4851a1d" />
    <TestEntry testId="c04f9c0a-e6df-96ab-2d9a-99e057daa1f8" executionId="3fcb23bb-bd15-4c2b-99b8-9711d3b06f4c" testListId="8c84fa94-04c1-424b-9868-57a2d4851a1d" />
    <TestEntry testId="87c51c12-d743-c5c0-61dd-400524eec805" executionId="a670ea20-8618-4549-83c5-c4fc5b1fddb2" testListId="8c84fa94-04c1-424b-9868-57a2d4851a1d" />
    <TestEntry testId="e65ce62b-1bde-327b-fb0d-7327bae3719b" executionId="72abc7e9-9c99-4147-8ba9-1d302498b097" testListId="8c84fa94-04c1-424b-9868-57a2d4851a1d" />
    <TestEntry testId="842501a2-1b3f-f3c5-641c-b854882377f5" executionId="925391c9-e4fc-408a-a1c6-522c685fa422" testListId="8c84fa94-04c1-424b-9868-57a2d4851a1d" />
    <TestEntry testId="9c02a8ef-344a-b8d8-7dfa-ca3cb29e68fa" executionId="a535a371-440b-4d50-86e8-2b2bfa39bb1e" testListId="8c84fa94-04c1-424b-9868-57a2d4851a1d" />
    <TestEntry testId="20ed7922-79ae-0dbf-9471-3a61c5670254" executionId="a8d29a20-1f23-4ac9-b38a-a2be12114e76" testListId="8c84fa94-04c1-424b-9868-57a2d4851a1d" />
    <TestEntry testId="f9b61132-a2ca-d0b6-5a7c-214db0e7704b" executionId="1fbbbc96-3b8d-4d62-88d8-ba6ac2c8e1ea" testListId="8c84fa94-04c1-424b-9868-57a2d4851a1d" />
    <TestEntry testId="08476576-a54b-37e1-0f37-4d2b2e727f50" executionId="e85a144f-71c2-415b-949c-b526e82a46eb" testListId="8c84fa94-04c1-424b-9868-57a2d4851a1d" />
    <TestEntry testId="66016f90-4f46-6c33-5f17-4c4f72af6641" executionId="bf67aada-34e9-4911-b791-0be2a8fd6a22" testListId="8c84fa94-04c1-424b-9868-57a2d4851a1d" />
    <TestEntry testId="d41542ff-8af2-5977-ac8f-83c34fe0d546" executionId="548ff864-9ad5-491a-928b-2fab42b94ea1" testListId="8c84fa94-04c1-424b-9868-57a2d4851a1d" />
    <TestEntry testId="96ffa1d9-9a62-13e9-475c-4978c302a6a8" executionId="022c644e-1ad6-44d2-9ae5-93e90366cc99" testListId="8c84fa94-04c1-424b-9868-57a2d4851a1d" />
    <TestEntry testId="53b98535-b91e-1173-e4ba-40224ad222ba" executionId="56164e1c-8dad-4809-a66b-6afb9ac54a86" testListId="8c84fa94-04c1-424b-9868-57a2d4851a1d" />
    <TestEntry testId="372885f6-803d-9976-c0b8-30cfc3e7a2b1" executionId="a0cf4bc7-80c7-4030-a3b2-2086e097140c" testListId="8c84fa94-04c1-424b-9868-57a2d4851a1d" />
    <TestEntry testId="acc53ba7-9898-5b5d-b9b2-1a14bfd0be2a" executionId="12af440d-603b-47c2-9f7a-891a8aa025f0" testListId="8c84fa94-04c1-424b-9868-57a2d4851a1d" />
    <TestEntry testId="c1e96340-d931-1f88-2543-f212ffe31bee" executionId="bbe01867-2c92-4284-ade0-900b1177b814" testListId="8c84fa94-04c1-424b-9868-57a2d4851a1d" />
    <TestEntry testId="046c0813-2e4d-0d50-b42c-2c2af6e4efad" executionId="db454902-5059-4e09-8b20-53b2d836521d" testListId="8c84fa94-04c1-424b-9868-57a2d4851a1d" />
    <TestEntry testId="252c8ea9-ff4c-a83c-bce3-b6580adf8294" executionId="90995d15-a349-4b67-8ea9-b3850cec4f6d" testListId="8c84fa94-04c1-424b-9868-57a2d4851a1d" />
    <TestEntry testId="67f722c1-84dc-d764-0bd7-f1b744de3aff" executionId="cd99a4a9-38a9-4781-8ef0-70f4ef936c71" testListId="8c84fa94-04c1-424b-9868-57a2d4851a1d" />
    <TestEntry testId="e4ddb2ec-b695-44fd-6801-052cd36337e4" executionId="7f5f76c9-df43-459c-a2b5-a9073ecd68c5" testListId="8c84fa94-04c1-424b-9868-57a2d4851a1d" />
    <TestEntry testId="8c069850-9462-45aa-f89c-f1f9c6012be2" executionId="610884b6-bce5-455a-9ef5-c6302802b6d7" testListId="8c84fa94-04c1-424b-9868-57a2d4851a1d" />
    <TestEntry testId="4cc84fc4-200e-2743-1d17-cf1a15d8f2e2" executionId="c7cdaf5e-b71b-473f-8f25-662b8e2dfa9f" testListId="8c84fa94-04c1-424b-9868-57a2d4851a1d" />
    <TestEntry testId="511c4b9b-2150-4ae6-834a-0d725e49cc6d" executionId="99ea9f83-b384-4413-bc8c-e780f9b7cfc2" testListId="8c84fa94-04c1-424b-9868-57a2d4851a1d" />
    <TestEntry testId="70c6c663-124a-0bb3-b701-407e555820be" executionId="2327a9e6-8065-4116-9ac6-ad5070423923" testListId="8c84fa94-04c1-424b-9868-57a2d4851a1d" />
    <TestEntry testId="785f7570-de14-014a-2b17-4fa97f367c44" executionId="2d5e98c1-0783-4ba4-bf9f-b225ccd0b77b" testListId="8c84fa94-04c1-424b-9868-57a2d4851a1d" />
    <TestEntry testId="04a59d5e-9c9b-c62b-e749-ebba20d60ea3" executionId="2e1c2518-0fb1-45c9-97eb-4a147954c71e" testListId="8c84fa94-04c1-424b-9868-57a2d4851a1d" />
    <TestEntry testId="a328932c-11f9-0d13-4960-bfe215e18666" executionId="fbadf853-ee23-4750-ba35-59fb83aa4f41" testListId="8c84fa94-04c1-424b-9868-57a2d4851a1d" />
    <TestEntry testId="33c1808b-fe74-d925-ad0b-b6cf60109f21" executionId="4cf16f2b-5796-4ed3-8e23-eb5c0ac121c5" testListId="8c84fa94-04c1-424b-9868-57a2d4851a1d" />
    <TestEntry testId="bd7a84db-061a-ab28-50bb-2f55fa8d19df" executionId="a3499c77-5820-4712-85bc-135488c314da" testListId="8c84fa94-04c1-424b-9868-57a2d4851a1d" />
    <TestEntry testId="8f2cc6c6-8381-3768-addd-3d44381bc672" executionId="838aa172-dc47-4b0a-ba66-6afa09d7347f" testListId="8c84fa94-04c1-424b-9868-57a2d4851a1d" />
    <TestEntry testId="99aabe8d-4331-dff2-50df-3962553bc5ed" executionId="343afd8e-e3b0-4b42-b02e-98144ff8fd96" testListId="8c84fa94-04c1-424b-9868-57a2d4851a1d" />
    <TestEntry testId="e6cb7ba9-25e3-d962-d0f6-7fbeef0b9021" executionId="6696da03-d194-4cbd-b4ef-aef635fcf7fd" testListId="8c84fa94-04c1-424b-9868-57a2d4851a1d" />
    <TestEntry testId="77f51cae-f438-c9db-7b89-d6bbf64bcb89" executionId="29a926a7-8a7d-4bf2-8ac8-1c5b9b9882c9" testListId="8c84fa94-04c1-424b-9868-57a2d4851a1d" />
    <TestEntry testId="f3ca0a91-6cf3-a830-be3f-3c1574d0761c" executionId="85473ccc-89eb-405c-bf5d-96d2a3b0821e" testListId="8c84fa94-04c1-424b-9868-57a2d4851a1d" />
    <TestEntry testId="4509f7af-d4f4-59c0-bbe9-6cee99e8a488" executionId="64eb9bbb-73a5-4db0-91f8-89f101092aa0" testListId="8c84fa94-04c1-424b-9868-57a2d4851a1d" />
    <TestEntry testId="471dc53e-7c93-a04c-105f-d78a459a7787" executionId="90310532-2386-43fc-a1e4-587b3f0877ff" testListId="8c84fa94-04c1-424b-9868-57a2d4851a1d" />
    <TestEntry testId="89a85bc1-ea12-3262-96e5-e708a6c4f92e" executionId="2736b213-d4a3-4b97-a644-219c575c873c" testListId="8c84fa94-04c1-424b-9868-57a2d4851a1d" />
    <TestEntry testId="a8fc11a7-6bb0-921a-4b0b-b2babbbdf104" executionId="f6c485eb-454f-41ec-b358-026b691f16cc" testListId="8c84fa94-04c1-424b-9868-57a2d4851a1d" />
    <TestEntry testId="ffe9809d-2dcb-0274-f227-42cbe44aa538" executionId="5754964d-b1fa-446f-8e37-9160e96ba8c3" testListId="8c84fa94-04c1-424b-9868-57a2d4851a1d" />
  </TestEntries>
  <TestLists>
    <TestList name="Results Not in a List" id="8c84fa94-04c1-424b-9868-57a2d4851a1d" />
    <TestList name="All Loaded Results" id="19431567-8539-422a-85d7-44ee4e166bda" />
  </TestLists>
  <ResultSummary outcome="Completed">
    <Counters total="509" executed="509" passed="509" failed="0" error="0" timeout="0" aborted="0" inconclusive="0" passedButRunAborted="0" notRunnable="0" notExecuted="0" disconnected="0" warning="0" completed="0" inProgress="0" pending="0" />
    <Output>
      <StdOut>[xUnit.net 00:00:00.00] xUnit.net VSTest Adapter v2.8.2+699d445a1a (64-bit .NET 9.0.5)&#xD;
[xUnit.net 00:00:00.05]   Discovering: VirtualCompany.Finance.Tests&#xD;
[xUnit.net 00:00:00.10]   Discovered:  VirtualCompany.Finance.Tests&#xD;
[xUnit.net 00:00:00.10]   Starting:    VirtualCompany.Finance.Tests&#xD;
[xUnit.net 00:01:01.95]   Finished:    VirtualCompany.Finance.Tests&#xD;
</StdOut>
    </Output>
  </ResultSummary>
</TestRun>