<?xml version="1.0" encoding="utf-8"?>
<TestRun id="31e05177-ce35-4618-aa6a-fbc1e203a611" name="Johan@DESKTOP-388F6FT 2026-08-31 07:06:11" runUser="DESKTOP-388F6FT\Johan" xmlns="http://microsoft.com/schemas/VisualStudio/TeamTest/2010">
  <Times creation="2026-08-31T07:06:11.5825717+02:00" queuing="2026-08-31T07:06:11.5825724+02:00" start="2026-08-31T07:06:09.8528220+02:00" finish="2026-08-31T07:06:18.5769753+02:00" />
  <TestSettings name="default" id="021abe22-64dd-491f-9d0a-c330c0074fcd">
    <Deployment runDeploymentRoot="Johan_DESKTOP-388F6FT_2026-08-31_07_06_11" />
  </TestSettings>
  <Results>
    <UnitTestResult executionId="b856c299-f520-467d-b55d-2fdac2800a5d" testId="7b3d153f-3ff9-c195-324f-d6fb422822ab" testName="VirtualCompany.Api.Tests.AccountantCollaborationTests.Grant_requires_independent_approval_and_revocation_stops_access" computerName="DESKTOP-388F6FT" duration="00:00:00.0011116" startTime="2026-08-31T07:06:10.4083032+02:00" endTime="2026-08-31T07:06:10.4083033+02:00" testType="13cdc9d9-ddb5-4fa4-a97d-d965ccfc6d4b" outcome="Passed" testListId="8c84fa94-04c1-424b-9868-57a2d4851a1d" relativeResultsDirectory="b856c299-f520-467d-b55d-2fdac2800a5d" />
    <UnitTestResult executionId="3813549a-ec47-4b46-a1f1-ae3581116629" testId="993b08fc-a236-5f83-ea17-915f80958814" testName="VirtualCompany.Api.Tests.AuditPackageAuthorizationTests.Sensitive_audit_package_routes_require_explicit_server_policy(methodName: &quot;RequestAuditPackageAsync&quot;, expectedPolicy: &quot;AccountingAdmin&quot;)" computerName="DESKTOP-388F6FT" duration="00:00:00.0001340" startTime="2026-08-31T07:06:18.5168923+02:00" endTime="2026-08-31T07:06:18.5168923+02:00" testType="13cdc9d9-ddb5-4fa4-a97d-d965ccfc6d4b" outcome="Passed" testListId="8c84fa94-04c1-424b-9868-57a2d4851a1d" relativeResultsDirectory="3813549a-ec47-4b46-a1f1-ae3581116629" />
    <UnitTestResult executionId="c975bcc3-dd92-4f6e-a09c-006c74394320" testId="0be856c9-20ba-cf34-e640-b483ea595c0c" testName="VirtualCompany.Api.Tests.AccountingCloseApiSurfaceTests.Mutation_endpoints_require_the_expected_company_policy(methodName: &quot;RetireTemplateAsync&quot;, policy: &quot;AccountingAdmin&quot;)" computerName="DESKTOP-388F6FT" duration="00:00:00.0000079" startTime="2026-08-31T07:06:17.4339283+02:00" endTime="2026-08-31T07:06:17.4339283+02:00" testType="13cdc9d9-ddb5-4fa4-a97d-d965ccfc6d4b" outcome="Passed" testListId="8c84fa94-04c1-424b-9868-57a2d4851a1d" relativeResultsDirectory="c975bcc3-dd92-4f6e-a09c-006c74394320" />
    <UnitTestResult executionId="2d4206ec-e057-4a5c-a0df-dbeee6f75bf7" testId="bc85e80c-76d7-3be5-1762-a2ca2df865f0" testName="VirtualCompany.Api.Tests.AccountingCloseApiSurfaceTests.Mutation_endpoints_require_the_expected_company_policy(methodName: &quot;CancelAsync&quot;, policy: &quot;AccountingAdmin&quot;)" computerName="DESKTOP-388F6FT" duration="00:00:00.0000124" startTime="2026-08-31T07:06:17.4338923+02:00" endTime="2026-08-31T07:06:17.4338924+02:00" testType="13cdc9d9-ddb5-4fa4-a97d-d965ccfc6d4b" outcome="Passed" testListId="8c84fa94-04c1-424b-9868-57a2d4851a1d" relativeResultsDirectory="2d4206ec-e057-4a5c-a0df-dbeee6f75bf7" />
    <UnitTestResult executionId="25b8e2d5-75cc-44ee-bd99-c01e42291889" testId="5e211dc4-1674-d96d-504a-c16ae84abd31" testName="VirtualCompany.Api.Tests.AccountingCloseApiSurfaceTests.Mutation_endpoints_require_the_expected_company_policy(methodName: &quot;AddBlockerAsync&quot;, policy: &quot;FinanceEdit&quot;)" computerName="DESKTOP-388F6FT" duration="00:00:00.0000072" startTime="2026-08-31T07:06:17.4348628+02:00" endTime="2026-08-31T07:06:17.4348628+02:00" testType="13cdc9d9-ddb5-4fa4-a97d-d965ccfc6d4b" outcome="Passed" testListId="8c84fa94-04c1-424b-9868-57a2d4851a1d" relativeResultsDirectory="25b8e2d5-75cc-44ee-bd99-c01e42291889" />
    <UnitTestResult executionId="d4ef428d-fb54-445d-8c9c-6901ff5245f2" testId="9bcb206f-3d6c-12ee-fb89-7a47ee3a58a9" testName="VirtualCompany.Api.Tests.AccountingCloseGovernanceApiSurfaceTests.Governance_Migration_Is_Additive_And_Does_Not_Replay_Earlier_P3_Schema" computerName="DESKTOP-388F6FT" duration="00:00:00.0007947" startTime="2026-08-31T07:06:10.4119788+02:00" endTime="2026-08-31T07:06:10.4119788+02:00" testType="13cdc9d9-ddb5-4fa4-a97d-d965ccfc6d4b" outcome="Passed" testListId="8c84fa94-04c1-424b-9868-57a2d4851a1d" relativeResultsDirectory="d4ef428d-fb54-445d-8c9c-6901ff5245f2" />
    <UnitTestResult executionId="3b50db30-eac2-4da3-99aa-77353f464912" testId="6750a07e-4e24-5a66-a778-20655e96371b" testName="VirtualCompany.Api.Tests.AccountantCollaborationIsolationIntegrationTests.Explicit_grant_isolates_portfolio_and_routes_then_revocation_blocks_old_link_but_retains_history" computerName="DESKTOP-388F6FT" duration="00:00:05.9102671" startTime="2026-08-31T07:06:16.3242958+02:00" endTime="2026-08-31T07:06:16.3242959+02:00" testType="13cdc9d9-ddb5-4fa4-a97d-d965ccfc6d4b" outcome="Passed" testListId="8c84fa94-04c1-424b-9868-57a2d4851a1d" relativeResultsDirectory="3b50db30-eac2-4da3-99aa-77353f464912" />
    <UnitTestResult executionId="9b51f1ca-fce1-4c91-97dd-7f82161c3aed" testId="38e88892-118e-10c9-ea9b-a47e255fd5b1" testName="VirtualCompany.Api.Tests.AccountingCloseApiSurfaceTests.Mutation_endpoints_require_the_expected_company_policy(methodName: &quot;VersionTemplateAsync&quot;, policy: &quot;AccountingAdmin&quot;)" computerName="DESKTOP-388F6FT" duration="00:00:00.0000472" startTime="2026-08-31T07:06:17.4338537+02:00" endTime="2026-08-31T07:06:17.4338538+02:00" testType="13cdc9d9-ddb5-4fa4-a97d-d965ccfc6d4b" outcome="Passed" testListId="8c84fa94-04c1-424b-9868-57a2d4851a1d" relativeResultsDirectory="9b51f1ca-fce1-4c91-97dd-7f82161c3aed" />
    <UnitTestResult executionId="b6884ad7-1f46-4947-89ef-c77d3b7935f2" testId="21935ff0-101d-fc2d-375a-a89ada184c2f" testName="VirtualCompany.Api.Tests.CloseComplianceReleaseReadinessApiSurfaceTests.Readiness_endpoint_exposes_only_a_get_operation" computerName="DESKTOP-388F6FT" duration="00:00:00.0002623" startTime="2026-08-31T07:06:18.5164444+02:00" endTime="2026-08-31T07:06:18.5164445+02:00" testType="13cdc9d9-ddb5-4fa4-a97d-d965ccfc6d4b" outcome="Passed" testListId="8c84fa94-04c1-424b-9868-57a2d4851a1d" relativeResultsDirectory="b6884ad7-1f46-4947-89ef-c77d3b7935f2" />
    <UnitTestResult executionId="6b8bf015-a0f9-4840-bc08-bbe8aba69dda" testId="7ca63127-551e-a0a8-6ba3-1639add8d2e7" testName="VirtualCompany.Api.Tests.AuditPackageAuthorizationTests.Sensitive_audit_package_routes_require_explicit_server_policy(methodName: &quot;VerifyAuditPackageAsync&quot;, expectedPolicy: &quot;AccountingView&quot;)" computerName="DESKTOP-388F6FT" duration="00:00:00.0000225" startTime="2026-08-31T07:06:18.5169510+02:00" endTime="2026-08-31T07:06:18.5169511+02:00" testType="13cdc9d9-ddb5-4fa4-a97d-d965ccfc6d4b" outcome="Passed" testListId="8c84fa94-04c1-424b-9868-57a2d4851a1d" relativeResultsDirectory="6b8bf015-a0f9-4840-bc08-bbe8aba69dda" />
    <UnitTestResult executionId="cfadb3d9-3299-4c61-a06a-051c830bc143" testId="fd14a120-215e-73e4-0388-84a4e4cd4042" testName="VirtualCompany.Api.Tests.AccountingCloseGovernanceApiSurfaceTests.Lock_Implementation_Rechecks_And_Uses_One_Serializable_Transaction" computerName="DESKTOP-388F6FT" duration="00:00:00.0002971" startTime="2026-08-31T07:06:10.4123087+02:00" endTime="2026-08-31T07:06:10.4123088+02:00" testType="13cdc9d9-ddb5-4fa4-a97d-d965ccfc6d4b" outcome="Passed" testListId="8c84fa94-04c1-424b-9868-57a2d4851a1d" relativeResultsDirectory="cfadb3d9-3299-4c61-a06a-051c830bc143" />
    <UnitTestResult executionId="f6543e29-58c1-44e3-9740-b5d239279aae" testId="0b82ded1-35ba-aac1-66c0-82ac7218d69a" testName="VirtualCompany.Api.Tests.AccountantCollaborationTests.Accountant_role_is_read_only_in_the_general_finance_boundary" computerName="DESKTOP-388F6FT" duration="00:00:00.0002020" startTime="2026-08-31T07:06:10.4102219+02:00" endTime="2026-08-31T07:06:10.4102219+02:00" testType="13cdc9d9-ddb5-4fa4-a97d-d965ccfc6d4b" outcome="Passed" testListId="8c84fa94-04c1-424b-9868-57a2d4851a1d" relativeResultsDirectory="f6543e29-58c1-44e3-9740-b5d239279aae" />
    <UnitTestResult executionId="90544c71-500a-4dee-a498-36cde5b9fc53" testId="248bb649-2caf-642a-27e1-b7e68c498950" testName="VirtualCompany.Api.Tests.CloseComplianceReleaseReadinessApiSurfaceTests.Readiness_endpoint_is_company_scoped_and_requires_accounting_administrator" computerName="DESKTOP-388F6FT" duration="00:00:00.0004104" startTime="2026-08-31T07:06:18.5161353+02:00" endTime="2026-08-31T07:06:18.5161354+02:00" testType="13cdc9d9-ddb5-4fa4-a97d-d965ccfc6d4b" outcome="Passed" testListId="8c84fa94-04c1-424b-9868-57a2d4851a1d" relativeResultsDirectory="90544c71-500a-4dee-a498-36cde5b9fc53" />
    <UnitTestResult executionId="b989b09c-1265-4e45-9115-9016f0a3b0ef" testId="6b7f5876-b498-a180-0022-2fa0d7b7fb67" testName="VirtualCompany.Api.Tests.AuditPackageAuthorizationTests.Sensitive_audit_package_routes_require_explicit_server_policy(methodName: &quot;DownloadAuditPackageAsync&quot;, expectedPolicy: &quot;AccountingView&quot;)" computerName="DESKTOP-388F6FT" duration="00:00:00.0000258" startTime="2026-08-31T07:06:18.5169221+02:00" endTime="2026-08-31T07:06:18.5169221+02:00" testType="13cdc9d9-ddb5-4fa4-a97d-d965ccfc6d4b" outcome="Passed" testListId="8c84fa94-04c1-424b-9868-57a2d4851a1d" relativeResultsDirectory="b989b09c-1265-4e45-9115-9016f0a3b0ef" />
    <UnitTestResult executionId="1eef6482-2194-478f-a48b-19e6bea96902" testId="7ad2c986-42b1-9dbf-9fa9-da7084c039a1" testName="VirtualCompany.Api.Tests.AuditPackageAuthorizationTests.Sensitive_audit_package_routes_require_explicit_server_policy(methodName: &quot;ApproveAuditPackageAsync&quot;, expectedPolicy: &quot;FinanceApproval&quot;)" computerName="DESKTOP-388F6FT" duration="00:00:00.0000220" startTime="2026-08-31T07:06:18.5169787+02:00" endTime="2026-08-31T07:06:18.5169787+02:00" testType="13cdc9d9-ddb5-4fa4-a97d-d965ccfc6d4b" outcome="Passed" testListId="8c84fa94-04c1-424b-9868-57a2d4851a1d" relativeResultsDirectory="1eef6482-2194-478f-a48b-19e6bea96902" />
    <UnitTestResult executionId="9d2dd73f-9dd9-4a6e-a444-e96301c72b54" testId="c5bb3bd2-1a3c-4858-a48a-12c80e487541" testName="VirtualCompany.Api.Tests.AccountingCloseApiSurfaceTests.Mutation_endpoints_require_the_expected_company_policy(methodName: &quot;ResolveBlockerAsync&quot;, policy: &quot;AccountingAdmin&quot;)" computerName="DESKTOP-388F6FT" duration="00:00:00.0000064" startTime="2026-08-31T07:06:17.4347402+02:00" endTime="2026-08-31T07:06:17.4347404+02:00" testType="13cdc9d9-ddb5-4fa4-a97d-d965ccfc6d4b" outcome="Passed" testListId="8c84fa94-04c1-424b-9868-57a2d4851a1d" relativeResultsDirectory="9d2dd73f-9dd9-4a6e-a444-e96301c72b54" />
    <UnitTestResult executionId="dfc320ba-1307-4435-a034-bea3478c2135" testId="55b67671-8a56-d012-b60c-e6d134e6024b" testName="VirtualCompany.Api.Tests.AccountingCloseApiSurfaceTests.Mutation_endpoints_require_the_expected_company_policy(methodName: &quot;CopyTemplateAsync&quot;, policy: &quot;AccountingAdmin&quot;)" computerName="DESKTOP-388F6FT" duration="00:00:00.0001295" startTime="2026-08-31T07:06:17.4337747+02:00" endTime="2026-08-31T07:06:17.4337747+02:00" testType="13cdc9d9-ddb5-4fa4-a97d-d965ccfc6d4b" outcome="Passed" testListId="8c84fa94-04c1-424b-9868-57a2d4851a1d" relativeResultsDirectory="dfc320ba-1307-4435-a034-bea3478c2135" />
    <UnitTestResult executionId="41c7a2ae-dbf4-467f-ae54-2bf742fe6356" testId="803e9127-4d8a-e1cc-347f-aee185d6ccd0" testName="VirtualCompany.Api.Tests.AccountingCloseApiSurfaceTests.All_close_entities_have_company_query_filters" computerName="DESKTOP-388F6FT" duration="00:00:01.0805396" startTime="2026-08-31T07:06:18.5155652+02:00" endTime="2026-08-31T07:06:18.5155654+02:00" testType="13cdc9d9-ddb5-4fa4-a97d-d965ccfc6d4b" outcome="Passed" testListId="8c84fa94-04c1-424b-9868-57a2d4851a1d" relativeResultsDirectory="41c7a2ae-dbf4-467f-ae54-2bf742fe6356" />
    <UnitTestResult executionId="70f95102-5461-46a6-aedd-714394486953" testId="11db6bbe-38a8-19be-240d-03d629950600" testName="VirtualCompany.Api.Tests.AccountingCloseApiSurfaceTests.Mutation_endpoints_require_the_expected_company_policy(methodName: &quot;AssignAsync&quot;, policy: &quot;FinanceEdit&quot;)" computerName="DESKTOP-388F6FT" duration="00:00:00.0003725" startTime="2026-08-31T07:06:17.4336127+02:00" endTime="2026-08-31T07:06:17.4336128+02:00" testType="13cdc9d9-ddb5-4fa4-a97d-d965ccfc6d4b" outcome="Passed" testListId="8c84fa94-04c1-424b-9868-57a2d4851a1d" relativeResultsDirectory="70f95102-5461-46a6-aedd-714394486953" />
    <UnitTestResult executionId="873cf3c5-9350-497c-b826-13b7875bd514" testId="41c9d331-ac5a-cd6a-d128-f17a58fbf99a" testName="VirtualCompany.Api.Tests.AccountantCollaborationTests.Collaboration_routes_require_the_explicit_policy_and_grant_management_is_admin_only" computerName="DESKTOP-388F6FT" duration="00:00:00.0022978" startTime="2026-08-31T07:06:10.4100006+02:00" endTime="2026-08-31T07:06:10.4100006+02:00" testType="13cdc9d9-ddb5-4fa4-a97d-d965ccfc6d4b" outcome="Passed" testListId="8c84fa94-04c1-424b-9868-57a2d4851a1d" relativeResultsDirectory="873cf3c5-9350-497c-b826-13b7875bd514" />
    <UnitTestResult executionId="baa10b6b-3070-4678-995d-7ce06227a094" testId="c90b3e17-5b9c-93d4-e467-842efa88280c" testName="VirtualCompany.Api.Tests.AccountingCloseApiSurfaceTests.Mutation_endpoints_require_the_expected_company_policy(methodName: &quot;CancelTaskAsync&quot;, policy: &quot;AccountingAdmin&quot;)" computerName="DESKTOP-388F6FT" duration="00:00:00.0000055" startTime="2026-08-31T07:06:17.4347908+02:00" endTime="2026-08-31T07:06:17.4347908+02:00" testType="13cdc9d9-ddb5-4fa4-a97d-d965ccfc6d4b" outcome="Passed" testListId="8c84fa94-04c1-424b-9868-57a2d4851a1d" relativeResultsDirectory="baa10b6b-3070-4678-995d-7ce06227a094" />
    <UnitTestResult executionId="e1c66990-44af-4e14-bcf8-1adb4d1b2ea3" testId="3e74dcd1-969e-7151-c09d-3ad32b723666" testName="VirtualCompany.Api.Tests.AccountantCollaborationIsolationIntegrationTests.Accountant_cannot_sign_off_an_engagement_they_prepared" computerName="DESKTOP-388F6FT" duration="00:00:01.1071089" startTime="2026-08-31T07:06:17.4321657+02:00" endTime="2026-08-31T07:06:17.4321658+02:00" testType="13cdc9d9-ddb5-4fa4-a97d-d965ccfc6d4b" outcome="Passed" testListId="8c84fa94-04c1-424b-9868-57a2d4851a1d" relativeResultsDirectory="e1c66990-44af-4e14-bcf8-1adb4d1b2ea3" />
    <UnitTestResult executionId="1a3f3bed-7e94-4c17-b9c6-411b13d15981" testId="df7a1a5f-14e8-e2af-0b64-72af780451c0" testName="VirtualCompany.Api.Tests.AccountingCloseApiSurfaceTests.Mutation_endpoints_require_the_expected_company_policy(methodName: &quot;CompleteAsync&quot;, policy: &quot;FinanceEdit&quot;)" computerName="DESKTOP-388F6FT" duration="00:00:00.0000059" startTime="2026-08-31T07:06:17.4339628+02:00" endTime="2026-08-31T07:06:17.4339628+02:00" testType="13cdc9d9-ddb5-4fa4-a97d-d965ccfc6d4b" outcome="Passed" testListId="8c84fa94-04c1-424b-9868-57a2d4851a1d" relativeResultsDirectory="1a3f3bed-7e94-4c17-b9c6-411b13d15981" />
    <UnitTestResult executionId="a09222a4-e13e-468a-8ae8-2489af0d7aed" testId="76676722-a360-5e99-fa55-d4632bcbf982" testName="VirtualCompany.Api.Tests.AuditPackageAuthorizationTests.Sensitive_audit_package_routes_require_explicit_server_policy(methodName: &quot;AuthorizeAuditPackageDownloadAsync&quot;, expectedPolicy: &quot;AccountingView&quot;)" computerName="DESKTOP-388F6FT" duration="00:00:00.0002460" startTime="2026-08-31T07:06:18.5168574+02:00" endTime="2026-08-31T07:06:18.5168575+02:00" testType="13cdc9d9-ddb5-4fa4-a97d-d965ccfc6d4b" outcome="Passed" testListId="8c84fa94-04c1-424b-9868-57a2d4851a1d" relativeResultsDirectory="a09222a4-e13e-468a-8ae8-2489af0d7aed" />
    <UnitTestResult executionId="61c0c04e-d5a7-4994-b231-dff86682ee73" testId="042b7780-da46-6b18-30a3-887a76d3605a" testName="VirtualCompany.Api.Tests.AccountingCloseApiSurfaceTests.Mutation_endpoints_require_the_expected_company_policy(methodName: &quot;ActivateTemplateAsync&quot;, policy: &quot;AccountingAdmin&quot;)" computerName="DESKTOP-388F6FT" duration="00:00:00.0000048" startTime="2026-08-31T07:06:17.4348235+02:00" endTime="2026-08-31T07:06:17.4348236+02:00" testType="13cdc9d9-ddb5-4fa4-a97d-d965ccfc6d4b" outcome="Passed" testListId="8c84fa94-04c1-424b-9868-57a2d4851a1d" relativeResultsDirectory="61c0c04e-d5a7-4994-b231-dff86682ee73" />
    <UnitTestResult executionId="2cfc2e3c-cb17-44ed-9e71-a68cb427de4e" testId="bff17957-e64e-dc67-3f81-a0d88d69bb1a" testName="VirtualCompany.Api.Tests.AccountingCloseApiSurfaceTests.Mutation_endpoints_require_the_expected_company_policy(methodName: &quot;CreateTemplateAsync&quot;, policy: &quot;AccountingAdmin&quot;)" computerName="DESKTOP-388F6FT" duration="00:00:00.0000052" startTime="2026-08-31T07:06:17.4348947+02:00" endTime="2026-08-31T07:06:17.4348947+02:00" testType="13cdc9d9-ddb5-4fa4-a97d-d965ccfc6d4b" outcome="Passed" testListId="8c84fa94-04c1-424b-9868-57a2d4851a1d" relativeResultsDirectory="2cfc2e3c-cb17-44ed-9e71-a68cb427de4e" />
    <UnitTestResult executionId="5abd1a58-b507-4db8-a9a9-16b2e6946080" testId="3257737d-49f1-4e7a-4e68-99d00a6223bb" testName="VirtualCompany.Api.Tests.AccountantCollaborationTests.Migration_contains_only_the_seven_collaboration_tables" computerName="DESKTOP-388F6FT" duration="00:00:00.0025854" startTime="2026-08-31T07:06:10.4068758+02:00" endTime="2026-08-31T07:06:10.4068846+02:00" testType="13cdc9d9-ddb5-4fa4-a97d-d965ccfc6d4b" outcome="Passed" testListId="8c84fa94-04c1-424b-9868-57a2d4851a1d" relativeResultsDirectory="5abd1a58-b507-4db8-a9a9-16b2e6946080" />
    <UnitTestResult executionId="727a8cc1-d4a3-449b-9433-a86daeac4918" testId="e2cd1b87-99c0-454b-28e7-004e07fae832" testName="VirtualCompany.Api.Tests.AccountingCloseApiSurfaceTests.Mutation_endpoints_require_the_expected_company_policy(methodName: &quot;ReopenAsync&quot;, policy: &quot;AccountingAdmin&quot;)" computerName="DESKTOP-388F6FT" duration="00:00:00.0000048" startTime="2026-08-31T07:06:17.4340339+02:00" endTime="2026-08-31T07:06:17.4340340+02:00" testType="13cdc9d9-ddb5-4fa4-a97d-d965ccfc6d4b" outcome="Passed" testListId="8c84fa94-04c1-424b-9868-57a2d4851a1d" relativeResultsDirectory="727a8cc1-d4a3-449b-9433-a86daeac4918" />
    <UnitTestResult executionId="5064c088-7981-425b-a7f8-7b48aeb6112c" testId="ebbe7269-40e2-d29e-36bf-bb4347a18d17" testName="VirtualCompany.Api.Tests.AccountingCloseApiSurfaceTests.Migration_contains_version_graph_instance_history_and_idempotency_storage" computerName="DESKTOP-388F6FT" duration="00:00:00.0008380" startTime="2026-08-31T07:06:17.4349368+02:00" endTime="2026-08-31T07:06:17.4349368+02:00" testType="13cdc9d9-ddb5-4fa4-a97d-d965ccfc6d4b" outcome="Passed" testListId="8c84fa94-04c1-424b-9868-57a2d4851a1d" relativeResultsDirectory="5064c088-7981-425b-a7f8-7b48aeb6112c" />
    <UnitTestResult executionId="895b254c-d961-4832-bcc0-962bbb8d8b92" testId="5131bdc3-88f2-6d36-31a2-b9e8aed9a39c" testName="VirtualCompany.Api.Tests.AccountingCloseApiSurfaceTests.Mutation_endpoints_require_the_expected_company_policy(methodName: &quot;StartAsync&quot;, policy: &quot;AccountingAdmin&quot;)" computerName="DESKTOP-388F6FT" duration="00:00:00.0000054" startTime="2026-08-31T07:06:17.4339991+02:00" endTime="2026-08-31T07:06:17.4339992+02:00" testType="13cdc9d9-ddb5-4fa4-a97d-d965ccfc6d4b" outcome="Passed" testListId="8c84fa94-04c1-424b-9868-57a2d4851a1d" relativeResultsDirectory="895b254c-d961-4832-bcc0-962bbb8d8b92" />
    <UnitTestResult executionId="6c376386-81a5-4e0d-831a-1bdc551720a5" testId="efcd6f1f-e9d3-7ddf-0126-26a8821c73cd" testName="VirtualCompany.Api.Tests.AccountingCloseGovernanceApiSurfaceTests.Governance_Controller_Exposes_Governed_Write_Workflow" computerName="DESKTOP-388F6FT" duration="00:00:00.0002507" startTime="2026-08-31T07:06:10.4125811+02:00" endTime="2026-08-31T07:06:10.4125812+02:00" testType="13cdc9d9-ddb5-4fa4-a97d-d965ccfc6d4b" outcome="Passed" testListId="8c84fa94-04c1-424b-9868-57a2d4851a1d" relativeResultsDirectory="6c376386-81a5-4e0d-831a-1bdc551720a5" />
  </Results>
  <TestDefinitions>
    <UnitTest name="VirtualCompany.Api.Tests.CloseComplianceReleaseReadinessApiSurfaceTests.Readiness_endpoint_is_company_scoped_and_requires_accounting_administrator" storage="c:\users\johan\source\repos\virtual company\tests\virtualcompany.api.tests\bin\release\net9.0\virtualcompany.api.tests.dll" id="248bb649-2caf-642a-27e1-b7e68c498950">
      <Execution id="90544c71-500a-4dee-a498-36cde5b9fc53" />
      <TestMethod codeBase="C:\Users\Johan\source\repos\Virtual Company\tests\VirtualCompany.Api.Tests\bin\Release\net9.0\VirtualCompany.Api.Tests.dll" adapterTypeName="executor://xunit/VsTestRunner2/netcoreapp" className="VirtualCompany.Api.Tests.CloseComplianceReleaseReadinessApiSurfaceTests" name="Readiness_endpoint_is_company_scoped_and_requires_accounting_administrator" />
    </UnitTest>
    <UnitTest name="VirtualCompany.Api.Tests.AccountingCloseApiSurfaceTests.Mutation_endpoints_require_the_expected_company_policy(methodName: &quot;StartAsync&quot;, policy: &quot;AccountingAdmin&quot;)" storage="c:\users\johan\source\repos\virtual company\tests\virtualcompany.api.tests\bin\release\net9.0\virtualcompany.api.tests.dll" id="5131bdc3-88f2-6d36-31a2-b9e8aed9a39c">
      <Execution id="895b254c-d961-4832-bcc0-962bbb8d8b92" />
      <TestMethod codeBase="C:\Users\Johan\source\repos\Virtual Company\tests\VirtualCompany.Api.Tests\bin\Release\net9.0\VirtualCompany.Api.Tests.dll" adapterTypeName="executor://xunit/VsTestRunner2/netcoreapp" className="VirtualCompany.Api.Tests.AccountingCloseApiSurfaceTests" name="Mutation_endpoints_require_the_expected_company_policy" />
    </UnitTest>
    <UnitTest name="VirtualCompany.Api.Tests.AccountingCloseGovernanceApiSurfaceTests.Lock_Implementation_Rechecks_And_Uses_One_Serializable_Transaction" storage="c:\users\johan\source\repos\virtual company\tests\virtualcompany.api.tests\bin\release\net9.0\virtualcompany.api.tests.dll" id="fd14a120-215e-73e4-0388-84a4e4cd4042">
      <Execution id="cfadb3d9-3299-4c61-a06a-051c830bc143" />
      <TestMethod codeBase="C:\Users\Johan\source\repos\Virtual Company\tests\VirtualCompany.Api.Tests\bin\Release\net9.0\VirtualCompany.Api.Tests.dll" adapterTypeName="executor://xunit/VsTestRunner2/netcoreapp" className="VirtualCompany.Api.Tests.AccountingCloseGovernanceApiSurfaceTests" name="Lock_Implementation_Rechecks_And_Uses_One_Serializable_Transaction" />
    </UnitTest>
    <UnitTest name="VirtualCompany.Api.Tests.AccountingCloseApiSurfaceTests.Mutation_endpoints_require_the_expected_company_policy(methodName: &quot;CancelTaskAsync&quot;, policy: &quot;AccountingAdmin&quot;)" storage="c:\users\johan\source\repos\virtual company\tests\virtualcompany.api.tests\bin\release\net9.0\virtualcompany.api.tests.dll" id="c90b3e17-5b9c-93d4-e467-842efa88280c">
      <Execution id="baa10b6b-3070-4678-995d-7ce06227a094" />
      <TestMethod codeBase="C:\Users\Johan\source\repos\Virtual Company\tests\VirtualCompany.Api.Tests\bin\Release\net9.0\VirtualCompany.Api.Tests.dll" adapterTypeName="executor://xunit/VsTestRunner2/netcoreapp" className="VirtualCompany.Api.Tests.AccountingCloseApiSurfaceTests" name="Mutation_endpoints_require_the_expected_company_policy" />
    </UnitTest>
    <UnitTest name="VirtualCompany.Api.Tests.AuditPackageAuthorizationTests.Sensitive_audit_package_routes_require_explicit_server_policy(methodName: &quot;AuthorizeAuditPackageDownloadAsync&quot;, expectedPolicy: &quot;AccountingView&quot;)" storage="c:\users\johan\source\repos\virtual company\tests\virtualcompany.api.tests\bin\release\net9.0\virtualcompany.api.tests.dll" id="76676722-a360-5e99-fa55-d4632bcbf982">
      <Execution id="a09222a4-e13e-468a-8ae8-2489af0d7aed" />
      <TestMethod codeBase="C:\Users\Johan\source\repos\Virtual Company\tests\VirtualCompany.Api.Tests\bin\Release\net9.0\VirtualCompany.Api.Tests.dll" adapterTypeName="executor://xunit/VsTestRunner2/netcoreapp" className="VirtualCompany.Api.Tests.AuditPackageAuthorizationTests" name="Sensitive_audit_package_routes_require_explicit_server_policy" />
    </UnitTest>
    <UnitTest name="VirtualCompany.Api.Tests.AuditPackageAuthorizationTests.Sensitive_audit_package_routes_require_explicit_server_policy(methodName: &quot;DownloadAuditPackageAsync&quot;, expectedPolicy: &quot;AccountingView&quot;)" storage="c:\users\johan\source\repos\virtual company\tests\virtualcompany.api.tests\bin\release\net9.0\virtualcompany.api.tests.dll" id="6b7f5876-b498-a180-0022-2fa0d7b7fb67">
      <Execution id="b989b09c-1265-4e45-9115-9016f0a3b0ef" />
      <TestMethod codeBase="C:\Users\Johan\source\repos\Virtual Company\tests\VirtualCompany.Api.Tests\bin\Release\net9.0\VirtualCompany.Api.Tests.dll" adapterTypeName="executor://xunit/VsTestRunner2/netcoreapp" className="VirtualCompany.Api.Tests.AuditPackageAuthorizationTests" name="Sensitive_audit_package_routes_require_explicit_server_policy" />
    </UnitTest>
    <UnitTest name="VirtualCompany.Api.Tests.AccountingCloseApiSurfaceTests.Migration_contains_version_graph_instance_history_and_idempotency_storage" storage="c:\users\johan\source\repos\virtual company\tests\virtualcompany.api.tests\bin\release\net9.0\virtualcompany.api.tests.dll" id="ebbe7269-40e2-d29e-36bf-bb4347a18d17">
      <Execution id="5064c088-7981-425b-a7f8-7b48aeb6112c" />
      <TestMethod codeBase="C:\Users\Johan\source\repos\Virtual Company\tests\VirtualCompany.Api.Tests\bin\Release\net9.0\VirtualCompany.Api.Tests.dll" adapterTypeName="executor://xunit/VsTestRunner2/netcoreapp" className="VirtualCompany.Api.Tests.AccountingCloseApiSurfaceTests" name="Migration_contains_version_graph_instance_history_and_idempotency_storage" />
    </UnitTest>
    <UnitTest name="VirtualCompany.Api.Tests.AccountingCloseApiSurfaceTests.All_close_entities_have_company_query_filters" storage="c:\users\johan\source\repos\virtual company\tests\virtualcompany.api.tests\bin\release\net9.0\virtualcompany.api.tests.dll" id="803e9127-4d8a-e1cc-347f-aee185d6ccd0">
      <Execution id="41c7a2ae-dbf4-467f-ae54-2bf742fe6356" />
      <TestMethod codeBase="C:\Users\Johan\source\repos\Virtual Company\tests\VirtualCompany.Api.Tests\bin\Release\net9.0\VirtualCompany.Api.Tests.dll" adapterTypeName="executor://xunit/VsTestRunner2/netcoreapp" className="VirtualCompany.Api.Tests.AccountingCloseApiSurfaceTests" name="All_close_entities_have_company_query_filters" />
    </UnitTest>
    <UnitTest name="VirtualCompany.Api.Tests.AccountantCollaborationTests.Grant_requires_independent_approval_and_revocation_stops_access" storage="c:\users\johan\source\repos\virtual company\tests\virtualcompany.api.tests\bin\release\net9.0\virtualcompany.api.tests.dll" id="7b3d153f-3ff9-c195-324f-d6fb422822ab">
      <Execution id="b856c299-f520-467d-b55d-2fdac2800a5d" />
      <TestMethod codeBase="C:\Users\Johan\source\repos\Virtual Company\tests\VirtualCompany.Api.Tests\bin\Release\net9.0\VirtualCompany.Api.Tests.dll" adapterTypeName="executor://xunit/VsTestRunner2/netcoreapp" className="VirtualCompany.Api.Tests.AccountantCollaborationTests" name="Grant_requires_independent_approval_and_revocation_stops_access" />
    </UnitTest>
    <UnitTest name="VirtualCompany.Api.Tests.AccountingCloseApiSurfaceTests.Mutation_endpoints_require_the_expected_company_policy(methodName: &quot;CompleteAsync&quot;, policy: &quot;FinanceEdit&quot;)" storage="c:\users\johan\source\repos\virtual company\tests\virtualcompany.api.tests\bin\release\net9.0\virtualcompany.api.tests.dll" id="df7a1a5f-14e8-e2af-0b64-72af780451c0">
      <Execution id="1a3f3bed-7e94-4c17-b9c6-411b13d15981" />
      <TestMethod codeBase="C:\Users\Johan\source\repos\Virtual Company\tests\VirtualCompany.Api.Tests\bin\Release\net9.0\VirtualCompany.Api.Tests.dll" adapterTypeName="executor://xunit/VsTestRunner2/netcoreapp" className="VirtualCompany.Api.Tests.AccountingCloseApiSurfaceTests" name="Mutation_endpoints_require_the_expected_company_policy" />
    </UnitTest>
    <UnitTest name="VirtualCompany.Api.Tests.AccountingCloseApiSurfaceTests.Mutation_endpoints_require_the_expected_company_policy(methodName: &quot;ReopenAsync&quot;, policy: &quot;AccountingAdmin&quot;)" storage="c:\users\johan\source\repos\virtual company\tests\virtualcompany.api.tests\bin\release\net9.0\virtualcompany.api.tests.dll" id="e2cd1b87-99c0-454b-28e7-004e07fae832">
      <Execution id="727a8cc1-d4a3-449b-9433-a86daeac4918" />
      <TestMethod codeBase="C:\Users\Johan\source\repos\Virtual Company\tests\VirtualCompany.Api.Tests\bin\Release\net9.0\VirtualCompany.Api.Tests.dll" adapterTypeName="executor://xunit/VsTestRunner2/netcoreapp" className="VirtualCompany.Api.Tests.AccountingCloseApiSurfaceTests" name="Mutation_endpoints_require_the_expected_company_policy" />
    </UnitTest>
    <UnitTest name="VirtualCompany.Api.Tests.AccountingCloseApiSurfaceTests.Mutation_endpoints_require_the_expected_company_policy(methodName: &quot;AssignAsync&quot;, policy: &quot;FinanceEdit&quot;)" storage="c:\users\johan\source\repos\virtual company\tests\virtualcompany.api.tests\bin\release\net9.0\virtualcompany.api.tests.dll" id="11db6bbe-38a8-19be-240d-03d629950600">
      <Execution id="70f95102-5461-46a6-aedd-714394486953" />
      <TestMethod codeBase="C:\Users\Johan\source\repos\Virtual Company\tests\VirtualCompany.Api.Tests\bin\Release\net9.0\VirtualCompany.Api.Tests.dll" adapterTypeName="executor://xunit/VsTestRunner2/netcoreapp" className="VirtualCompany.Api.Tests.AccountingCloseApiSurfaceTests" name="Mutation_endpoints_require_the_expected_company_policy" />
    </UnitTest>
    <UnitTest name="VirtualCompany.Api.Tests.CloseComplianceReleaseReadinessApiSurfaceTests.Readiness_endpoint_exposes_only_a_get_operation" storage="c:\users\johan\source\repos\virtual company\tests\virtualcompany.api.tests\bin\release\net9.0\virtualcompany.api.tests.dll" id="21935ff0-101d-fc2d-375a-a89ada184c2f">
      <Execution id="b6884ad7-1f46-4947-89ef-c77d3b7935f2" />
      <TestMethod codeBase="C:\Users\Johan\source\repos\Virtual Company\tests\VirtualCompany.Api.Tests\bin\Release\net9.0\VirtualCompany.Api.Tests.dll" adapterTypeName="executor://xunit/VsTestRunner2/netcoreapp" className="VirtualCompany.Api.Tests.CloseComplianceReleaseReadinessApiSurfaceTests" name="Readiness_endpoint_exposes_only_a_get_operation" />
    </UnitTest>
    <UnitTest name="VirtualCompany.Api.Tests.AccountantCollaborationIsolationIntegrationTests.Explicit_grant_isolates_portfolio_and_routes_then_revocation_blocks_old_link_but_retains_history" storage="c:\users\johan\source\repos\virtual company\tests\virtualcompany.api.tests\bin\release\net9.0\virtualcompany.api.tests.dll" id="6750a07e-4e24-5a66-a778-20655e96371b">
      <Execution id="3b50db30-eac2-4da3-99aa-77353f464912" />
      <TestMethod codeBase="C:\Users\Johan\source\repos\Virtual Company\tests\VirtualCompany.Api.Tests\bin\Release\net9.0\VirtualCompany.Api.Tests.dll" adapterTypeName="executor://xunit/VsTestRunner2/netcoreapp" className="VirtualCompany.Api.Tests.AccountantCollaborationIsolationIntegrationTests" name="Explicit_grant_isolates_portfolio_and_routes_then_revocation_blocks_old_link_but_retains_history" />
    </UnitTest>
    <UnitTest name="VirtualCompany.Api.Tests.AccountingCloseApiSurfaceTests.Mutation_endpoints_require_the_expected_company_policy(methodName: &quot;VersionTemplateAsync&quot;, policy: &quot;AccountingAdmin&quot;)" storage="c:\users\johan\source\repos\virtual company\tests\virtualcompany.api.tests\bin\release\net9.0\virtualcompany.api.tests.dll" id="38e88892-118e-10c9-ea9b-a47e255fd5b1">
      <Execution id="9b51f1ca-fce1-4c91-97dd-7f82161c3aed" />
      <TestMethod codeBase="C:\Users\Johan\source\repos\Virtual Company\tests\VirtualCompany.Api.Tests\bin\Release\net9.0\VirtualCompany.Api.Tests.dll" adapterTypeName="executor://xunit/VsTestRunner2/netcoreapp" className="VirtualCompany.Api.Tests.AccountingCloseApiSurfaceTests" name="Mutation_endpoints_require_the_expected_company_policy" />
    </UnitTest>
    <UnitTest name="VirtualCompany.Api.Tests.AccountingCloseApiSurfaceTests.Mutation_endpoints_require_the_expected_company_policy(methodName: &quot;ActivateTemplateAsync&quot;, policy: &quot;AccountingAdmin&quot;)" storage="c:\users\johan\source\repos\virtual company\tests\virtualcompany.api.tests\bin\release\net9.0\virtualcompany.api.tests.dll" id="042b7780-da46-6b18-30a3-887a76d3605a">
      <Execution id="61c0c04e-d5a7-4994-b231-dff86682ee73" />
      <TestMethod codeBase="C:\Users\Johan\source\repos\Virtual Company\tests\VirtualCompany.Api.Tests\bin\Release\net9.0\VirtualCompany.Api.Tests.dll" adapterTypeName="executor://xunit/VsTestRunner2/netcoreapp" className="VirtualCompany.Api.Tests.AccountingCloseApiSurfaceTests" name="Mutation_endpoints_require_the_expected_company_policy" />
    </UnitTest>
    <UnitTest name="VirtualCompany.Api.Tests.AccountingCloseApiSurfaceTests.Mutation_endpoints_require_the_expected_company_policy(methodName: &quot;RetireTemplateAsync&quot;, policy: &quot;AccountingAdmin&quot;)" storage="c:\users\johan\source\repos\virtual company\tests\virtualcompany.api.tests\bin\release\net9.0\virtualcompany.api.tests.dll" id="0be856c9-20ba-cf34-e640-b483ea595c0c">
      <Execution id="c975bcc3-dd92-4f6e-a09c-006c74394320" />
      <TestMethod codeBase="C:\Users\Johan\source\repos\Virtual Company\tests\VirtualCompany.Api.Tests\bin\Release\net9.0\VirtualCompany.Api.Tests.dll" adapterTypeName="executor://xunit/VsTestRunner2/netcoreapp" className="VirtualCompany.Api.Tests.AccountingCloseApiSurfaceTests" name="Mutation_endpoints_require_the_expected_company_policy" />
    </UnitTest>
    <UnitTest name="VirtualCompany.Api.Tests.AccountingCloseApiSurfaceTests.Mutation_endpoints_require_the_expected_company_policy(methodName: &quot;AddBlockerAsync&quot;, policy: &quot;FinanceEdit&quot;)" storage="c:\users\johan\source\repos\virtual company\tests\virtualcompany.api.tests\bin\release\net9.0\virtualcompany.api.tests.dll" id="5e211dc4-1674-d96d-504a-c16ae84abd31">
      <Execution id="25b8e2d5-75cc-44ee-bd99-c01e42291889" />
      <TestMethod codeBase="C:\Users\Johan\source\repos\Virtual Company\tests\VirtualCompany.Api.Tests\bin\Release\net9.0\VirtualCompany.Api.Tests.dll" adapterTypeName="executor://xunit/VsTestRunner2/netcoreapp" className="VirtualCompany.Api.Tests.AccountingCloseApiSurfaceTests" name="Mutation_endpoints_require_the_expected_company_policy" />
    </UnitTest>
    <UnitTest name="VirtualCompany.Api.Tests.AccountingCloseApiSurfaceTests.Mutation_endpoints_require_the_expected_company_policy(methodName: &quot;CreateTemplateAsync&quot;, policy: &quot;AccountingAdmin&quot;)" storage="c:\users\johan\source\repos\virtual company\tests\virtualcompany.api.tests\bin\release\net9.0\virtualcompany.api.tests.dll" id="bff17957-e64e-dc67-3f81-a0d88d69bb1a">
      <Execution id="2cfc2e3c-cb17-44ed-9e71-a68cb427de4e" />
      <TestMethod codeBase="C:\Users\Johan\source\repos\Virtual Company\tests\VirtualCompany.Api.Tests\bin\Release\net9.0\VirtualCompany.Api.Tests.dll" adapterTypeName="executor://xunit/VsTestRunner2/netcoreapp" className="VirtualCompany.Api.Tests.AccountingCloseApiSurfaceTests" name="Mutation_endpoints_require_the_expected_company_policy" />
    </UnitTest>
    <UnitTest name="VirtualCompany.Api.Tests.AccountantCollaborationTests.Collaboration_routes_require_the_explicit_policy_and_grant_management_is_admin_only" storage="c:\users\johan\source\repos\virtual company\tests\virtualcompany.api.tests\bin\release\net9.0\virtualcompany.api.tests.dll" id="41c9d331-ac5a-cd6a-d128-f17a58fbf99a">
      <Execution id="873cf3c5-9350-497c-b826-13b7875bd514" />
      <TestMethod codeBase="C:\Users\Johan\source\repos\Virtual Company\tests\VirtualCompany.Api.Tests\bin\Release\net9.0\VirtualCompany.Api.Tests.dll" adapterTypeName="executor://xunit/VsTestRunner2/netcoreapp" className="VirtualCompany.Api.Tests.AccountantCollaborationTests" name="Collaboration_routes_require_the_explicit_policy_and_grant_management_is_admin_only" />
    </UnitTest>
    <UnitTest name="VirtualCompany.Api.Tests.AccountingCloseGovernanceApiSurfaceTests.Governance_Migration_Is_Additive_And_Does_Not_Replay_Earlier_P3_Schema" storage="c:\users\johan\source\repos\virtual company\tests\virtualcompany.api.tests\bin\release\net9.0\virtualcompany.api.tests.dll" id="9bcb206f-3d6c-12ee-fb89-7a47ee3a58a9">
      <Execution id="d4ef428d-fb54-445d-8c9c-6901ff5245f2" />
      <TestMethod codeBase="C:\Users\Johan\source\repos\Virtual Company\tests\VirtualCompany.Api.Tests\bin\Release\net9.0\VirtualCompany.Api.Tests.dll" adapterTypeName="executor://xunit/VsTestRunner2/netcoreapp" className="VirtualCompany.Api.Tests.AccountingCloseGovernanceApiSurfaceTests" name="Governance_Migration_Is_Additive_And_Does_Not_Replay_Earlier_P3_Schema" />
    </UnitTest>
    <UnitTest name="VirtualCompany.Api.Tests.AccountantCollaborationTests.Accountant_role_is_read_only_in_the_general_finance_boundary" storage="c:\users\johan\source\repos\virtual company\tests\virtualcompany.api.tests\bin\release\net9.0\virtualcompany.api.tests.dll" id="0b82ded1-35ba-aac1-66c0-82ac7218d69a">
      <Execution id="f6543e29-58c1-44e3-9740-b5d239279aae" />
      <TestMethod codeBase="C:\Users\Johan\source\repos\Virtual Company\tests\VirtualCompany.Api.Tests\bin\Release\net9.0\VirtualCompany.Api.Tests.dll" adapterTypeName="executor://xunit/VsTestRunner2/netcoreapp" className="VirtualCompany.Api.Tests.AccountantCollaborationTests" name="Accountant_role_is_read_only_in_the_general_finance_boundary" />
    </UnitTest>
    <UnitTest name="VirtualCompany.Api.Tests.AuditPackageAuthorizationTests.Sensitive_audit_package_routes_require_explicit_server_policy(methodName: &quot;RequestAuditPackageAsync&quot;, expectedPolicy: &quot;AccountingAdmin&quot;)" storage="c:\users\johan\source\repos\virtual company\tests\virtualcompany.api.tests\bin\release\net9.0\virtualcompany.api.tests.dll" id="993b08fc-a236-5f83-ea17-915f80958814">
      <Execution id="3813549a-ec47-4b46-a1f1-ae3581116629" />
      <TestMethod codeBase="C:\Users\Johan\source\repos\Virtual Company\tests\VirtualCompany.Api.Tests\bin\Release\net9.0\VirtualCompany.Api.Tests.dll" adapterTypeName="executor://xunit/VsTestRunner2/netcoreapp" className="VirtualCompany.Api.Tests.AuditPackageAuthorizationTests" name="Sensitive_audit_package_routes_require_explicit_server_policy" />
    </UnitTest>
    <UnitTest name="VirtualCompany.Api.Tests.AccountantCollaborationTests.Migration_contains_only_the_seven_collaboration_tables" storage="c:\users\johan\source\repos\virtual company\tests\virtualcompany.api.tests\bin\release\net9.0\virtualcompany.api.tests.dll" id="3257737d-49f1-4e7a-4e68-99d00a6223bb">
      <Execution id="5abd1a58-b507-4db8-a9a9-16b2e6946080" />
      <TestMethod codeBase="C:\Users\Johan\source\repos\Virtual Company\tests\VirtualCompany.Api.Tests\bin\Release\net9.0\VirtualCompany.Api.Tests.dll" adapterTypeName="executor://xunit/VsTestRunner2/netcoreapp" className="VirtualCompany.Api.Tests.AccountantCollaborationTests" name="Migration_contains_only_the_seven_collaboration_tables" />
    </UnitTest>
    <UnitTest name="VirtualCompany.Api.Tests.AccountingCloseApiSurfaceTests.Mutation_endpoints_require_the_expected_company_policy(methodName: &quot;CopyTemplateAsync&quot;, policy: &quot;AccountingAdmin&quot;)" storage="c:\users\johan\source\repos\virtual company\tests\virtualcompany.api.tests\bin\release\net9.0\virtualcompany.api.tests.dll" id="55b67671-8a56-d012-b60c-e6d134e6024b">
      <Execution id="dfc320ba-1307-4435-a034-bea3478c2135" />
      <TestMethod codeBase="C:\Users\Johan\source\repos\Virtual Company\tests\VirtualCompany.Api.Tests\bin\Release\net9.0\VirtualCompany.Api.Tests.dll" adapterTypeName="executor://xunit/VsTestRunner2/netcoreapp" className="VirtualCompany.Api.Tests.AccountingCloseApiSurfaceTests" name="Mutation_endpoints_require_the_expected_company_policy" />
    </UnitTest>
    <UnitTest name="VirtualCompany.Api.Tests.AuditPackageAuthorizationTests.Sensitive_audit_package_routes_require_explicit_server_policy(methodName: &quot;ApproveAuditPackageAsync&quot;, expectedPolicy: &quot;FinanceApproval&quot;)" storage="c:\users\johan\source\repos\virtual company\tests\virtualcompany.api.tests\bin\release\net9.0\virtualcompany.api.tests.dll" id="7ad2c986-42b1-9dbf-9fa9-da7084c039a1">
      <Execution id="1eef6482-2194-478f-a48b-19e6bea96902" />
      <TestMethod codeBase="C:\Users\Johan\source\repos\Virtual Company\tests\VirtualCompany.Api.Tests\bin\Release\net9.0\VirtualCompany.Api.Tests.dll" adapterTypeName="executor://xunit/VsTestRunner2/netcoreapp" className="VirtualCompany.Api.Tests.AuditPackageAuthorizationTests" name="Sensitive_audit_package_routes_require_explicit_server_policy" />
    </UnitTest>
    <UnitTest name="VirtualCompany.Api.Tests.AccountingCloseApiSurfaceTests.Mutation_endpoints_require_the_expected_company_policy(methodName: &quot;ResolveBlockerAsync&quot;, policy: &quot;AccountingAdmin&quot;)" storage="c:\users\johan\source\repos\virtual company\tests\virtualcompany.api.tests\bin\release\net9.0\virtualcompany.api.tests.dll" id="c5bb3bd2-1a3c-4858-a48a-12c80e487541">
      <Execution id="9d2dd73f-9dd9-4a6e-a444-e96301c72b54" />
      <TestMethod codeBase="C:\Users\Johan\source\repos\Virtual Company\tests\VirtualCompany.Api.Tests\bin\Release\net9.0\VirtualCompany.Api.Tests.dll" adapterTypeName="executor://xunit/VsTestRunner2/netcoreapp" className="VirtualCompany.Api.Tests.AccountingCloseApiSurfaceTests" name="Mutation_endpoints_require_the_expected_company_policy" />
    </UnitTest>
    <UnitTest name="VirtualCompany.Api.Tests.AccountingCloseGovernanceApiSurfaceTests.Governance_Controller_Exposes_Governed_Write_Workflow" storage="c:\users\johan\source\repos\virtual company\tests\virtualcompany.api.tests\bin\release\net9.0\virtualcompany.api.tests.dll" id="efcd6f1f-e9d3-7ddf-0126-26a8821c73cd">
      <Execution id="6c376386-81a5-4e0d-831a-1bdc551720a5" />
      <TestMethod codeBase="C:\Users\Johan\source\repos\Virtual Company\tests\VirtualCompany.Api.Tests\bin\Release\net9.0\VirtualCompany.Api.Tests.dll" adapterTypeName="executor://xunit/VsTestRunner2/netcoreapp" className="VirtualCompany.Api.Tests.AccountingCloseGovernanceApiSurfaceTests" name="Governance_Controller_Exposes_Governed_Write_Workflow" />
    </UnitTest>
    <UnitTest name="VirtualCompany.Api.Tests.AccountantCollaborationIsolationIntegrationTests.Accountant_cannot_sign_off_an_engagement_they_prepared" storage="c:\users\johan\source\repos\virtual company\tests\virtualcompany.api.tests\bin\release\net9.0\virtualcompany.api.tests.dll" id="3e74dcd1-969e-7151-c09d-3ad32b723666">
      <Execution id="e1c66990-44af-4e14-bcf8-1adb4d1b2ea3" />
      <TestMethod codeBase="C:\Users\Johan\source\repos\Virtual Company\tests\VirtualCompany.Api.Tests\bin\Release\net9.0\VirtualCompany.Api.Tests.dll" adapterTypeName="executor://xunit/VsTestRunner2/netcoreapp" className="VirtualCompany.Api.Tests.AccountantCollaborationIsolationIntegrationTests" name="Accountant_cannot_sign_off_an_engagement_they_prepared" />
    </UnitTest>
    <UnitTest name="VirtualCompany.Api.Tests.AccountingCloseApiSurfaceTests.Mutation_endpoints_require_the_expected_company_policy(methodName: &quot;CancelAsync&quot;, policy: &quot;AccountingAdmin&quot;)" storage="c:\users\johan\source\repos\virtual company\tests\virtualcompany.api.tests\bin\release\net9.0\virtualcompany.api.tests.dll" id="bc85e80c-76d7-3be5-1762-a2ca2df865f0">
      <Execution id="2d4206ec-e057-4a5c-a0df-dbeee6f75bf7" />
      <TestMethod codeBase="C:\Users\Johan\source\repos\Virtual Company\tests\VirtualCompany.Api.Tests\bin\Release\net9.0\VirtualCompany.Api.Tests.dll" adapterTypeName="executor://xunit/VsTestRunner2/netcoreapp" className="VirtualCompany.Api.Tests.AccountingCloseApiSurfaceTests" name="Mutation_endpoints_require_the_expected_company_policy" />
    </UnitTest>
    <UnitTest name="VirtualCompany.Api.Tests.AuditPackageAuthorizationTests.Sensitive_audit_package_routes_require_explicit_server_policy(methodName: &quot;VerifyAuditPackageAsync&quot;, expectedPolicy: &quot;AccountingView&quot;)" storage="c:\users\johan\source\repos\virtual company\tests\virtualcompany.api.tests\bin\release\net9.0\virtualcompany.api.tests.dll" id="7ca63127-551e-a0a8-6ba3-1639add8d2e7">
      <Execution id="6b8bf015-a0f9-4840-bc08-bbe8aba69dda" />
      <TestMethod codeBase="C:\Users\Johan\source\repos\Virtual Company\tests\VirtualCompany.Api.Tests\bin\Release\net9.0\VirtualCompany.Api.Tests.dll" adapterTypeName="executor://xunit/VsTestRunner2/netcoreapp" className="VirtualCompany.Api.Tests.AuditPackageAuthorizationTests" name="Sensitive_audit_package_routes_require_explicit_server_policy" />
    </UnitTest>
  </TestDefinitions>
  <TestEntries>
    <TestEntry testId="7b3d153f-3ff9-c195-324f-d6fb422822ab" executionId="b856c299-f520-467d-b55d-2fdac2800a5d" testListId="8c84fa94-04c1-424b-9868-57a2d4851a1d" />
    <TestEntry testId="993b08fc-a236-5f83-ea17-915f80958814" executionId="3813549a-ec47-4b46-a1f1-ae3581116629" testListId="8c84fa94-04c1-424b-9868-57a2d4851a1d" />
    <TestEntry testId="0be856c9-20ba-cf34-e640-b483ea595c0c" executionId="c975bcc3-dd92-4f6e-a09c-006c74394320" testListId="8c84fa94-04c1-424b-9868-57a2d4851a1d" />
    <TestEntry testId="bc85e80c-76d7-3be5-1762-a2ca2df865f0" executionId="2d4206ec-e057-4a5c-a0df-dbeee6f75bf7" testListId="8c84fa94-04c1-424b-9868-57a2d4851a1d" />
    <TestEntry testId="5e211dc4-1674-d96d-504a-c16ae84abd31" executionId="25b8e2d5-75cc-44ee-bd99-c01e42291889" testListId="8c84fa94-04c1-424b-9868-57a2d4851a1d" />
    <TestEntry testId="9bcb206f-3d6c-12ee-fb89-7a47ee3a58a9" executionId="d4ef428d-fb54-445d-8c9c-6901ff5245f2" testListId="8c84fa94-04c1-424b-9868-57a2d4851a1d" />
    <TestEntry testId="6750a07e-4e24-5a66-a778-20655e96371b" executionId="3b50db30-eac2-4da3-99aa-77353f464912" testListId="8c84fa94-04c1-424b-9868-57a2d4851a1d" />
    <TestEntry testId="38e88892-118e-10c9-ea9b-a47e255fd5b1" executionId="9b51f1ca-fce1-4c91-97dd-7f82161c3aed" testListId="8c84fa94-04c1-424b-9868-57a2d4851a1d" />
    <TestEntry testId="21935ff0-101d-fc2d-375a-a89ada184c2f" executionId="b6884ad7-1f46-4947-89ef-c77d3b7935f2" testListId="8c84fa94-04c1-424b-9868-57a2d4851a1d" />
    <TestEntry testId="7ca63127-551e-a0a8-6ba3-1639add8d2e7" executionId="6b8bf015-a0f9-4840-bc08-bbe8aba69dda" testListId="8c84fa94-04c1-424b-9868-57a2d4851a1d" />
    <TestEntry testId="fd14a120-215e-73e4-0388-84a4e4cd4042" executionId="cfadb3d9-3299-4c61-a06a-051c830bc143" testListId="8c84fa94-04c1-424b-9868-57a2d4851a1d" />
    <TestEntry testId="0b82ded1-35ba-aac1-66c0-82ac7218d69a" executionId="f6543e29-58c1-44e3-9740-b5d239279aae" testListId="8c84fa94-04c1-424b-9868-57a2d4851a1d" />
    <TestEntry testId="248bb649-2caf-642a-27e1-b7e68c498950" executionId="90544c71-500a-4dee-a498-36cde5b9fc53" testListId="8c84fa94-04c1-424b-9868-57a2d4851a1d" />
    <TestEntry testId="6b7f5876-b498-a180-0022-2fa0d7b7fb67" executionId="b989b09c-1265-4e45-9115-9016f0a3b0ef" testListId="8c84fa94-04c1-424b-9868-57a2d4851a1d" />
    <TestEntry testId="7ad2c986-42b1-9dbf-9fa9-da7084c039a1" executionId="1eef6482-2194-478f-a48b-19e6bea96902" testListId="8c84fa94-04c1-424b-9868-57a2d4851a1d" />
    <TestEntry testId="c5bb3bd2-1a3c-4858-a48a-12c80e487541" executionId="9d2dd73f-9dd9-4a6e-a444-e96301c72b54" testListId="8c84fa94-04c1-424b-9868-57a2d4851a1d" />
    <TestEntry testId="55b67671-8a56-d012-b60c-e6d134e6024b" executionId="dfc320ba-1307-4435-a034-bea3478c2135" testListId="8c84fa94-04c1-424b-9868-57a2d4851a1d" />
    <TestEntry testId="803e9127-4d8a-e1cc-347f-aee185d6ccd0" executionId="41c7a2ae-dbf4-467f-ae54-2bf742fe6356" testListId="8c84fa94-04c1-424b-9868-57a2d4851a1d" />
    <TestEntry testId="11db6bbe-38a8-19be-240d-03d629950600" executionId="70f95102-5461-46a6-aedd-714394486953" testListId="8c84fa94-04c1-424b-9868-57a2d4851a1d" />
    <TestEntry testId="41c9d331-ac5a-cd6a-d128-f17a58fbf99a" executionId="873cf3c5-9350-497c-b826-13b7875bd514" testListId="8c84fa94-04c1-424b-9868-57a2d4851a1d" />
    <TestEntry testId="c90b3e17-5b9c-93d4-e467-842efa88280c" executionId="baa10b6b-3070-4678-995d-7ce06227a094" testListId="8c84fa94-04c1-424b-9868-57a2d4851a1d" />
    <TestEntry testId="3e74dcd1-969e-7151-c09d-3ad32b723666" executionId="e1c66990-44af-4e14-bcf8-1adb4d1b2ea3" testListId="8c84fa94-04c1-424b-9868-57a2d4851a1d" />
    <TestEntry testId="df7a1a5f-14e8-e2af-0b64-72af780451c0" executionId="1a3f3bed-7e94-4c17-b9c6-411b13d15981" testListId="8c84fa94-04c1-424b-9868-57a2d4851a1d" />
    <TestEntry testId="76676722-a360-5e99-fa55-d4632bcbf982" executionId="a09222a4-e13e-468a-8ae8-2489af0d7aed" testListId="8c84fa94-04c1-424b-9868-57a2d4851a1d" />
    <TestEntry testId="042b7780-da46-6b18-30a3-887a76d3605a" executionId="61c0c04e-d5a7-4994-b231-dff86682ee73" testListId="8c84fa94-04c1-424b-9868-57a2d4851a1d" />
    <TestEntry testId="bff17957-e64e-dc67-3f81-a0d88d69bb1a" executionId="2cfc2e3c-cb17-44ed-9e71-a68cb427de4e" testListId="8c84fa94-04c1-424b-9868-57a2d4851a1d" />
    <TestEntry testId="3257737d-49f1-4e7a-4e68-99d00a6223bb" executionId="5abd1a58-b507-4db8-a9a9-16b2e6946080" testListId="8c84fa94-04c1-424b-9868-57a2d4851a1d" />
    <TestEntry testId="e2cd1b87-99c0-454b-28e7-004e07fae832" executionId="727a8cc1-d4a3-449b-9433-a86daeac4918" testListId="8c84fa94-04c1-424b-9868-57a2d4851a1d" />
    <TestEntry testId="ebbe7269-40e2-d29e-36bf-bb4347a18d17" executionId="5064c088-7981-425b-a7f8-7b48aeb6112c" testListId="8c84fa94-04c1-424b-9868-57a2d4851a1d" />
    <TestEntry testId="5131bdc3-88f2-6d36-31a2-b9e8aed9a39c" executionId="895b254c-d961-4832-bcc0-962bbb8d8b92" testListId="8c84fa94-04c1-424b-9868-57a2d4851a1d" />
    <TestEntry testId="efcd6f1f-e9d3-7ddf-0126-26a8821c73cd" executionId="6c376386-81a5-4e0d-831a-1bdc551720a5" testListId="8c84fa94-04c1-424b-9868-57a2d4851a1d" />
  </TestEntries>
  <TestLists>
    <TestList name="Results Not in a List" id="8c84fa94-04c1-424b-9868-57a2d4851a1d" />
    <TestList name="All Loaded Results" id="19431567-8539-422a-85d7-44ee4e166bda" />
  </TestLists>
  <ResultSummary outcome="Completed">
    <Counters total="31" executed="31" passed="31" failed="0" error="0" timeout="0" aborted="0" inconclusive="0" passedButRunAborted="0" notRunnable="0" notExecuted="0" disconnected="0" warning="0" completed="0" inProgress="0" pending="0" />
    <Output>
      <StdOut>[xUnit.net 00:00:00.00] xUnit.net VSTest Adapter v2.8.2+699d445a1a (64-bit .NET 9.0.5)&#xD;
[xUnit.net 00:00:00.14]   Discovering: VirtualCompany.Api.Tests&#xD;
[xUnit.net 00:00:00.30]   Discovered:  VirtualCompany.Api.Tests&#xD;
[xUnit.net 00:00:00.30]   Starting:    VirtualCompany.Api.Tests&#xD;
info: DatabaseInitializationService[0]&#xD;
      Database initialization is disabled for this host.&#xD;
warn: Microsoft.EntityFrameworkCore.Model.Validation[10622]&#xD;
      Entity 'BankTransaction' has a global query filter defined and is the required end of a relationship with the entity 'BankReconciliationFollowUp'. This may lead to unexpected results when the required entity is filtered out. Either configure the navigation as optional, or define matching query filters for both entities in the navigation. See https://go.microsoft.com/fwlink/?linkid=2131316 for more information.&#xD;
warn: Microsoft.EntityFrameworkCore.Model.Validation[10622]&#xD;
      Entity 'CompanyBankAccount' has a global query filter defined and is the required end of a relationship with the entity 'BankStatementImport'. This may lead to unexpected results when the required entity is filtered out. Either configure the navigation as optional, or define matching query filters for both entities in the navigation. See https://go.microsoft.com/fwlink/?linkid=2131316 for more information.&#xD;
warn: Microsoft.EntityFrameworkCore.Model.Validation[10622]&#xD;
      Entity 'CompanyBankAccount' has a global query filter defined and is the required end of a relationship with the entity 'BankStatementImportJob'. This may lead to unexpected results when the required entity is filtered out. Either configure the navigation as optional, or define matching query filters for both entities in the navigation. See https://go.microsoft.com/fwlink/?linkid=2131316 for more information.&#xD;
warn: Microsoft.EntityFrameworkCore.Model.Validation[10622]&#xD;
      Entity 'BankTransaction' has a global query filter defined and is the required end of a relationship with the entity 'BankStatementImportRow'. This may lead to unexpected results when the required entity is filtered out. Either configure the navigation as optional, or define matching query filters for both entities in the navigation. See https://go.microsoft.com/fwlink/?linkid=2131316 for more information.&#xD;
warn: Microsoft.EntityFrameworkCore.Model.Validation[10622]&#xD;
      Entity 'OperatingInitiative' has a global query filter defined and is the required end of a relationship with the entity 'OperatingDispatch'. This may lead to unexpected results when the required entity is filtered out. Either configure the navigation as optional, or define matching query filters for both entities in the navigation. See https://go.microsoft.com/fwlink/?linkid=2131316 for more information.&#xD;
warn: Microsoft.EntityFrameworkCore.Model.Validation[10622]&#xD;
      Entity 'Agent' has a global query filter defined and is the required end of a relationship with the entity 'OperatingInitiativeCollaborator'. This may lead to unexpected results when the required entity is filtered out. Either configure the navigation as optional, or define matching query filters for both entities in the navigation. See https://go.microsoft.com/fwlink/?linkid=2131316 for more information.&#xD;
warn: Microsoft.EntityFrameworkCore.Model.Validation[20601]&#xD;
      The 'SalesMeetingConfirmationStatus' property 'ConfirmationStatus' on entity type 'SalesMeetingInvitation' is configured with a database-generated default, but has no configured sentinel value. The database-generated default will always be used for inserts when the property has the value '0', since this is the CLR default for the 'SalesMeetingConfirmationStatus' type. Consider using a nullable type, using a nullable backing field, or setting the sentinel value for the property to ensure the database default is used when, and only when, appropriate. See https://aka.ms/efcore-docs-default-values for more information.&#xD;
warn: Microsoft.AspNetCore.HttpsPolicy.HttpsRedirectionMiddleware[3]&#xD;
      Failed to determine the https port for redirect.&#xD;
warn: Microsoft.EntityFrameworkCore.Query[20504]&#xD;
      Compiling a query which loads related collections for more than one collection navigation, either via 'Include' or through projection, but no 'QuerySplittingBehavior' has been configured. By default, Entity Framework will use 'QuerySplittingBehavior.SingleQuery', which can potentially result in slow query performance. See https://go.microsoft.com/fwlink/?linkid=2134277 for more information. To identify the query that's triggering this warning call 'ConfigureWarnings(w =&gt; w.Throw(RelationalEventId.MultipleCollectionIncludeWarning))'.&#xD;
info: VirtualCompany.Infrastructure.Auth.DevHeaderAuthenticationHandler[13]&#xD;
      AuthenticationScheme: DevHeader was forbidden.&#xD;
info: VirtualCompany.Infrastructure.Auth.DevHeaderAuthenticationHandler[13]&#xD;
      AuthenticationScheme: DevHeader was forbidden.&#xD;
info: DatabaseInitializationService[0]&#xD;
      Database initialization is disabled for this host.&#xD;
warn: Microsoft.AspNetCore.HttpsPolicy.HttpsRedirectionMiddleware[3]&#xD;
      Failed to determine the https port for redirect.&#xD;
warn: Microsoft.EntityFrameworkCore.Query[20504]&#xD;
      Compiling a query which loads related collections for more than one collection navigation, either via 'Include' or through projection, but no 'QuerySplittingBehavior' has been configured. By default, Entity Framework will use 'QuerySplittingBehavior.SingleQuery', which can potentially result in slow query performance. See https://go.microsoft.com/fwlink/?linkid=2134277 for more information. To identify the query that's triggering this warning call 'ConfigureWarnings(w =&gt; w.Throw(RelationalEventId.MultipleCollectionIncludeWarning))'.&#xD;
info: DatabaseInitializationService[0]&#xD;
      Database initialization is disabled for this host.&#xD;
[xUnit.net 00:00:08.44]   Finished:    VirtualCompany.Api.Tests&#xD;
</StdOut>
    </Output>
  </ResultSummary>
</TestRun>