<?xml version="1.0" encoding="utf-8"?>
<TestRun id="e6963cb8-3e56-47fe-b36d-b6d926d99a60" name="Johan@DESKTOP-388F6FT 2026-08-31 07:13:29" runUser="DESKTOP-388F6FT\Johan" xmlns="http://microsoft.com/schemas/VisualStudio/TeamTest/2010">
  <Times creation="2026-08-31T07:13:29.8233919+02:00" queuing="2026-08-31T07:13:29.8233922+02:00" start="2026-08-31T07:13:28.8130639+02:00" finish="2026-08-31T07:13:29.8606876+02:00" />
  <TestSettings name="default" id="5d8e4893-1c92-415c-9c88-b8054b10603b">
    <Deployment runDeploymentRoot="Johan_DESKTOP-388F6FT_2026-08-31_07_13_29" />
  </TestSettings>
  <Results>
    <UnitTestResult executionId="ff072168-c4dd-4754-9527-2915dfec632f" testId="d0954b3c-0dac-bba4-658b-a51469c0f0df" testName="VirtualCompany.Web.Tests.AuditPackagesSurfaceTests.Workspace_exposes_frozen_scope_integrity_and_incomplete_evidence_states" computerName="DESKTOP-388F6FT" duration="00:00:00.0169796" startTime="2026-08-31T07:13:29.7943966+02:00" endTime="2026-08-31T07:13:29.7943967+02:00" testType="13cdc9d9-ddb5-4fa4-a97d-d965ccfc6d4b" outcome="Passed" testListId="8c84fa94-04c1-424b-9868-57a2d4851a1d" relativeResultsDirectory="ff072168-c4dd-4754-9527-2915dfec632f" />
    <UnitTestResult executionId="f348af96-9b33-4e52-ae35-87f5abcdb381" testId="5a7a3d27-c623-5ffc-feda-3c9f67a1513c" testName="VirtualCompany.Web.Tests.AccountingCloseWorkspaceSurfaceTests.English_swedish_narrow_accessibility_and_screenshot_first_assets_are_retained" computerName="DESKTOP-388F6FT" duration="00:00:00.0185230" startTime="2026-08-31T07:13:29.8309927+02:00" endTime="2026-08-31T07:13:29.8309932+02:00" testType="13cdc9d9-ddb5-4fa4-a97d-d965ccfc6d4b" outcome="Passed" testListId="8c84fa94-04c1-424b-9868-57a2d4851a1d" relativeResultsDirectory="f348af96-9b33-4e52-ae35-87f5abcdb381" />
    <UnitTestResult executionId="a828cee2-8102-4078-b332-f0231dbdb453" testId="392dc028-0a40-66b5-327e-b0b57bfacaaa" testName="VirtualCompany.Web.Tests.ComplianceCalendarSurfaceTests.Calendar_surface_preserves_evidence_state_boundaries" computerName="DESKTOP-388F6FT" duration="00:00:00.0751824" startTime="2026-08-31T07:13:29.7901929+02:00" endTime="2026-08-31T07:13:29.7901931+02:00" testType="13cdc9d9-ddb5-4fa4-a97d-d965ccfc6d4b" outcome="Passed" testListId="8c84fa94-04c1-424b-9868-57a2d4851a1d" relativeResultsDirectory="a828cee2-8102-4078-b332-f0231dbdb453" />
    <UnitTestResult executionId="2d773176-8a98-4775-9bbf-c49f606d9e79" testId="fc97d959-1b78-ead3-d3d8-c5de09dc08e0" testName="VirtualCompany.Web.Tests.AccountantPortfolioSurfaceTests.Screenshot_first_reference_is_saved" computerName="DESKTOP-388F6FT" duration="00:00:00.0611189" startTime="2026-08-31T07:13:29.7775969+02:00" endTime="2026-08-31T07:13:29.7776056+02:00" testType="13cdc9d9-ddb5-4fa4-a97d-d965ccfc6d4b" outcome="Passed" testListId="8c84fa94-04c1-424b-9868-57a2d4851a1d" relativeResultsDirectory="2d773176-8a98-4775-9bbf-c49f606d9e79" />
    <UnitTestResult executionId="d0ac5675-59e3-4a11-a0d0-6b341ba6d371" testId="b4f9e9c3-351f-e8da-e632-429cf6988554" testName="VirtualCompany.Web.Tests.YearEndRolloverSurfaceTests.Workspace_exposes_readiness_approval_reconciliation_and_subsequent_event_states" computerName="DESKTOP-388F6FT" duration="00:00:00.0817937" startTime="2026-08-31T07:13:29.7968146+02:00" endTime="2026-08-31T07:13:29.7968147+02:00" testType="13cdc9d9-ddb5-4fa4-a97d-d965ccfc6d4b" outcome="Passed" testListId="8c84fa94-04c1-424b-9868-57a2d4851a1d" relativeResultsDirectory="d0ac5675-59e3-4a11-a0d0-6b341ba6d371" />
    <UnitTestResult executionId="a940586d-e191-4ac8-a034-092a43e67e99" testId="ec595f0f-5dbe-9104-6ff4-50bfdc47d3fd" testName="VirtualCompany.Web.Tests.AuditPackagesSurfaceTests.Screenshot_first_reference_is_saved" computerName="DESKTOP-388F6FT" duration="00:00:00.0610922" startTime="2026-08-31T07:13:29.7786411+02:00" endTime="2026-08-31T07:13:29.7786411+02:00" testType="13cdc9d9-ddb5-4fa4-a97d-d965ccfc6d4b" outcome="Passed" testListId="8c84fa94-04c1-424b-9868-57a2d4851a1d" relativeResultsDirectory="a940586d-e191-4ac8-a034-092a43e67e99" />
    <UnitTestResult executionId="087ddb6d-6eca-4320-9f24-211a31b26294" testId="ef7040a6-d851-eb5d-3150-99d6ca23a429" testName="VirtualCompany.Web.Tests.AccountingCloseWorkspaceSurfaceTests.Typed_client_preserves_company_scope_evidence_versions_and_backend_problem_reason" computerName="DESKTOP-388F6FT" duration="00:00:00.0169883" startTime="2026-08-31T07:13:29.8123644+02:00" endTime="2026-08-31T07:13:29.8123646+02:00" testType="13cdc9d9-ddb5-4fa4-a97d-d965ccfc6d4b" outcome="Passed" testListId="8c84fa94-04c1-424b-9868-57a2d4851a1d" relativeResultsDirectory="087ddb6d-6eca-4320-9f24-211a31b26294" />
    <UnitTestResult executionId="29a8636c-f801-44a0-97eb-866a6b882124" testId="973448d0-45d0-e824-bc45-d91132d70a3b" testName="VirtualCompany.Web.Tests.ComplianceCalendarSurfaceTests.Calendar_is_routed_and_responsive" computerName="DESKTOP-388F6FT" duration="00:00:00.0105931" startTime="2026-08-31T07:13:29.8092482+02:00" endTime="2026-08-31T07:13:29.8092483+02:00" testType="13cdc9d9-ddb5-4fa4-a97d-d965ccfc6d4b" outcome="Passed" testListId="8c84fa94-04c1-424b-9868-57a2d4851a1d" relativeResultsDirectory="29a8636c-f801-44a0-97eb-866a6b882124" />
    <UnitTestResult executionId="6b5fac4e-47e6-4f3b-9cbe-596765c0218b" testId="a43d48c8-3129-56dc-62e0-48a8b2be641f" testName="VirtualCompany.Web.Tests.YearEndRolloverSurfaceTests.Screenshot_first_reference_and_prompt_are_retained" computerName="DESKTOP-388F6FT" duration="00:00:00.0002877" startTime="2026-08-31T07:13:29.8091508+02:00" endTime="2026-08-31T07:13:29.8091509+02:00" testType="13cdc9d9-ddb5-4fa4-a97d-d965ccfc6d4b" outcome="Passed" testListId="8c84fa94-04c1-424b-9868-57a2d4851a1d" relativeResultsDirectory="6b5fac4e-47e6-4f3b-9cbe-596765c0218b" />
    <UnitTestResult executionId="c59f8d7f-01d8-458b-b3a4-ad635de140a7" testId="3a63f910-97ab-30b3-5b5a-84894f7817cd" testName="VirtualCompany.Web.Tests.AccountingCloseWorkspaceSurfaceTests.Cockpit_exposes_current_evidence_dependencies_safe_actions_and_all_close_areas" computerName="DESKTOP-388F6FT" duration="00:00:00.0803290" startTime="2026-08-31T07:13:29.7953179+02:00" endTime="2026-08-31T07:13:29.7953180+02:00" testType="13cdc9d9-ddb5-4fa4-a97d-d965ccfc6d4b" outcome="Passed" testListId="8c84fa94-04c1-424b-9868-57a2d4851a1d" relativeResultsDirectory="c59f8d7f-01d8-458b-b3a4-ad635de140a7" />
    <UnitTestResult executionId="60b0c52d-e21c-4774-b2b4-aa5b7df4f093" testId="095eeec1-42ea-9eed-cf72-c5ad91e75ba2" testName="VirtualCompany.Web.Tests.AccountantPortfolioSurfaceTests.Portfolio_exposes_explicit_grant_risk_evidence_and_separation_of_duties_states" computerName="DESKTOP-388F6FT" duration="00:00:00.0230707" startTime="2026-08-31T07:13:29.8092375+02:00" endTime="2026-08-31T07:13:29.8092375+02:00" testType="13cdc9d9-ddb5-4fa4-a97d-d965ccfc6d4b" outcome="Passed" testListId="8c84fa94-04c1-424b-9868-57a2d4851a1d" relativeResultsDirectory="60b0c52d-e21c-4774-b2b4-aa5b7df4f093" />
  </Results>
  <TestDefinitions>
    <UnitTest name="VirtualCompany.Web.Tests.AccountingCloseWorkspaceSurfaceTests.Typed_client_preserves_company_scope_evidence_versions_and_backend_problem_reason" storage="c:\users\johan\source\repos\virtual company\tests\virtualcompany.web.tests\bin\release\net9.0\virtualcompany.web.tests.dll" id="ef7040a6-d851-eb5d-3150-99d6ca23a429">
      <Execution id="087ddb6d-6eca-4320-9f24-211a31b26294" />
      <TestMethod codeBase="C:\Users\Johan\source\repos\Virtual Company\tests\VirtualCompany.Web.Tests\bin\Release\net9.0\VirtualCompany.Web.Tests.dll" adapterTypeName="executor://xunit/VsTestRunner2/netcoreapp" className="VirtualCompany.Web.Tests.AccountingCloseWorkspaceSurfaceTests" name="Typed_client_preserves_company_scope_evidence_versions_and_backend_problem_reason" />
    </UnitTest>
    <UnitTest name="VirtualCompany.Web.Tests.ComplianceCalendarSurfaceTests.Calendar_is_routed_and_responsive" storage="c:\users\johan\source\repos\virtual company\tests\virtualcompany.web.tests\bin\release\net9.0\virtualcompany.web.tests.dll" id="973448d0-45d0-e824-bc45-d91132d70a3b">
      <Execution id="29a8636c-f801-44a0-97eb-866a6b882124" />
      <TestMethod codeBase="C:\Users\Johan\source\repos\Virtual Company\tests\VirtualCompany.Web.Tests\bin\Release\net9.0\VirtualCompany.Web.Tests.dll" adapterTypeName="executor://xunit/VsTestRunner2/netcoreapp" className="VirtualCompany.Web.Tests.ComplianceCalendarSurfaceTests" name="Calendar_is_routed_and_responsive" />
    </UnitTest>
    <UnitTest name="VirtualCompany.Web.Tests.YearEndRolloverSurfaceTests.Workspace_exposes_readiness_approval_reconciliation_and_subsequent_event_states" storage="c:\users\johan\source\repos\virtual company\tests\virtualcompany.web.tests\bin\release\net9.0\virtualcompany.web.tests.dll" id="b4f9e9c3-351f-e8da-e632-429cf6988554">
      <Execution id="d0ac5675-59e3-4a11-a0d0-6b341ba6d371" />
      <TestMethod codeBase="C:\Users\Johan\source\repos\Virtual Company\tests\VirtualCompany.Web.Tests\bin\Release\net9.0\VirtualCompany.Web.Tests.dll" adapterTypeName="executor://xunit/VsTestRunner2/netcoreapp" className="VirtualCompany.Web.Tests.YearEndRolloverSurfaceTests" name="Workspace_exposes_readiness_approval_reconciliation_and_subsequent_event_states" />
    </UnitTest>
    <UnitTest name="VirtualCompany.Web.Tests.AccountantPortfolioSurfaceTests.Portfolio_exposes_explicit_grant_risk_evidence_and_separation_of_duties_states" storage="c:\users\johan\source\repos\virtual company\tests\virtualcompany.web.tests\bin\release\net9.0\virtualcompany.web.tests.dll" id="095eeec1-42ea-9eed-cf72-c5ad91e75ba2">
      <Execution id="60b0c52d-e21c-4774-b2b4-aa5b7df4f093" />
      <TestMethod codeBase="C:\Users\Johan\source\repos\Virtual Company\tests\VirtualCompany.Web.Tests\bin\Release\net9.0\VirtualCompany.Web.Tests.dll" adapterTypeName="executor://xunit/VsTestRunner2/netcoreapp" className="VirtualCompany.Web.Tests.AccountantPortfolioSurfaceTests" name="Portfolio_exposes_explicit_grant_risk_evidence_and_separation_of_duties_states" />
    </UnitTest>
    <UnitTest name="VirtualCompany.Web.Tests.YearEndRolloverSurfaceTests.Screenshot_first_reference_and_prompt_are_retained" storage="c:\users\johan\source\repos\virtual company\tests\virtualcompany.web.tests\bin\release\net9.0\virtualcompany.web.tests.dll" id="a43d48c8-3129-56dc-62e0-48a8b2be641f">
      <Execution id="6b5fac4e-47e6-4f3b-9cbe-596765c0218b" />
      <TestMethod codeBase="C:\Users\Johan\source\repos\Virtual Company\tests\VirtualCompany.Web.Tests\bin\Release\net9.0\VirtualCompany.Web.Tests.dll" adapterTypeName="executor://xunit/VsTestRunner2/netcoreapp" className="VirtualCompany.Web.Tests.YearEndRolloverSurfaceTests" name="Screenshot_first_reference_and_prompt_are_retained" />
    </UnitTest>
    <UnitTest name="VirtualCompany.Web.Tests.AuditPackagesSurfaceTests.Workspace_exposes_frozen_scope_integrity_and_incomplete_evidence_states" storage="c:\users\johan\source\repos\virtual company\tests\virtualcompany.web.tests\bin\release\net9.0\virtualcompany.web.tests.dll" id="d0954b3c-0dac-bba4-658b-a51469c0f0df">
      <Execution id="ff072168-c4dd-4754-9527-2915dfec632f" />
      <TestMethod codeBase="C:\Users\Johan\source\repos\Virtual Company\tests\VirtualCompany.Web.Tests\bin\Release\net9.0\VirtualCompany.Web.Tests.dll" adapterTypeName="executor://xunit/VsTestRunner2/netcoreapp" className="VirtualCompany.Web.Tests.AuditPackagesSurfaceTests" name="Workspace_exposes_frozen_scope_integrity_and_incomplete_evidence_states" />
    </UnitTest>
    <UnitTest name="VirtualCompany.Web.Tests.AuditPackagesSurfaceTests.Screenshot_first_reference_is_saved" storage="c:\users\johan\source\repos\virtual company\tests\virtualcompany.web.tests\bin\release\net9.0\virtualcompany.web.tests.dll" id="ec595f0f-5dbe-9104-6ff4-50bfdc47d3fd">
      <Execution id="a940586d-e191-4ac8-a034-092a43e67e99" />
      <TestMethod codeBase="C:\Users\Johan\source\repos\Virtual Company\tests\VirtualCompany.Web.Tests\bin\Release\net9.0\VirtualCompany.Web.Tests.dll" adapterTypeName="executor://xunit/VsTestRunner2/netcoreapp" className="VirtualCompany.Web.Tests.AuditPackagesSurfaceTests" name="Screenshot_first_reference_is_saved" />
    </UnitTest>
    <UnitTest name="VirtualCompany.Web.Tests.ComplianceCalendarSurfaceTests.Calendar_surface_preserves_evidence_state_boundaries" storage="c:\users\johan\source\repos\virtual company\tests\virtualcompany.web.tests\bin\release\net9.0\virtualcompany.web.tests.dll" id="392dc028-0a40-66b5-327e-b0b57bfacaaa">
      <Execution id="a828cee2-8102-4078-b332-f0231dbdb453" />
      <TestMethod codeBase="C:\Users\Johan\source\repos\Virtual Company\tests\VirtualCompany.Web.Tests\bin\Release\net9.0\VirtualCompany.Web.Tests.dll" adapterTypeName="executor://xunit/VsTestRunner2/netcoreapp" className="VirtualCompany.Web.Tests.ComplianceCalendarSurfaceTests" name="Calendar_surface_preserves_evidence_state_boundaries" />
    </UnitTest>
    <UnitTest name="VirtualCompany.Web.Tests.AccountantPortfolioSurfaceTests.Screenshot_first_reference_is_saved" storage="c:\users\johan\source\repos\virtual company\tests\virtualcompany.web.tests\bin\release\net9.0\virtualcompany.web.tests.dll" id="fc97d959-1b78-ead3-d3d8-c5de09dc08e0">
      <Execution id="2d773176-8a98-4775-9bbf-c49f606d9e79" />
      <TestMethod codeBase="C:\Users\Johan\source\repos\Virtual Company\tests\VirtualCompany.Web.Tests\bin\Release\net9.0\VirtualCompany.Web.Tests.dll" adapterTypeName="executor://xunit/VsTestRunner2/netcoreapp" className="VirtualCompany.Web.Tests.AccountantPortfolioSurfaceTests" name="Screenshot_first_reference_is_saved" />
    </UnitTest>
    <UnitTest name="VirtualCompany.Web.Tests.AccountingCloseWorkspaceSurfaceTests.English_swedish_narrow_accessibility_and_screenshot_first_assets_are_retained" storage="c:\users\johan\source\repos\virtual company\tests\virtualcompany.web.tests\bin\release\net9.0\virtualcompany.web.tests.dll" id="5a7a3d27-c623-5ffc-feda-3c9f67a1513c">
      <Execution id="f348af96-9b33-4e52-ae35-87f5abcdb381" />
      <TestMethod codeBase="C:\Users\Johan\source\repos\Virtual Company\tests\VirtualCompany.Web.Tests\bin\Release\net9.0\VirtualCompany.Web.Tests.dll" adapterTypeName="executor://xunit/VsTestRunner2/netcoreapp" className="VirtualCompany.Web.Tests.AccountingCloseWorkspaceSurfaceTests" name="English_swedish_narrow_accessibility_and_screenshot_first_assets_are_retained" />
    </UnitTest>
    <UnitTest name="VirtualCompany.Web.Tests.AccountingCloseWorkspaceSurfaceTests.Cockpit_exposes_current_evidence_dependencies_safe_actions_and_all_close_areas" storage="c:\users\johan\source\repos\virtual company\tests\virtualcompany.web.tests\bin\release\net9.0\virtualcompany.web.tests.dll" id="3a63f910-97ab-30b3-5b5a-84894f7817cd">
      <Execution id="c59f8d7f-01d8-458b-b3a4-ad635de140a7" />
      <TestMethod codeBase="C:\Users\Johan\source\repos\Virtual Company\tests\VirtualCompany.Web.Tests\bin\Release\net9.0\VirtualCompany.Web.Tests.dll" adapterTypeName="executor://xunit/VsTestRunner2/netcoreapp" className="VirtualCompany.Web.Tests.AccountingCloseWorkspaceSurfaceTests" name="Cockpit_exposes_current_evidence_dependencies_safe_actions_and_all_close_areas" />
    </UnitTest>
  </TestDefinitions>
  <TestEntries>
    <TestEntry testId="d0954b3c-0dac-bba4-658b-a51469c0f0df" executionId="ff072168-c4dd-4754-9527-2915dfec632f" testListId="8c84fa94-04c1-424b-9868-57a2d4851a1d" />
    <TestEntry testId="5a7a3d27-c623-5ffc-feda-3c9f67a1513c" executionId="f348af96-9b33-4e52-ae35-87f5abcdb381" testListId="8c84fa94-04c1-424b-9868-57a2d4851a1d" />
    <TestEntry testId="392dc028-0a40-66b5-327e-b0b57bfacaaa" executionId="a828cee2-8102-4078-b332-f0231dbdb453" testListId="8c84fa94-04c1-424b-9868-57a2d4851a1d" />
    <TestEntry testId="fc97d959-1b78-ead3-d3d8-c5de09dc08e0" executionId="2d773176-8a98-4775-9bbf-c49f606d9e79" testListId="8c84fa94-04c1-424b-9868-57a2d4851a1d" />
    <TestEntry testId="b4f9e9c3-351f-e8da-e632-429cf6988554" executionId="d0ac5675-59e3-4a11-a0d0-6b341ba6d371" testListId="8c84fa94-04c1-424b-9868-57a2d4851a1d" />
    <TestEntry testId="ec595f0f-5dbe-9104-6ff4-50bfdc47d3fd" executionId="a940586d-e191-4ac8-a034-092a43e67e99" testListId="8c84fa94-04c1-424b-9868-57a2d4851a1d" />
    <TestEntry testId="ef7040a6-d851-eb5d-3150-99d6ca23a429" executionId="087ddb6d-6eca-4320-9f24-211a31b26294" testListId="8c84fa94-04c1-424b-9868-57a2d4851a1d" />
    <TestEntry testId="973448d0-45d0-e824-bc45-d91132d70a3b" executionId="29a8636c-f801-44a0-97eb-866a6b882124" testListId="8c84fa94-04c1-424b-9868-57a2d4851a1d" />
    <TestEntry testId="a43d48c8-3129-56dc-62e0-48a8b2be641f" executionId="6b5fac4e-47e6-4f3b-9cbe-596765c0218b" testListId="8c84fa94-04c1-424b-9868-57a2d4851a1d" />
    <TestEntry testId="3a63f910-97ab-30b3-5b5a-84894f7817cd" executionId="c59f8d7f-01d8-458b-b3a4-ad635de140a7" testListId="8c84fa94-04c1-424b-9868-57a2d4851a1d" />
    <TestEntry testId="095eeec1-42ea-9eed-cf72-c5ad91e75ba2" executionId="60b0c52d-e21c-4774-b2b4-aa5b7df4f093" testListId="8c84fa94-04c1-424b-9868-57a2d4851a1d" />
  </TestEntries>
  <TestLists>
    <TestList name="Results Not in a List" id="8c84fa94-04c1-424b-9868-57a2d4851a1d" />
    <TestList name="All Loaded Results" id="19431567-8539-422a-85d7-44ee4e166bda" />
  </TestLists>
  <ResultSummary outcome="Completed">
    <Counters total="11" executed="11" passed="11" failed="0" error="0" timeout="0" aborted="0" inconclusive="0" passedButRunAborted="0" notRunnable="0" notExecuted="0" disconnected="0" warning="0" completed="0" inProgress="0" pending="0" />
    <Output>
      <StdOut>[xUnit.net 00:00:00.00] xUnit.net VSTest Adapter v2.8.2+699d445a1a (64-bit .NET 9.0.5)&#xD;
[xUnit.net 00:00:00.43]   Discovering: VirtualCompany.Web.Tests&#xD;
[xUnit.net 00:00:00.48]   Discovered:  VirtualCompany.Web.Tests&#xD;
[xUnit.net 00:00:00.48]   Starting:    VirtualCompany.Web.Tests&#xD;
[xUnit.net 00:00:00.62]   Finished:    VirtualCompany.Web.Tests&#xD;
</StdOut>
    </Output>
  </ResultSummary>
</TestRun>