<?xml version="1.0" encoding="utf-8"?>
<TestRun id="f7cb48d6-c0ed-488b-8203-ff853ea74e1d" name="Johan@DESKTOP-388F6FT 2026-08-31 06:59:39" runUser="DESKTOP-388F6FT\CodexSandboxOffline" xmlns="http://microsoft.com/schemas/VisualStudio/TeamTest/2010">
  <Times creation="2026-08-31T06:59:39.5706604+02:00" queuing="2026-08-31T06:59:39.5706605+02:00" start="2026-08-31T06:59:38.5438887+02:00" finish="2026-08-31T06:59:39.6145178+02:00" />
  <TestSettings name="default" id="362d62ca-ec76-4101-908c-8b1f21bb5455">
    <Deployment runDeploymentRoot="Johan_DESKTOP-388F6FT_2026-08-31_06_59_39" />
  </TestSettings>
  <Results>
    <UnitTestResult executionId="d49dc1ca-1926-405f-9922-107aad6d1454" testId="ef7040a6-d851-eb5d-3150-99d6ca23a429" testName="VirtualCompany.Web.Tests.AccountingCloseWorkspaceSurfaceTests.Typed_client_preserves_company_scope_evidence_versions_and_backend_problem_reason" computerName="DESKTOP-388F6FT" duration="00:00:00.0149063" startTime="2026-08-31T06:59:39.5583382+02:00" endTime="2026-08-31T06:59:39.5583383+02:00" testType="13cdc9d9-ddb5-4fa4-a97d-d965ccfc6d4b" outcome="Passed" testListId="8c84fa94-04c1-424b-9868-57a2d4851a1d" relativeResultsDirectory="d49dc1ca-1926-405f-9922-107aad6d1454" />
    <UnitTestResult executionId="c4a9d043-9e1d-4718-b33f-441dc0eddf3a" testId="973448d0-45d0-e824-bc45-d91132d70a3b" testName="VirtualCompany.Web.Tests.ComplianceCalendarSurfaceTests.Calendar_is_routed_and_responsive" computerName="DESKTOP-388F6FT" duration="00:00:00.0189101" startTime="2026-08-31T06:59:39.5560538+02:00" endTime="2026-08-31T06:59:39.5560538+02:00" testType="13cdc9d9-ddb5-4fa4-a97d-d965ccfc6d4b" outcome="Passed" testListId="8c84fa94-04c1-424b-9868-57a2d4851a1d" relativeResultsDirectory="c4a9d043-9e1d-4718-b33f-441dc0eddf3a" />
    <UnitTestResult executionId="413c7b0d-0f10-49c9-8f41-49c848ade29c" testId="a43d48c8-3129-56dc-62e0-48a8b2be641f" testName="VirtualCompany.Web.Tests.YearEndRolloverSurfaceTests.Screenshot_first_reference_and_prompt_are_retained" computerName="DESKTOP-388F6FT" duration="00:00:00.0003355" startTime="2026-08-31T06:59:39.5384106+02:00" endTime="2026-08-31T06:59:39.5384107+02:00" testType="13cdc9d9-ddb5-4fa4-a97d-d965ccfc6d4b" outcome="Passed" testListId="8c84fa94-04c1-424b-9868-57a2d4851a1d" relativeResultsDirectory="413c7b0d-0f10-49c9-8f41-49c848ade29c" />
    <UnitTestResult executionId="c57781d5-e41c-48c3-9088-1055efc37cf3" testId="392dc028-0a40-66b5-327e-b0b57bfacaaa" testName="VirtualCompany.Web.Tests.ComplianceCalendarSurfaceTests.Calendar_surface_preserves_evidence_state_boundaries" computerName="DESKTOP-388F6FT" duration="00:00:00.0765607" startTime="2026-08-31T06:59:39.5324612+02:00" endTime="2026-08-31T06:59:39.5324615+02:00" testType="13cdc9d9-ddb5-4fa4-a97d-d965ccfc6d4b" outcome="Passed" testListId="8c84fa94-04c1-424b-9868-57a2d4851a1d" relativeResultsDirectory="c57781d5-e41c-48c3-9088-1055efc37cf3" />
    <UnitTestResult executionId="bdb4e12b-4386-4646-b284-dc947a3df0c9" testId="fc97d959-1b78-ead3-d3d8-c5de09dc08e0" testName="VirtualCompany.Web.Tests.AccountantPortfolioSurfaceTests.Screenshot_first_reference_is_saved" computerName="DESKTOP-388F6FT" duration="00:00:00.0622335" startTime="2026-08-31T06:59:39.5207497+02:00" endTime="2026-08-31T06:59:39.5207497+02:00" testType="13cdc9d9-ddb5-4fa4-a97d-d965ccfc6d4b" outcome="Passed" testListId="8c84fa94-04c1-424b-9868-57a2d4851a1d" relativeResultsDirectory="bdb4e12b-4386-4646-b284-dc947a3df0c9" />
    <UnitTestResult executionId="e86e63cf-e442-4f03-a343-292b0a5ce28a" testId="5a7a3d27-c623-5ffc-feda-3c9f67a1513c" testName="VirtualCompany.Web.Tests.AccountingCloseWorkspaceSurfaceTests.English_swedish_narrow_accessibility_and_screenshot_first_assets_are_retained" computerName="DESKTOP-388F6FT" duration="00:00:00.0257735" startTime="2026-08-31T06:59:39.5842036+02:00" endTime="2026-08-31T06:59:39.5842043+02:00" testType="13cdc9d9-ddb5-4fa4-a97d-d965ccfc6d4b" outcome="Passed" testListId="8c84fa94-04c1-424b-9868-57a2d4851a1d" relativeResultsDirectory="e86e63cf-e442-4f03-a343-292b0a5ce28a" />
    <UnitTestResult executionId="3727088c-18d9-459a-8b9b-48bbfeae1d61" testId="b4f9e9c3-351f-e8da-e632-429cf6988554" testName="VirtualCompany.Web.Tests.YearEndRolloverSurfaceTests.Workspace_exposes_readiness_approval_reconciliation_and_subsequent_event_states" computerName="DESKTOP-388F6FT" duration="00:00:00.0821076" startTime="2026-08-31T06:59:39.5379972+02:00" endTime="2026-08-31T06:59:39.5379975+02:00" testType="13cdc9d9-ddb5-4fa4-a97d-d965ccfc6d4b" outcome="Passed" testListId="8c84fa94-04c1-424b-9868-57a2d4851a1d" relativeResultsDirectory="3727088c-18d9-459a-8b9b-48bbfeae1d61" />
    <UnitTestResult executionId="1226650d-2bfe-409c-96ee-27d4ff8c4ae1" testId="d0954b3c-0dac-bba4-658b-a51469c0f0df" testName="VirtualCompany.Web.Tests.AuditPackagesSurfaceTests.Workspace_exposes_frozen_scope_integrity_and_incomplete_evidence_states" computerName="DESKTOP-388F6FT" duration="00:00:00.0228549" startTime="2026-08-31T06:59:39.5422313+02:00" endTime="2026-08-31T06:59:39.5422318+02:00" testType="13cdc9d9-ddb5-4fa4-a97d-d965ccfc6d4b" outcome="Passed" testListId="8c84fa94-04c1-424b-9868-57a2d4851a1d" relativeResultsDirectory="1226650d-2bfe-409c-96ee-27d4ff8c4ae1" />
    <UnitTestResult executionId="59280c0e-f3a9-42de-a9bd-f31a1fa6f8ae" testId="3a63f910-97ab-30b3-5b5a-84894f7817cd" testName="VirtualCompany.Web.Tests.AccountingCloseWorkspaceSurfaceTests.Cockpit_exposes_current_evidence_dependencies_safe_actions_and_all_close_areas" computerName="DESKTOP-388F6FT" duration="00:00:00.0875158" startTime="2026-08-31T06:59:39.5433694+02:00" endTime="2026-08-31T06:59:39.5433695+02:00" testType="13cdc9d9-ddb5-4fa4-a97d-d965ccfc6d4b" outcome="Passed" testListId="8c84fa94-04c1-424b-9868-57a2d4851a1d" relativeResultsDirectory="59280c0e-f3a9-42de-a9bd-f31a1fa6f8ae" />
    <UnitTestResult executionId="b3551808-3d2f-46bd-8bc0-125d7fce6494" testId="095eeec1-42ea-9eed-cf72-c5ad91e75ba2" testName="VirtualCompany.Web.Tests.AccountantPortfolioSurfaceTests.Portfolio_exposes_explicit_grant_risk_evidence_and_separation_of_duties_states" computerName="DESKTOP-388F6FT" duration="00:00:00.0279604" startTime="2026-08-31T06:59:39.5559707+02:00" endTime="2026-08-31T06:59:39.5559707+02:00" testType="13cdc9d9-ddb5-4fa4-a97d-d965ccfc6d4b" outcome="Passed" testListId="8c84fa94-04c1-424b-9868-57a2d4851a1d" relativeResultsDirectory="b3551808-3d2f-46bd-8bc0-125d7fce6494" />
    <UnitTestResult executionId="d4d18402-8d02-48d8-92c7-50275ea6ceb4" testId="ec595f0f-5dbe-9104-6ff4-50bfdc47d3fd" testName="VirtualCompany.Web.Tests.AuditPackagesSurfaceTests.Screenshot_first_reference_is_saved" computerName="DESKTOP-388F6FT" duration="00:00:00.0622123" startTime="2026-08-31T06:59:39.5195938+02:00" endTime="2026-08-31T06:59:39.5196026+02:00" testType="13cdc9d9-ddb5-4fa4-a97d-d965ccfc6d4b" outcome="Passed" testListId="8c84fa94-04c1-424b-9868-57a2d4851a1d" relativeResultsDirectory="d4d18402-8d02-48d8-92c7-50275ea6ceb4" />
  </Results>
  <TestDefinitions>
    <UnitTest name="VirtualCompany.Web.Tests.AccountingCloseWorkspaceSurfaceTests.Typed_client_preserves_company_scope_evidence_versions_and_backend_problem_reason" storage="c:\users\johan\source\repos\virtual company\tests\virtualcompany.web.tests\bin\release\net9.0\virtualcompany.web.tests.dll" id="ef7040a6-d851-eb5d-3150-99d6ca23a429">
      <Execution id="d49dc1ca-1926-405f-9922-107aad6d1454" />
      <TestMethod codeBase="C:\Users\Johan\source\repos\Virtual Company\tests\VirtualCompany.Web.Tests\bin\Release\net9.0\VirtualCompany.Web.Tests.dll" adapterTypeName="executor://xunit/VsTestRunner2/netcoreapp" className="VirtualCompany.Web.Tests.AccountingCloseWorkspaceSurfaceTests" name="Typed_client_preserves_company_scope_evidence_versions_and_backend_problem_reason" />
    </UnitTest>
    <UnitTest name="VirtualCompany.Web.Tests.ComplianceCalendarSurfaceTests.Calendar_is_routed_and_responsive" storage="c:\users\johan\source\repos\virtual company\tests\virtualcompany.web.tests\bin\release\net9.0\virtualcompany.web.tests.dll" id="973448d0-45d0-e824-bc45-d91132d70a3b">
      <Execution id="c4a9d043-9e1d-4718-b33f-441dc0eddf3a" />
      <TestMethod codeBase="C:\Users\Johan\source\repos\Virtual Company\tests\VirtualCompany.Web.Tests\bin\Release\net9.0\VirtualCompany.Web.Tests.dll" adapterTypeName="executor://xunit/VsTestRunner2/netcoreapp" className="VirtualCompany.Web.Tests.ComplianceCalendarSurfaceTests" name="Calendar_is_routed_and_responsive" />
    </UnitTest>
    <UnitTest name="VirtualCompany.Web.Tests.YearEndRolloverSurfaceTests.Workspace_exposes_readiness_approval_reconciliation_and_subsequent_event_states" storage="c:\users\johan\source\repos\virtual company\tests\virtualcompany.web.tests\bin\release\net9.0\virtualcompany.web.tests.dll" id="b4f9e9c3-351f-e8da-e632-429cf6988554">
      <Execution id="3727088c-18d9-459a-8b9b-48bbfeae1d61" />
      <TestMethod codeBase="C:\Users\Johan\source\repos\Virtual Company\tests\VirtualCompany.Web.Tests\bin\Release\net9.0\VirtualCompany.Web.Tests.dll" adapterTypeName="executor://xunit/VsTestRunner2/netcoreapp" className="VirtualCompany.Web.Tests.YearEndRolloverSurfaceTests" name="Workspace_exposes_readiness_approval_reconciliation_and_subsequent_event_states" />
    </UnitTest>
    <UnitTest name="VirtualCompany.Web.Tests.AccountantPortfolioSurfaceTests.Portfolio_exposes_explicit_grant_risk_evidence_and_separation_of_duties_states" storage="c:\users\johan\source\repos\virtual company\tests\virtualcompany.web.tests\bin\release\net9.0\virtualcompany.web.tests.dll" id="095eeec1-42ea-9eed-cf72-c5ad91e75ba2">
      <Execution id="b3551808-3d2f-46bd-8bc0-125d7fce6494" />
      <TestMethod codeBase="C:\Users\Johan\source\repos\Virtual Company\tests\VirtualCompany.Web.Tests\bin\Release\net9.0\VirtualCompany.Web.Tests.dll" adapterTypeName="executor://xunit/VsTestRunner2/netcoreapp" className="VirtualCompany.Web.Tests.AccountantPortfolioSurfaceTests" name="Portfolio_exposes_explicit_grant_risk_evidence_and_separation_of_duties_states" />
    </UnitTest>
    <UnitTest name="VirtualCompany.Web.Tests.YearEndRolloverSurfaceTests.Screenshot_first_reference_and_prompt_are_retained" storage="c:\users\johan\source\repos\virtual company\tests\virtualcompany.web.tests\bin\release\net9.0\virtualcompany.web.tests.dll" id="a43d48c8-3129-56dc-62e0-48a8b2be641f">
      <Execution id="413c7b0d-0f10-49c9-8f41-49c848ade29c" />
      <TestMethod codeBase="C:\Users\Johan\source\repos\Virtual Company\tests\VirtualCompany.Web.Tests\bin\Release\net9.0\VirtualCompany.Web.Tests.dll" adapterTypeName="executor://xunit/VsTestRunner2/netcoreapp" className="VirtualCompany.Web.Tests.YearEndRolloverSurfaceTests" name="Screenshot_first_reference_and_prompt_are_retained" />
    </UnitTest>
    <UnitTest name="VirtualCompany.Web.Tests.AuditPackagesSurfaceTests.Workspace_exposes_frozen_scope_integrity_and_incomplete_evidence_states" storage="c:\users\johan\source\repos\virtual company\tests\virtualcompany.web.tests\bin\release\net9.0\virtualcompany.web.tests.dll" id="d0954b3c-0dac-bba4-658b-a51469c0f0df">
      <Execution id="1226650d-2bfe-409c-96ee-27d4ff8c4ae1" />
      <TestMethod codeBase="C:\Users\Johan\source\repos\Virtual Company\tests\VirtualCompany.Web.Tests\bin\Release\net9.0\VirtualCompany.Web.Tests.dll" adapterTypeName="executor://xunit/VsTestRunner2/netcoreapp" className="VirtualCompany.Web.Tests.AuditPackagesSurfaceTests" name="Workspace_exposes_frozen_scope_integrity_and_incomplete_evidence_states" />
    </UnitTest>
    <UnitTest name="VirtualCompany.Web.Tests.AuditPackagesSurfaceTests.Screenshot_first_reference_is_saved" storage="c:\users\johan\source\repos\virtual company\tests\virtualcompany.web.tests\bin\release\net9.0\virtualcompany.web.tests.dll" id="ec595f0f-5dbe-9104-6ff4-50bfdc47d3fd">
      <Execution id="d4d18402-8d02-48d8-92c7-50275ea6ceb4" />
      <TestMethod codeBase="C:\Users\Johan\source\repos\Virtual Company\tests\VirtualCompany.Web.Tests\bin\Release\net9.0\VirtualCompany.Web.Tests.dll" adapterTypeName="executor://xunit/VsTestRunner2/netcoreapp" className="VirtualCompany.Web.Tests.AuditPackagesSurfaceTests" name="Screenshot_first_reference_is_saved" />
    </UnitTest>
    <UnitTest name="VirtualCompany.Web.Tests.ComplianceCalendarSurfaceTests.Calendar_surface_preserves_evidence_state_boundaries" storage="c:\users\johan\source\repos\virtual company\tests\virtualcompany.web.tests\bin\release\net9.0\virtualcompany.web.tests.dll" id="392dc028-0a40-66b5-327e-b0b57bfacaaa">
      <Execution id="c57781d5-e41c-48c3-9088-1055efc37cf3" />
      <TestMethod codeBase="C:\Users\Johan\source\repos\Virtual Company\tests\VirtualCompany.Web.Tests\bin\Release\net9.0\VirtualCompany.Web.Tests.dll" adapterTypeName="executor://xunit/VsTestRunner2/netcoreapp" className="VirtualCompany.Web.Tests.ComplianceCalendarSurfaceTests" name="Calendar_surface_preserves_evidence_state_boundaries" />
    </UnitTest>
    <UnitTest name="VirtualCompany.Web.Tests.AccountantPortfolioSurfaceTests.Screenshot_first_reference_is_saved" storage="c:\users\johan\source\repos\virtual company\tests\virtualcompany.web.tests\bin\release\net9.0\virtualcompany.web.tests.dll" id="fc97d959-1b78-ead3-d3d8-c5de09dc08e0">
      <Execution id="bdb4e12b-4386-4646-b284-dc947a3df0c9" />
      <TestMethod codeBase="C:\Users\Johan\source\repos\Virtual Company\tests\VirtualCompany.Web.Tests\bin\Release\net9.0\VirtualCompany.Web.Tests.dll" adapterTypeName="executor://xunit/VsTestRunner2/netcoreapp" className="VirtualCompany.Web.Tests.AccountantPortfolioSurfaceTests" name="Screenshot_first_reference_is_saved" />
    </UnitTest>
    <UnitTest name="VirtualCompany.Web.Tests.AccountingCloseWorkspaceSurfaceTests.English_swedish_narrow_accessibility_and_screenshot_first_assets_are_retained" storage="c:\users\johan\source\repos\virtual company\tests\virtualcompany.web.tests\bin\release\net9.0\virtualcompany.web.tests.dll" id="5a7a3d27-c623-5ffc-feda-3c9f67a1513c">
      <Execution id="e86e63cf-e442-4f03-a343-292b0a5ce28a" />
      <TestMethod codeBase="C:\Users\Johan\source\repos\Virtual Company\tests\VirtualCompany.Web.Tests\bin\Release\net9.0\VirtualCompany.Web.Tests.dll" adapterTypeName="executor://xunit/VsTestRunner2/netcoreapp" className="VirtualCompany.Web.Tests.AccountingCloseWorkspaceSurfaceTests" name="English_swedish_narrow_accessibility_and_screenshot_first_assets_are_retained" />
    </UnitTest>
    <UnitTest name="VirtualCompany.Web.Tests.AccountingCloseWorkspaceSurfaceTests.Cockpit_exposes_current_evidence_dependencies_safe_actions_and_all_close_areas" storage="c:\users\johan\source\repos\virtual company\tests\virtualcompany.web.tests\bin\release\net9.0\virtualcompany.web.tests.dll" id="3a63f910-97ab-30b3-5b5a-84894f7817cd">
      <Execution id="59280c0e-f3a9-42de-a9bd-f31a1fa6f8ae" />
      <TestMethod codeBase="C:\Users\Johan\source\repos\Virtual Company\tests\VirtualCompany.Web.Tests\bin\Release\net9.0\VirtualCompany.Web.Tests.dll" adapterTypeName="executor://xunit/VsTestRunner2/netcoreapp" className="VirtualCompany.Web.Tests.AccountingCloseWorkspaceSurfaceTests" name="Cockpit_exposes_current_evidence_dependencies_safe_actions_and_all_close_areas" />
    </UnitTest>
  </TestDefinitions>
  <TestEntries>
    <TestEntry testId="ef7040a6-d851-eb5d-3150-99d6ca23a429" executionId="d49dc1ca-1926-405f-9922-107aad6d1454" testListId="8c84fa94-04c1-424b-9868-57a2d4851a1d" />
    <TestEntry testId="973448d0-45d0-e824-bc45-d91132d70a3b" executionId="c4a9d043-9e1d-4718-b33f-441dc0eddf3a" testListId="8c84fa94-04c1-424b-9868-57a2d4851a1d" />
    <TestEntry testId="a43d48c8-3129-56dc-62e0-48a8b2be641f" executionId="413c7b0d-0f10-49c9-8f41-49c848ade29c" testListId="8c84fa94-04c1-424b-9868-57a2d4851a1d" />
    <TestEntry testId="392dc028-0a40-66b5-327e-b0b57bfacaaa" executionId="c57781d5-e41c-48c3-9088-1055efc37cf3" testListId="8c84fa94-04c1-424b-9868-57a2d4851a1d" />
    <TestEntry testId="fc97d959-1b78-ead3-d3d8-c5de09dc08e0" executionId="bdb4e12b-4386-4646-b284-dc947a3df0c9" testListId="8c84fa94-04c1-424b-9868-57a2d4851a1d" />
    <TestEntry testId="5a7a3d27-c623-5ffc-feda-3c9f67a1513c" executionId="e86e63cf-e442-4f03-a343-292b0a5ce28a" testListId="8c84fa94-04c1-424b-9868-57a2d4851a1d" />
    <TestEntry testId="b4f9e9c3-351f-e8da-e632-429cf6988554" executionId="3727088c-18d9-459a-8b9b-48bbfeae1d61" testListId="8c84fa94-04c1-424b-9868-57a2d4851a1d" />
    <TestEntry testId="d0954b3c-0dac-bba4-658b-a51469c0f0df" executionId="1226650d-2bfe-409c-96ee-27d4ff8c4ae1" testListId="8c84fa94-04c1-424b-9868-57a2d4851a1d" />
    <TestEntry testId="3a63f910-97ab-30b3-5b5a-84894f7817cd" executionId="59280c0e-f3a9-42de-a9bd-f31a1fa6f8ae" testListId="8c84fa94-04c1-424b-9868-57a2d4851a1d" />
    <TestEntry testId="095eeec1-42ea-9eed-cf72-c5ad91e75ba2" executionId="b3551808-3d2f-46bd-8bc0-125d7fce6494" testListId="8c84fa94-04c1-424b-9868-57a2d4851a1d" />
    <TestEntry testId="ec595f0f-5dbe-9104-6ff4-50bfdc47d3fd" executionId="d4d18402-8d02-48d8-92c7-50275ea6ceb4" testListId="8c84fa94-04c1-424b-9868-57a2d4851a1d" />
  </TestEntries>
  <TestLists>
    <TestList name="Results Not in a List" id="8c84fa94-04c1-424b-9868-57a2d4851a1d" />
    <TestList name="All Loaded Results" id="19431567-8539-422a-85d7-44ee4e166bda" />
  </TestLists>
  <ResultSummary outcome="Completed">
    <Counters total="11" executed="11" passed="11" failed="0" error="0" timeout="0" aborted="0" inconclusive="0" passedButRunAborted="0" notRunnable="0" notExecuted="0" disconnected="0" warning="0" completed="0" inProgress="0" pending="0" />
    <Output>
      <StdOut>[xUnit.net 00:00:00.00] xUnit.net VSTest Adapter v2.8.2+699d445a1a (64-bit .NET 9.0.5)&#xD;
[xUnit.net 00:00:00.41]   Discovering: VirtualCompany.Web.Tests&#xD;
[xUnit.net 00:00:00.46]   Discovered:  VirtualCompany.Web.Tests&#xD;
[xUnit.net 00:00:00.46]   Starting:    VirtualCompany.Web.Tests&#xD;
[xUnit.net 00:00:00.61]   Finished:    VirtualCompany.Web.Tests&#xD;
</StdOut>
    </Output>
  </ResultSummary>
</TestRun>