<?xml version="1.0" encoding="utf-8"?>
<TestRun id="8f77a752-2d2e-497e-872a-af0ae250396e" name="Johan@DESKTOP-388F6FT 2026-09-09 19:34:20" runUser="DESKTOP-388F6FT\Johan" xmlns="http://microsoft.com/schemas/VisualStudio/TeamTest/2010">
  <Times creation="2026-09-09T19:34:20.5762656+02:00" queuing="2026-09-09T19:34:20.5762658+02:00" start="2026-09-09T19:34:19.8554719+02:00" finish="2026-09-09T19:34:20.6832083+02:00" />
  <TestSettings name="default" id="8aa2dc39-13bf-459a-97ec-ac6897065cf7">
    <Deployment runDeploymentRoot="Johan_DESKTOP-388F6FT_2026-09-09_19_34_20" />
  </TestSettings>
  <Results>
    <UnitTestResult executionId="35e2cbbe-1bd4-4e91-ade0-de8e8c19fd74" testId="ff6da7ad-42ba-ae57-05c8-75215cb2b2fb" testName="VirtualCompany.Web.Tests.SalesHumanRoomTests.Guest_client_sends_only_room_credential_and_reads_public_contract" computerName="DESKTOP-388F6FT" duration="00:00:00.0027803" startTime="2026-09-09T19:34:20.6451769+02:00" endTime="2026-09-09T19:34:20.6451770+02:00" testType="13cdc9d9-ddb5-4fa4-a97d-d965ccfc6d4b" outcome="Passed" testListId="8c84fa94-04c1-424b-9868-57a2d4851a1d" relativeResultsDirectory="35e2cbbe-1bd4-4e91-ade0-de8e8c19fd74" />
    <UnitTestResult executionId="e55c3e9b-d101-45fd-88f6-f9eecef37d7a" testId="27ea4605-b429-759b-0028-48976625c645" testName="VirtualCompany.Web.Tests.SalesBrowserMeetingSchedulingTests.Offline_and_empty_company_never_send_requests" computerName="DESKTOP-388F6FT" duration="00:00:00.0010529" startTime="2026-09-09T19:34:20.5986474+02:00" endTime="2026-09-09T19:34:20.5986475+02:00" testType="13cdc9d9-ddb5-4fa4-a97d-d965ccfc6d4b" outcome="Passed" testListId="8c84fa94-04c1-424b-9868-57a2d4851a1d" relativeResultsDirectory="e55c3e9b-d101-45fd-88f6-f9eecef37d7a" />
    <UnitTestResult executionId="afefd9d8-1b90-4ead-9625-5f38c042b9e7" testId="9e162ac2-bc2d-f480-6dbc-2cbcce314431" testName="VirtualCompany.Web.Tests.TeamsMeetingSurfaceTests.Teams_boundary_uses_sso_and_real_capability_checked_stage_share_without_persistence" computerName="DESKTOP-388F6FT" duration="00:00:00.0001776" startTime="2026-09-09T19:34:20.5619881+02:00" endTime="2026-09-09T19:34:20.5619881+02:00" testType="13cdc9d9-ddb5-4fa4-a97d-d965ccfc6d4b" outcome="Passed" testListId="8c84fa94-04c1-424b-9868-57a2d4851a1d" relativeResultsDirectory="afefd9d8-1b90-4ead-9625-5f38c042b9e7" />
    <UnitTestResult executionId="0f0b15e4-f799-406a-8ebe-c0c3b8edf249" testId="9a7021b5-11e3-37f4-c573-41438ccf1a61" testName="VirtualCompany.Web.Tests.SalesHumanRoomTests.Provider_body_is_never_shown_in_failure_message_and_tokens_are_redacted" computerName="DESKTOP-388F6FT" duration="00:00:00.0007958" startTime="2026-09-09T19:34:20.6459955+02:00" endTime="2026-09-09T19:34:20.6459956+02:00" testType="13cdc9d9-ddb5-4fa4-a97d-d965ccfc6d4b" outcome="Passed" testListId="8c84fa94-04c1-424b-9868-57a2d4851a1d" relativeResultsDirectory="0f0b15e4-f799-406a-8ebe-c0c3b8edf249" />
    <UnitTestResult executionId="465d2571-3c85-4159-81f2-2e323f612929" testId="f740acaf-3220-6095-86c1-5259dd3b443a" testName="VirtualCompany.Web.Tests.SalesBrowserMeetingSchedulingTests.Unavailable_browser_choice_keeps_the_calendar_route_selectable" computerName="DESKTOP-388F6FT" duration="00:00:00.0356254" startTime="2026-09-09T19:34:20.5874506+02:00" endTime="2026-09-09T19:34:20.5874509+02:00" testType="13cdc9d9-ddb5-4fa4-a97d-d965ccfc6d4b" outcome="Passed" testListId="8c84fa94-04c1-424b-9868-57a2d4851a1d" relativeResultsDirectory="465d2571-3c85-4159-81f2-2e323f612929" />
    <UnitTestResult executionId="7a98de4c-1c4c-48a3-bc39-93a976426d60" testId="b13f9332-3327-ba23-ec59-6291edf6b68e" testName="VirtualCompany.Web.Tests.SalesHumanRoomTests.Lobby_and_access_denial_do_not_connect_media" computerName="DESKTOP-388F6FT" duration="00:00:00.0020629" startTime="2026-09-09T19:34:20.6507065+02:00" endTime="2026-09-09T19:34:20.6507066+02:00" testType="13cdc9d9-ddb5-4fa4-a97d-d965ccfc6d4b" outcome="Passed" testListId="8c84fa94-04c1-424b-9868-57a2d4851a1d" relativeResultsDirectory="7a98de4c-1c4c-48a3-bc39-93a976426d60" />
    <UnitTestResult executionId="4a98b15e-2640-4708-8997-0dd1fa937b8f" testId="88c645f9-5053-3b7d-d6f6-c3b35f32504e" testName="VirtualCompany.Web.Tests.SalesBrowserMeetingSchedulingTests.Copy_link_uses_company_transport_and_redacts_diagnostics" computerName="DESKTOP-388F6FT" duration="00:00:00.0034660" startTime="2026-09-09T19:34:20.5975386+02:00" endTime="2026-09-09T19:34:20.5975386+02:00" testType="13cdc9d9-ddb5-4fa4-a97d-d965ccfc6d4b" outcome="Passed" testListId="8c84fa94-04c1-424b-9868-57a2d4851a1d" relativeResultsDirectory="4a98b15e-2640-4708-8997-0dd1fa937b8f" />
    <UnitTestResult executionId="58ceb15f-5553-46a0-95fd-2e0c2bd689c3" testId="c403d081-d841-e95e-e622-ec5d9814ac3f" testName="VirtualCompany.Web.Tests.TeamsCallControlApiClientTests.Sensitive_media_controls_use_company_scoped_server_routes(action: &quot;revoke&quot;, suffix: &quot;/consent/revoke&quot;)" computerName="DESKTOP-388F6FT" duration="00:00:00.0552615" startTime="2026-09-09T19:34:20.3939135+02:00" endTime="2026-09-09T19:34:20.3939227+02:00" testType="13cdc9d9-ddb5-4fa4-a97d-d965ccfc6d4b" outcome="Passed" testListId="8c84fa94-04c1-424b-9868-57a2d4851a1d" relativeResultsDirectory="58ceb15f-5553-46a0-95fd-2e0c2bd689c3" />
    <UnitTestResult executionId="279e0ce0-6f63-451e-8f32-8fe8b1af7687" testId="fa999413-1b4b-b6ac-2ac4-63d1501cc452" testName="VirtualCompany.Web.Tests.SalesHumanRoomTests.Guest_prejoin_has_no_internal_navigation_or_host_controls_and_never_requests_media" computerName="DESKTOP-388F6FT" duration="00:00:00.0025640" startTime="2026-09-09T19:34:20.6486049+02:00" endTime="2026-09-09T19:34:20.6486050+02:00" testType="13cdc9d9-ddb5-4fa4-a97d-d965ccfc6d4b" outcome="Passed" testListId="8c84fa94-04c1-424b-9868-57a2d4851a1d" relativeResultsDirectory="279e0ce0-6f63-451e-8f32-8fe8b1af7687" />
    <UnitTestResult executionId="dea7845f-8ff3-4b99-97e1-92580731ff3b" testId="f20813f6-f017-c2f4-21e4-f6260b1de40e" testName="VirtualCompany.Web.Tests.TeamsMeetingSurfaceTests.Platform_admin_surface_exposes_verified_rollout_evidence_and_safe_remediation" computerName="DESKTOP-388F6FT" duration="00:00:00.0002125" startTime="2026-09-09T19:34:20.5510759+02:00" endTime="2026-09-09T19:34:20.5510759+02:00" testType="13cdc9d9-ddb5-4fa4-a97d-d965ccfc6d4b" outcome="Passed" testListId="8c84fa94-04c1-424b-9868-57a2d4851a1d" relativeResultsDirectory="dea7845f-8ff3-4b99-97e1-92580731ff3b" />
    <UnitTestResult executionId="1e6bdbb1-d4e3-4b61-b60f-303ab5b36060" testId="b5c8f78f-7d4a-99c9-dc1f-60fb9f511af6" testName="VirtualCompany.Web.Tests.SalesHumanRoomTests.Denied_session_stops_media_and_clears_browser_credential" computerName="DESKTOP-388F6FT" duration="00:00:00.2036161" startTime="2026-09-09T19:34:20.6012248+02:00" endTime="2026-09-09T19:34:20.6012248+02:00" testType="13cdc9d9-ddb5-4fa4-a97d-d965ccfc6d4b" outcome="Passed" testListId="8c84fa94-04c1-424b-9868-57a2d4851a1d" relativeResultsDirectory="1e6bdbb1-d4e3-4b61-b60f-303ab5b36060" />
    <UnitTestResult executionId="2072c4fd-21ae-493a-8da2-412c61e674a3" testId="f78fe505-aaac-fbbb-931f-c71a189f8eaa" testName="VirtualCompany.Web.Tests.SalesBrowserMeetingSchedulingTests.Meeting_type_is_separate_from_calendar_and_explains_browser_consent" computerName="DESKTOP-388F6FT" duration="00:00:00.0065372" startTime="2026-09-09T19:34:20.5940406+02:00" endTime="2026-09-09T19:34:20.5940407+02:00" testType="13cdc9d9-ddb5-4fa4-a97d-d965ccfc6d4b" outcome="Passed" testListId="8c84fa94-04c1-424b-9868-57a2d4851a1d" relativeResultsDirectory="2072c4fd-21ae-493a-8da2-412c61e674a3" />
    <UnitTestResult executionId="23a0986b-4675-4038-8146-0e782627138c" testId="559f720e-590b-691a-b12b-bffc4772753d" testName="VirtualCompany.Web.Tests.TeamsMeetingSurfaceTests.Sales_navigation_uses_invitation_readiness_and_preserves_deep_link_compatibility" computerName="DESKTOP-388F6FT" duration="00:00:00.0003988" startTime="2026-09-09T19:34:20.5514986+02:00" endTime="2026-09-09T19:34:20.5514987+02:00" testType="13cdc9d9-ddb5-4fa4-a97d-d965ccfc6d4b" outcome="Passed" testListId="8c84fa94-04c1-424b-9868-57a2d4851a1d" relativeResultsDirectory="23a0986b-4675-4038-8146-0e782627138c" />
    <UnitTestResult executionId="4757668c-6588-45b6-99ca-c7aeae573aec" testId="4aa4b23d-30f6-eaac-5f72-63a4f5652b36" testName="VirtualCompany.Web.Tests.TeamsMeetingSurfaceTests.Private_panel_exposes_human_preemption_modes_failures_and_accessibility" computerName="DESKTOP-388F6FT" duration="00:00:00.0010229" startTime="2026-09-09T19:34:20.5505171+02:00" endTime="2026-09-09T19:34:20.5505172+02:00" testType="13cdc9d9-ddb5-4fa4-a97d-d965ccfc6d4b" outcome="Passed" testListId="8c84fa94-04c1-424b-9868-57a2d4851a1d" relativeResultsDirectory="4757668c-6588-45b6-99ca-c7aeae573aec" />
    <UnitTestResult executionId="3e59698b-e72d-4555-b03f-660a64a5525a" testId="edfb59db-1300-0732-a5ec-0e274f549cc5" testName="VirtualCompany.Web.Tests.SalesHumanRoomTests.Host_join_uses_authorized_token_and_renders_live_controls" computerName="DESKTOP-388F6FT" duration="00:00:00.0153006" startTime="2026-09-09T19:34:20.6414145+02:00" endTime="2026-09-09T19:34:20.6414146+02:00" testType="13cdc9d9-ddb5-4fa4-a97d-d965ccfc6d4b" outcome="Passed" testListId="8c84fa94-04c1-424b-9868-57a2d4851a1d" relativeResultsDirectory="3e59698b-e72d-4555-b03f-660a64a5525a" />
    <UnitTestResult executionId="cc976554-2edb-42f7-bc85-bd5b2437a2ca" testId="07dcae70-8f16-240a-65c5-0e57cc7e14ff" testName="VirtualCompany.Web.Tests.TeamsMeetingSurfaceTests.Shared_stage_is_stage_safe_exact_aspect_and_acknowledged_only_after_image_load" computerName="DESKTOP-388F6FT" duration="00:00:00.0002877" startTime="2026-09-09T19:34:20.5508393+02:00" endTime="2026-09-09T19:34:20.5508394+02:00" testType="13cdc9d9-ddb5-4fa4-a97d-d965ccfc6d4b" outcome="Passed" testListId="8c84fa94-04c1-424b-9868-57a2d4851a1d" relativeResultsDirectory="cc976554-2edb-42f7-bc85-bd5b2437a2ca" />
    <UnitTestResult executionId="20e781f4-bcc3-4b59-90fe-a582c68696d0" testId="92cf56cb-4b0d-d688-9c83-515e0c3f3c65" testName="VirtualCompany.Web.Tests.TeamsCallControlApiClientTests.Join_uses_company_scoped_typed_route" computerName="DESKTOP-388F6FT" duration="00:00:00.0017574" startTime="2026-09-09T19:34:20.3963618+02:00" endTime="2026-09-09T19:34:20.3963619+02:00" testType="13cdc9d9-ddb5-4fa4-a97d-d965ccfc6d4b" outcome="Passed" testListId="8c84fa94-04c1-424b-9868-57a2d4851a1d" relativeResultsDirectory="20e781f4-bcc3-4b59-90fe-a582c68696d0" />
    <UnitTestResult executionId="2f7432a2-b6cf-4e29-b4f9-abfae58b2f75" testId="9d79e583-afc9-e736-2895-33db75e26d76" testName="VirtualCompany.Web.Tests.TeamsCallControlApiClientTests.Sensitive_media_controls_use_company_scoped_server_routes(action: &quot;stop&quot;, suffix: &quot;/audio/stop&quot;)" computerName="DESKTOP-388F6FT" duration="00:00:00.0008583" startTime="2026-09-09T19:34:20.3953290+02:00" endTime="2026-09-09T19:34:20.3953290+02:00" testType="13cdc9d9-ddb5-4fa4-a97d-d965ccfc6d4b" outcome="Passed" testListId="8c84fa94-04c1-424b-9868-57a2d4851a1d" relativeResultsDirectory="2f7432a2-b6cf-4e29-b4f9-abfae58b2f75" />
    <UnitTestResult executionId="921f95d4-eff6-4fba-98ff-151ab241a45d" testId="1729fac3-8ee1-377d-1656-fc09912f4de1" testName="VirtualCompany.Web.Tests.SalesHumanRoomTests.Host_sees_private_lobby_and_versioned_admission_control" computerName="DESKTOP-388F6FT" duration="00:00:00.0247737" startTime="2026-09-09T19:34:20.6260660+02:00" endTime="2026-09-09T19:34:20.6260661+02:00" testType="13cdc9d9-ddb5-4fa4-a97d-d965ccfc6d4b" outcome="Passed" testListId="8c84fa94-04c1-424b-9868-57a2d4851a1d" relativeResultsDirectory="921f95d4-eff6-4fba-98ff-151ab241a45d" />
    <UnitTestResult executionId="cef17c16-6c78-4e1b-944d-601e2e808854" testId="972bb23e-7c23-1218-9bf6-0a1f893f73ab" testName="VirtualCompany.Web.Tests.TeamsCallControlApiClientTests.Sensitive_media_controls_use_company_scoped_server_routes(action: &quot;start&quot;, suffix: &quot;/audio/start&quot;)" computerName="DESKTOP-388F6FT" duration="00:00:00.0001445" startTime="2026-09-09T19:34:20.3954725+02:00" endTime="2026-09-09T19:34:20.3954725+02:00" testType="13cdc9d9-ddb5-4fa4-a97d-d965ccfc6d4b" outcome="Passed" testListId="8c84fa94-04c1-424b-9868-57a2d4851a1d" relativeResultsDirectory="cef17c16-6c78-4e1b-944d-601e2e808854" />
    <UnitTestResult executionId="8ea67116-0be1-47a2-8bc4-7ef80ad56993" testId="fe4825d0-4f95-fc1b-be85-808d67c9c246" testName="VirtualCompany.Web.Tests.SalesHumanRoomTests.Host_client_reads_actual_API_contract_and_keeps_company_scope" computerName="DESKTOP-388F6FT" duration="00:00:00.0009175" startTime="2026-09-09T19:34:20.6423660+02:00" endTime="2026-09-09T19:34:20.6423661+02:00" testType="13cdc9d9-ddb5-4fa4-a97d-d965ccfc6d4b" outcome="Passed" testListId="8c84fa94-04c1-424b-9868-57a2d4851a1d" relativeResultsDirectory="8ea67116-0be1-47a2-8bc4-7ef80ad56993" />
  </Results>
  <TestDefinitions>
    <UnitTest name="VirtualCompany.Web.Tests.SalesHumanRoomTests.Host_join_uses_authorized_token_and_renders_live_controls" storage="c:\users\johan\source\repos\virtual company\tests\virtualcompany.web.tests\bin\debug\net9.0\virtualcompany.web.tests.dll" id="edfb59db-1300-0732-a5ec-0e274f549cc5">
      <Execution id="3e59698b-e72d-4555-b03f-660a64a5525a" />
      <TestMethod codeBase="C:\Users\Johan\source\repos\Virtual Company\tests\VirtualCompany.Web.Tests\bin\Debug\net9.0\VirtualCompany.Web.Tests.dll" adapterTypeName="executor://xunit/VsTestRunner2/netcoreapp" className="VirtualCompany.Web.Tests.SalesHumanRoomTests" name="Host_join_uses_authorized_token_and_renders_live_controls" />
    </UnitTest>
    <UnitTest name="VirtualCompany.Web.Tests.SalesBrowserMeetingSchedulingTests.Unavailable_browser_choice_keeps_the_calendar_route_selectable" storage="c:\users\johan\source\repos\virtual company\tests\virtualcompany.web.tests\bin\debug\net9.0\virtualcompany.web.tests.dll" id="f740acaf-3220-6095-86c1-5259dd3b443a">
      <Execution id="465d2571-3c85-4159-81f2-2e323f612929" />
      <TestMethod codeBase="C:\Users\Johan\source\repos\Virtual Company\tests\VirtualCompany.Web.Tests\bin\Debug\net9.0\VirtualCompany.Web.Tests.dll" adapterTypeName="executor://xunit/VsTestRunner2/netcoreapp" className="VirtualCompany.Web.Tests.SalesBrowserMeetingSchedulingTests" name="Unavailable_browser_choice_keeps_the_calendar_route_selectable" />
    </UnitTest>
    <UnitTest name="VirtualCompany.Web.Tests.TeamsMeetingSurfaceTests.Teams_boundary_uses_sso_and_real_capability_checked_stage_share_without_persistence" storage="c:\users\johan\source\repos\virtual company\tests\virtualcompany.web.tests\bin\debug\net9.0\virtualcompany.web.tests.dll" id="9e162ac2-bc2d-f480-6dbc-2cbcce314431">
      <Execution id="afefd9d8-1b90-4ead-9625-5f38c042b9e7" />
      <TestMethod codeBase="C:\Users\Johan\source\repos\Virtual Company\tests\VirtualCompany.Web.Tests\bin\Debug\net9.0\VirtualCompany.Web.Tests.dll" adapterTypeName="executor://xunit/VsTestRunner2/netcoreapp" className="VirtualCompany.Web.Tests.TeamsMeetingSurfaceTests" name="Teams_boundary_uses_sso_and_real_capability_checked_stage_share_without_persistence" />
    </UnitTest>
    <UnitTest name="VirtualCompany.Web.Tests.TeamsCallControlApiClientTests.Sensitive_media_controls_use_company_scoped_server_routes(action: &quot;start&quot;, suffix: &quot;/audio/start&quot;)" storage="c:\users\johan\source\repos\virtual company\tests\virtualcompany.web.tests\bin\debug\net9.0\virtualcompany.web.tests.dll" id="972bb23e-7c23-1218-9bf6-0a1f893f73ab">
      <Execution id="cef17c16-6c78-4e1b-944d-601e2e808854" />
      <TestMethod codeBase="C:\Users\Johan\source\repos\Virtual Company\tests\VirtualCompany.Web.Tests\bin\Debug\net9.0\VirtualCompany.Web.Tests.dll" adapterTypeName="executor://xunit/VsTestRunner2/netcoreapp" className="VirtualCompany.Web.Tests.TeamsCallControlApiClientTests" name="Sensitive_media_controls_use_company_scoped_server_routes" />
    </UnitTest>
    <UnitTest name="VirtualCompany.Web.Tests.SalesHumanRoomTests.Host_sees_private_lobby_and_versioned_admission_control" storage="c:\users\johan\source\repos\virtual company\tests\virtualcompany.web.tests\bin\debug\net9.0\virtualcompany.web.tests.dll" id="1729fac3-8ee1-377d-1656-fc09912f4de1">
      <Execution id="921f95d4-eff6-4fba-98ff-151ab241a45d" />
      <TestMethod codeBase="C:\Users\Johan\source\repos\Virtual Company\tests\VirtualCompany.Web.Tests\bin\Debug\net9.0\VirtualCompany.Web.Tests.dll" adapterTypeName="executor://xunit/VsTestRunner2/netcoreapp" className="VirtualCompany.Web.Tests.SalesHumanRoomTests" name="Host_sees_private_lobby_and_versioned_admission_control" />
    </UnitTest>
    <UnitTest name="VirtualCompany.Web.Tests.TeamsMeetingSurfaceTests.Shared_stage_is_stage_safe_exact_aspect_and_acknowledged_only_after_image_load" storage="c:\users\johan\source\repos\virtual company\tests\virtualcompany.web.tests\bin\debug\net9.0\virtualcompany.web.tests.dll" id="07dcae70-8f16-240a-65c5-0e57cc7e14ff">
      <Execution id="cc976554-2edb-42f7-bc85-bd5b2437a2ca" />
      <TestMethod codeBase="C:\Users\Johan\source\repos\Virtual Company\tests\VirtualCompany.Web.Tests\bin\Debug\net9.0\VirtualCompany.Web.Tests.dll" adapterTypeName="executor://xunit/VsTestRunner2/netcoreapp" className="VirtualCompany.Web.Tests.TeamsMeetingSurfaceTests" name="Shared_stage_is_stage_safe_exact_aspect_and_acknowledged_only_after_image_load" />
    </UnitTest>
    <UnitTest name="VirtualCompany.Web.Tests.SalesHumanRoomTests.Guest_prejoin_has_no_internal_navigation_or_host_controls_and_never_requests_media" storage="c:\users\johan\source\repos\virtual company\tests\virtualcompany.web.tests\bin\debug\net9.0\virtualcompany.web.tests.dll" id="fa999413-1b4b-b6ac-2ac4-63d1501cc452">
      <Execution id="279e0ce0-6f63-451e-8f32-8fe8b1af7687" />
      <TestMethod codeBase="C:\Users\Johan\source\repos\Virtual Company\tests\VirtualCompany.Web.Tests\bin\Debug\net9.0\VirtualCompany.Web.Tests.dll" adapterTypeName="executor://xunit/VsTestRunner2/netcoreapp" className="VirtualCompany.Web.Tests.SalesHumanRoomTests" name="Guest_prejoin_has_no_internal_navigation_or_host_controls_and_never_requests_media" />
    </UnitTest>
    <UnitTest name="VirtualCompany.Web.Tests.SalesHumanRoomTests.Guest_client_sends_only_room_credential_and_reads_public_contract" storage="c:\users\johan\source\repos\virtual company\tests\virtualcompany.web.tests\bin\debug\net9.0\virtualcompany.web.tests.dll" id="ff6da7ad-42ba-ae57-05c8-75215cb2b2fb">
      <Execution id="35e2cbbe-1bd4-4e91-ade0-de8e8c19fd74" />
      <TestMethod codeBase="C:\Users\Johan\source\repos\Virtual Company\tests\VirtualCompany.Web.Tests\bin\Debug\net9.0\VirtualCompany.Web.Tests.dll" adapterTypeName="executor://xunit/VsTestRunner2/netcoreapp" className="VirtualCompany.Web.Tests.SalesHumanRoomTests" name="Guest_client_sends_only_room_credential_and_reads_public_contract" />
    </UnitTest>
    <UnitTest name="VirtualCompany.Web.Tests.SalesBrowserMeetingSchedulingTests.Meeting_type_is_separate_from_calendar_and_explains_browser_consent" storage="c:\users\johan\source\repos\virtual company\tests\virtualcompany.web.tests\bin\debug\net9.0\virtualcompany.web.tests.dll" id="f78fe505-aaac-fbbb-931f-c71a189f8eaa">
      <Execution id="2072c4fd-21ae-493a-8da2-412c61e674a3" />
      <TestMethod codeBase="C:\Users\Johan\source\repos\Virtual Company\tests\VirtualCompany.Web.Tests\bin\Debug\net9.0\VirtualCompany.Web.Tests.dll" adapterTypeName="executor://xunit/VsTestRunner2/netcoreapp" className="VirtualCompany.Web.Tests.SalesBrowserMeetingSchedulingTests" name="Meeting_type_is_separate_from_calendar_and_explains_browser_consent" />
    </UnitTest>
    <UnitTest name="VirtualCompany.Web.Tests.SalesHumanRoomTests.Lobby_and_access_denial_do_not_connect_media" storage="c:\users\johan\source\repos\virtual company\tests\virtualcompany.web.tests\bin\debug\net9.0\virtualcompany.web.tests.dll" id="b13f9332-3327-ba23-ec59-6291edf6b68e">
      <Execution id="7a98de4c-1c4c-48a3-bc39-93a976426d60" />
      <TestMethod codeBase="C:\Users\Johan\source\repos\Virtual Company\tests\VirtualCompany.Web.Tests\bin\Debug\net9.0\VirtualCompany.Web.Tests.dll" adapterTypeName="executor://xunit/VsTestRunner2/netcoreapp" className="VirtualCompany.Web.Tests.SalesHumanRoomTests" name="Lobby_and_access_denial_do_not_connect_media" />
    </UnitTest>
    <UnitTest name="VirtualCompany.Web.Tests.SalesHumanRoomTests.Provider_body_is_never_shown_in_failure_message_and_tokens_are_redacted" storage="c:\users\johan\source\repos\virtual company\tests\virtualcompany.web.tests\bin\debug\net9.0\virtualcompany.web.tests.dll" id="9a7021b5-11e3-37f4-c573-41438ccf1a61">
      <Execution id="0f0b15e4-f799-406a-8ebe-c0c3b8edf249" />
      <TestMethod codeBase="C:\Users\Johan\source\repos\Virtual Company\tests\VirtualCompany.Web.Tests\bin\Debug\net9.0\VirtualCompany.Web.Tests.dll" adapterTypeName="executor://xunit/VsTestRunner2/netcoreapp" className="VirtualCompany.Web.Tests.SalesHumanRoomTests" name="Provider_body_is_never_shown_in_failure_message_and_tokens_are_redacted" />
    </UnitTest>
    <UnitTest name="VirtualCompany.Web.Tests.TeamsCallControlApiClientTests.Sensitive_media_controls_use_company_scoped_server_routes(action: &quot;revoke&quot;, suffix: &quot;/consent/revoke&quot;)" storage="c:\users\johan\source\repos\virtual company\tests\virtualcompany.web.tests\bin\debug\net9.0\virtualcompany.web.tests.dll" id="c403d081-d841-e95e-e622-ec5d9814ac3f">
      <Execution id="58ceb15f-5553-46a0-95fd-2e0c2bd689c3" />
      <TestMethod codeBase="C:\Users\Johan\source\repos\Virtual Company\tests\VirtualCompany.Web.Tests\bin\Debug\net9.0\VirtualCompany.Web.Tests.dll" adapterTypeName="executor://xunit/VsTestRunner2/netcoreapp" className="VirtualCompany.Web.Tests.TeamsCallControlApiClientTests" name="Sensitive_media_controls_use_company_scoped_server_routes" />
    </UnitTest>
    <UnitTest name="VirtualCompany.Web.Tests.SalesHumanRoomTests.Denied_session_stops_media_and_clears_browser_credential" storage="c:\users\johan\source\repos\virtual company\tests\virtualcompany.web.tests\bin\debug\net9.0\virtualcompany.web.tests.dll" id="b5c8f78f-7d4a-99c9-dc1f-60fb9f511af6">
      <Execution id="1e6bdbb1-d4e3-4b61-b60f-303ab5b36060" />
      <TestMethod codeBase="C:\Users\Johan\source\repos\Virtual Company\tests\VirtualCompany.Web.Tests\bin\Debug\net9.0\VirtualCompany.Web.Tests.dll" adapterTypeName="executor://xunit/VsTestRunner2/netcoreapp" className="VirtualCompany.Web.Tests.SalesHumanRoomTests" name="Denied_session_stops_media_and_clears_browser_credential" />
    </UnitTest>
    <UnitTest name="VirtualCompany.Web.Tests.SalesHumanRoomTests.Host_client_reads_actual_API_contract_and_keeps_company_scope" storage="c:\users\johan\source\repos\virtual company\tests\virtualcompany.web.tests\bin\debug\net9.0\virtualcompany.web.tests.dll" id="fe4825d0-4f95-fc1b-be85-808d67c9c246">
      <Execution id="8ea67116-0be1-47a2-8bc4-7ef80ad56993" />
      <TestMethod codeBase="C:\Users\Johan\source\repos\Virtual Company\tests\VirtualCompany.Web.Tests\bin\Debug\net9.0\VirtualCompany.Web.Tests.dll" adapterTypeName="executor://xunit/VsTestRunner2/netcoreapp" className="VirtualCompany.Web.Tests.SalesHumanRoomTests" name="Host_client_reads_actual_API_contract_and_keeps_company_scope" />
    </UnitTest>
    <UnitTest name="VirtualCompany.Web.Tests.TeamsMeetingSurfaceTests.Private_panel_exposes_human_preemption_modes_failures_and_accessibility" storage="c:\users\johan\source\repos\virtual company\tests\virtualcompany.web.tests\bin\debug\net9.0\virtualcompany.web.tests.dll" id="4aa4b23d-30f6-eaac-5f72-63a4f5652b36">
      <Execution id="4757668c-6588-45b6-99ca-c7aeae573aec" />
      <TestMethod codeBase="C:\Users\Johan\source\repos\Virtual Company\tests\VirtualCompany.Web.Tests\bin\Debug\net9.0\VirtualCompany.Web.Tests.dll" adapterTypeName="executor://xunit/VsTestRunner2/netcoreapp" className="VirtualCompany.Web.Tests.TeamsMeetingSurfaceTests" name="Private_panel_exposes_human_preemption_modes_failures_and_accessibility" />
    </UnitTest>
    <UnitTest name="VirtualCompany.Web.Tests.TeamsMeetingSurfaceTests.Platform_admin_surface_exposes_verified_rollout_evidence_and_safe_remediation" storage="c:\users\johan\source\repos\virtual company\tests\virtualcompany.web.tests\bin\debug\net9.0\virtualcompany.web.tests.dll" id="f20813f6-f017-c2f4-21e4-f6260b1de40e">
      <Execution id="dea7845f-8ff3-4b99-97e1-92580731ff3b" />
      <TestMethod codeBase="C:\Users\Johan\source\repos\Virtual Company\tests\VirtualCompany.Web.Tests\bin\Debug\net9.0\VirtualCompany.Web.Tests.dll" adapterTypeName="executor://xunit/VsTestRunner2/netcoreapp" className="VirtualCompany.Web.Tests.TeamsMeetingSurfaceTests" name="Platform_admin_surface_exposes_verified_rollout_evidence_and_safe_remediation" />
    </UnitTest>
    <UnitTest name="VirtualCompany.Web.Tests.SalesBrowserMeetingSchedulingTests.Copy_link_uses_company_transport_and_redacts_diagnostics" storage="c:\users\johan\source\repos\virtual company\tests\virtualcompany.web.tests\bin\debug\net9.0\virtualcompany.web.tests.dll" id="88c645f9-5053-3b7d-d6f6-c3b35f32504e">
      <Execution id="4a98b15e-2640-4708-8997-0dd1fa937b8f" />
      <TestMethod codeBase="C:\Users\Johan\source\repos\Virtual Company\tests\VirtualCompany.Web.Tests\bin\Debug\net9.0\VirtualCompany.Web.Tests.dll" adapterTypeName="executor://xunit/VsTestRunner2/netcoreapp" className="VirtualCompany.Web.Tests.SalesBrowserMeetingSchedulingTests" name="Copy_link_uses_company_transport_and_redacts_diagnostics" />
    </UnitTest>
    <UnitTest name="VirtualCompany.Web.Tests.TeamsCallControlApiClientTests.Join_uses_company_scoped_typed_route" storage="c:\users\johan\source\repos\virtual company\tests\virtualcompany.web.tests\bin\debug\net9.0\virtualcompany.web.tests.dll" id="92cf56cb-4b0d-d688-9c83-515e0c3f3c65">
      <Execution id="20e781f4-bcc3-4b59-90fe-a582c68696d0" />
      <TestMethod codeBase="C:\Users\Johan\source\repos\Virtual Company\tests\VirtualCompany.Web.Tests\bin\Debug\net9.0\VirtualCompany.Web.Tests.dll" adapterTypeName="executor://xunit/VsTestRunner2/netcoreapp" className="VirtualCompany.Web.Tests.TeamsCallControlApiClientTests" name="Join_uses_company_scoped_typed_route" />
    </UnitTest>
    <UnitTest name="VirtualCompany.Web.Tests.TeamsMeetingSurfaceTests.Sales_navigation_uses_invitation_readiness_and_preserves_deep_link_compatibility" storage="c:\users\johan\source\repos\virtual company\tests\virtualcompany.web.tests\bin\debug\net9.0\virtualcompany.web.tests.dll" id="559f720e-590b-691a-b12b-bffc4772753d">
      <Execution id="23a0986b-4675-4038-8146-0e782627138c" />
      <TestMethod codeBase="C:\Users\Johan\source\repos\Virtual Company\tests\VirtualCompany.Web.Tests\bin\Debug\net9.0\VirtualCompany.Web.Tests.dll" adapterTypeName="executor://xunit/VsTestRunner2/netcoreapp" className="VirtualCompany.Web.Tests.TeamsMeetingSurfaceTests" name="Sales_navigation_uses_invitation_readiness_and_preserves_deep_link_compatibility" />
    </UnitTest>
    <UnitTest name="VirtualCompany.Web.Tests.TeamsCallControlApiClientTests.Sensitive_media_controls_use_company_scoped_server_routes(action: &quot;stop&quot;, suffix: &quot;/audio/stop&quot;)" storage="c:\users\johan\source\repos\virtual company\tests\virtualcompany.web.tests\bin\debug\net9.0\virtualcompany.web.tests.dll" id="9d79e583-afc9-e736-2895-33db75e26d76">
      <Execution id="2f7432a2-b6cf-4e29-b4f9-abfae58b2f75" />
      <TestMethod codeBase="C:\Users\Johan\source\repos\Virtual Company\tests\VirtualCompany.Web.Tests\bin\Debug\net9.0\VirtualCompany.Web.Tests.dll" adapterTypeName="executor://xunit/VsTestRunner2/netcoreapp" className="VirtualCompany.Web.Tests.TeamsCallControlApiClientTests" name="Sensitive_media_controls_use_company_scoped_server_routes" />
    </UnitTest>
    <UnitTest name="VirtualCompany.Web.Tests.SalesBrowserMeetingSchedulingTests.Offline_and_empty_company_never_send_requests" storage="c:\users\johan\source\repos\virtual company\tests\virtualcompany.web.tests\bin\debug\net9.0\virtualcompany.web.tests.dll" id="27ea4605-b429-759b-0028-48976625c645">
      <Execution id="e55c3e9b-d101-45fd-88f6-f9eecef37d7a" />
      <TestMethod codeBase="C:\Users\Johan\source\repos\Virtual Company\tests\VirtualCompany.Web.Tests\bin\Debug\net9.0\VirtualCompany.Web.Tests.dll" adapterTypeName="executor://xunit/VsTestRunner2/netcoreapp" className="VirtualCompany.Web.Tests.SalesBrowserMeetingSchedulingTests" name="Offline_and_empty_company_never_send_requests" />
    </UnitTest>
  </TestDefinitions>
  <TestEntries>
    <TestEntry testId="ff6da7ad-42ba-ae57-05c8-75215cb2b2fb" executionId="35e2cbbe-1bd4-4e91-ade0-de8e8c19fd74" testListId="8c84fa94-04c1-424b-9868-57a2d4851a1d" />
    <TestEntry testId="27ea4605-b429-759b-0028-48976625c645" executionId="e55c3e9b-d101-45fd-88f6-f9eecef37d7a" testListId="8c84fa94-04c1-424b-9868-57a2d4851a1d" />
    <TestEntry testId="9e162ac2-bc2d-f480-6dbc-2cbcce314431" executionId="afefd9d8-1b90-4ead-9625-5f38c042b9e7" testListId="8c84fa94-04c1-424b-9868-57a2d4851a1d" />
    <TestEntry testId="9a7021b5-11e3-37f4-c573-41438ccf1a61" executionId="0f0b15e4-f799-406a-8ebe-c0c3b8edf249" testListId="8c84fa94-04c1-424b-9868-57a2d4851a1d" />
    <TestEntry testId="f740acaf-3220-6095-86c1-5259dd3b443a" executionId="465d2571-3c85-4159-81f2-2e323f612929" testListId="8c84fa94-04c1-424b-9868-57a2d4851a1d" />
    <TestEntry testId="b13f9332-3327-ba23-ec59-6291edf6b68e" executionId="7a98de4c-1c4c-48a3-bc39-93a976426d60" testListId="8c84fa94-04c1-424b-9868-57a2d4851a1d" />
    <TestEntry testId="88c645f9-5053-3b7d-d6f6-c3b35f32504e" executionId="4a98b15e-2640-4708-8997-0dd1fa937b8f" testListId="8c84fa94-04c1-424b-9868-57a2d4851a1d" />
    <TestEntry testId="c403d081-d841-e95e-e622-ec5d9814ac3f" executionId="58ceb15f-5553-46a0-95fd-2e0c2bd689c3" testListId="8c84fa94-04c1-424b-9868-57a2d4851a1d" />
    <TestEntry testId="fa999413-1b4b-b6ac-2ac4-63d1501cc452" executionId="279e0ce0-6f63-451e-8f32-8fe8b1af7687" testListId="8c84fa94-04c1-424b-9868-57a2d4851a1d" />
    <TestEntry testId="f20813f6-f017-c2f4-21e4-f6260b1de40e" executionId="dea7845f-8ff3-4b99-97e1-92580731ff3b" testListId="8c84fa94-04c1-424b-9868-57a2d4851a1d" />
    <TestEntry testId="b5c8f78f-7d4a-99c9-dc1f-60fb9f511af6" executionId="1e6bdbb1-d4e3-4b61-b60f-303ab5b36060" testListId="8c84fa94-04c1-424b-9868-57a2d4851a1d" />
    <TestEntry testId="f78fe505-aaac-fbbb-931f-c71a189f8eaa" executionId="2072c4fd-21ae-493a-8da2-412c61e674a3" testListId="8c84fa94-04c1-424b-9868-57a2d4851a1d" />
    <TestEntry testId="559f720e-590b-691a-b12b-bffc4772753d" executionId="23a0986b-4675-4038-8146-0e782627138c" testListId="8c84fa94-04c1-424b-9868-57a2d4851a1d" />
    <TestEntry testId="4aa4b23d-30f6-eaac-5f72-63a4f5652b36" executionId="4757668c-6588-45b6-99ca-c7aeae573aec" testListId="8c84fa94-04c1-424b-9868-57a2d4851a1d" />
    <TestEntry testId="edfb59db-1300-0732-a5ec-0e274f549cc5" executionId="3e59698b-e72d-4555-b03f-660a64a5525a" testListId="8c84fa94-04c1-424b-9868-57a2d4851a1d" />
    <TestEntry testId="07dcae70-8f16-240a-65c5-0e57cc7e14ff" executionId="cc976554-2edb-42f7-bc85-bd5b2437a2ca" testListId="8c84fa94-04c1-424b-9868-57a2d4851a1d" />
    <TestEntry testId="92cf56cb-4b0d-d688-9c83-515e0c3f3c65" executionId="20e781f4-bcc3-4b59-90fe-a582c68696d0" testListId="8c84fa94-04c1-424b-9868-57a2d4851a1d" />
    <TestEntry testId="9d79e583-afc9-e736-2895-33db75e26d76" executionId="2f7432a2-b6cf-4e29-b4f9-abfae58b2f75" testListId="8c84fa94-04c1-424b-9868-57a2d4851a1d" />
    <TestEntry testId="1729fac3-8ee1-377d-1656-fc09912f4de1" executionId="921f95d4-eff6-4fba-98ff-151ab241a45d" testListId="8c84fa94-04c1-424b-9868-57a2d4851a1d" />
    <TestEntry testId="972bb23e-7c23-1218-9bf6-0a1f893f73ab" executionId="cef17c16-6c78-4e1b-944d-601e2e808854" testListId="8c84fa94-04c1-424b-9868-57a2d4851a1d" />
    <TestEntry testId="fe4825d0-4f95-fc1b-be85-808d67c9c246" executionId="8ea67116-0be1-47a2-8bc4-7ef80ad56993" testListId="8c84fa94-04c1-424b-9868-57a2d4851a1d" />
  </TestEntries>
  <TestLists>
    <TestList name="Results Not in a List" id="8c84fa94-04c1-424b-9868-57a2d4851a1d" />
    <TestList name="All Loaded Results" id="19431567-8539-422a-85d7-44ee4e166bda" />
  </TestLists>
  <ResultSummary outcome="Completed">
    <Counters total="21" executed="21" passed="21" failed="0" error="0" timeout="0" aborted="0" inconclusive="0" passedButRunAborted="0" notRunnable="0" notExecuted="0" disconnected="0" warning="0" completed="0" inProgress="0" pending="0" />
    <Output>
      <StdOut>[xUnit.net 00:00:00.00] xUnit.net VSTest Adapter v2.8.2+699d445a1a (64-bit .NET 9.0.19)&#xD;
[xUnit.net 00:00:00.13]   Discovering: VirtualCompany.Web.Tests&#xD;
[xUnit.net 00:00:00.19]   Discovered:  VirtualCompany.Web.Tests&#xD;
[xUnit.net 00:00:00.19]   Starting:    VirtualCompany.Web.Tests&#xD;
[xUnit.net 00:00:00.52]   Finished:    VirtualCompany.Web.Tests&#xD;
</StdOut>
    </Output>
  </ResultSummary>
</TestRun>